{"/Users/erz/test/pngjs-image/index.js":{"path":"/Users/erz/test/pngjs-image/index.js","s":{"1":1,"2":1,"3":91,"4":0,"5":91,"6":1,"7":1,"8":1,"9":8,"10":7,"11":1,"12":1,"13":2,"14":2,"15":1,"16":1,"17":1,"18":1,"19":1,"20":1,"21":1,"22":1,"23":1,"24":1,"25":0,"26":0,"27":1,"28":1,"29":1,"30":1,"31":1,"32":0,"33":1,"34":1,"35":1,"36":1,"37":1,"38":1,"39":14,"40":29,"41":54,"42":22,"43":5,"44":5,"45":5,"46":5,"47":0,"48":5,"49":5,"50":5,"51":3,"52":3,"53":6,"54":14,"55":14,"56":11,"57":11,"58":7,"59":4,"60":1,"61":11,"62":11,"63":14,"64":11,"65":3,"66":2,"67":11,"68":11,"69":11,"70":13,"71":13,"72":0,"73":13,"74":13,"75":13,"76":11,"77":10,"78":11,"79":32,"80":1,"81":1,"82":1,"83":1,"84":0,"85":0,"86":1,"87":1,"88":1,"89":1,"90":1,"91":0,"92":0,"93":1,"94":1,"95":1,"96":1,"97":6,"98":1},"b":{"1":[7,1],"2":[1,0],"3":[1,0],"4":[0,5],"5":[5,5],"6":[7,4],"7":[1,3],"8":[4,1],"9":[11,3],"10":[2,1],"11":[0,13],"12":[13,0],"13":[10,1],"14":[1,0],"15":[1,0]},"f":{"1":91,"2":0,"3":8,"4":2,"5":1,"6":1,"7":0,"8":1,"9":0,"10":1,"11":0,"12":0,"13":1,"14":0,"15":14,"16":29,"17":54,"18":22,"19":5,"20":3,"21":11,"22":14,"23":13,"24":32,"25":1,"26":0,"27":1,"28":0,"29":1,"30":0,"31":1,"32":0,"33":6},"fnMap":{"1":{"name":"PNGImage","line":22,"loc":{"start":{"line":22,"column":0},"end":{"line":22,"column":25}}},"2":{"name":"(anonymous_2)","line":23,"loc":{"start":{"line":23,"column":22},"end":{"line":23,"column":37}}},"3":{"name":"(anonymous_3)","line":55,"loc":{"start":{"line":55,"column":21},"end":{"line":55,"column":40}}},"4":{"name":"(anonymous_4)","line":73,"loc":{"start":{"line":73,"column":23},"end":{"line":73,"column":48}}},"5":{"name":"(anonymous_5)","line":89,"loc":{"start":{"line":89,"column":21},"end":{"line":89,"column":38}}},"6":{"name":"(anonymous_6)","line":104,"loc":{"start":{"line":104,"column":21},"end":{"line":104,"column":45}}},"7":{"name":"(anonymous_7)","line":108,"loc":{"start":{"line":108,"column":15},"end":{"line":108,"column":27}}},"8":{"name":"(anonymous_8)","line":110,"loc":{"start":{"line":110,"column":61},"end":{"line":110,"column":73}}},"9":{"name":"(anonymous_9)","line":113,"loc":{"start":{"line":113,"column":21},"end":{"line":113,"column":36}}},"10":{"name":"(anonymous_10)","line":130,"loc":{"start":{"line":130,"column":21},"end":{"line":130,"column":41}}},"11":{"name":"(anonymous_11)","line":134,"loc":{"start":{"line":134,"column":15},"end":{"line":134,"column":27}}},"12":{"name":"(anonymous_12)","line":136,"loc":{"start":{"line":136,"column":24},"end":{"line":136,"column":39}}},"13":{"name":"(anonymous_13)","line":139,"loc":{"start":{"line":139,"column":22},"end":{"line":139,"column":34}}},"14":{"name":"(anonymous_14)","line":154,"loc":{"start":{"line":154,"column":15},"end":{"line":154,"column":31}}},"15":{"name":"(anonymous_15)","line":166,"loc":{"start":{"line":166,"column":14},"end":{"line":166,"column":26}}},"16":{"name":"(anonymous_16)","line":176,"loc":{"start":{"line":176,"column":13},"end":{"line":176,"column":25}}},"17":{"name":"(anonymous_17)","line":187,"loc":{"start":{"line":187,"column":14},"end":{"line":187,"column":26}}},"18":{"name":"(anonymous_18)","line":197,"loc":{"start":{"line":197,"column":15},"end":{"line":197,"column":27}}},"19":{"name":"(anonymous_19)","line":211,"loc":{"start":{"line":211,"column":10},"end":{"line":211,"column":41}}},"20":{"name":"(anonymous_20)","line":246,"loc":{"start":{"line":246,"column":14},"end":{"line":246,"column":52}}},"21":{"name":"(anonymous_21)","line":268,"loc":{"start":{"line":268,"column":18},"end":{"line":268,"column":51}}},"22":{"name":"(anonymous_22)","line":282,"loc":{"start":{"line":282,"column":24},"end":{"line":282,"column":42}}},"23":{"name":"(anonymous_23)","line":295,"loc":{"start":{"line":295,"column":24},"end":{"line":295,"column":42}}},"24":{"name":"(anonymous_24)","line":327,"loc":{"start":{"line":327,"column":14},"end":{"line":327,"column":30}}},"25":{"name":"(anonymous_25)","line":339,"loc":{"start":{"line":339,"column":16},"end":{"line":339,"column":40}}},"26":{"name":"(anonymous_26)","line":341,"loc":{"start":{"line":341,"column":19},"end":{"line":341,"column":31}}},"27":{"name":"(anonymous_27)","line":343,"loc":{"start":{"line":343,"column":78},"end":{"line":343,"column":90}}},"28":{"name":"(anonymous_28)","line":346,"loc":{"start":{"line":346,"column":36},"end":{"line":346,"column":51}}},"29":{"name":"(anonymous_29)","line":358,"loc":{"start":{"line":358,"column":12},"end":{"line":358,"column":26}}},"30":{"name":"(anonymous_30)","line":365,"loc":{"start":{"line":365,"column":19},"end":{"line":365,"column":31}}},"31":{"name":"(anonymous_31)","line":367,"loc":{"start":{"line":367,"column":59},"end":{"line":367,"column":71}}},"32":{"name":"(anonymous_32)","line":370,"loc":{"start":{"line":370,"column":36},"end":{"line":370,"column":51}}},"33":{"name":"(anonymous_33)","line":385,"loc":{"start":{"line":385,"column":24},"end":{"line":385,"column":39}}}},"statementMap":{"1":{"start":{"line":4,"column":0},"end":{"line":13,"column":46}},"2":{"start":{"line":22,"column":0},"end":{"line":27,"column":1}},"3":{"start":{"line":23,"column":4},"end":{"line":25,"column":18}},"4":{"start":{"line":24,"column":8},"end":{"line":24,"column":30}},"5":{"start":{"line":26,"column":4},"end":{"line":26,"column":24}},"6":{"start":{"line":36,"column":0},"end":{"line":36,"column":53}},"7":{"start":{"line":46,"column":0},"end":{"line":46,"column":22}},"8":{"start":{"line":55,"column":0},"end":{"line":61,"column":2}},"9":{"start":{"line":56,"column":4},"end":{"line":60,"column":5}},"10":{"start":{"line":57,"column":8},"end":{"line":57,"column":31}},"11":{"start":{"line":59,"column":8},"end":{"line":59,"column":33}},"12":{"start":{"line":73,"column":0},"end":{"line":79,"column":2}},"13":{"start":{"line":74,"column":4},"end":{"line":77,"column":7}},"14":{"start":{"line":78,"column":4},"end":{"line":78,"column":31}},"15":{"start":{"line":89,"column":0},"end":{"line":93,"column":2}},"16":{"start":{"line":90,"column":4},"end":{"line":90,"column":73}},"17":{"start":{"line":91,"column":4},"end":{"line":91,"column":98}},"18":{"start":{"line":92,"column":4},"end":{"line":92,"column":20}},"19":{"start":{"line":104,"column":0},"end":{"line":119,"column":2}},"20":{"start":{"line":105,"column":4},"end":{"line":106,"column":42}},"21":{"start":{"line":108,"column":4},"end":{"line":108,"column":30}},"22":{"start":{"line":110,"column":4},"end":{"line":116,"column":7}},"23":{"start":{"line":111,"column":8},"end":{"line":111,"column":42}},"24":{"start":{"line":112,"column":8},"end":{"line":112,"column":35}},"25":{"start":{"line":114,"column":8},"end":{"line":114,"column":43}},"26":{"start":{"line":115,"column":8},"end":{"line":115,"column":29}},"27":{"start":{"line":118,"column":4},"end":{"line":118,"column":23}},"28":{"start":{"line":130,"column":0},"end":{"line":145,"column":2}},"29":{"start":{"line":131,"column":4},"end":{"line":132,"column":42}},"30":{"start":{"line":134,"column":4},"end":{"line":134,"column":30}},"31":{"start":{"line":136,"column":4},"end":{"line":138,"column":7}},"32":{"start":{"line":137,"column":6},"end":{"line":137,"column":27}},"33":{"start":{"line":139,"column":4},"end":{"line":142,"column":7}},"34":{"start":{"line":140,"column":8},"end":{"line":140,"column":42}},"35":{"start":{"line":141,"column":8},"end":{"line":141,"column":35}},"36":{"start":{"line":144,"column":4},"end":{"line":144,"column":23}},"37":{"start":{"line":154,"column":0},"end":{"line":156,"column":2}},"38":{"start":{"line":158,"column":0},"end":{"line":375,"column":2}},"39":{"start":{"line":167,"column":8},"end":{"line":167,"column":27}},"40":{"start":{"line":177,"column":8},"end":{"line":177,"column":32}},"41":{"start":{"line":188,"column":8},"end":{"line":188,"column":33}},"42":{"start":{"line":198,"column":8},"end":{"line":198,"column":34}},"43":{"start":{"line":213,"column":8},"end":{"line":213,"column":18}},"44":{"start":{"line":215,"column":8},"end":{"line":215,"column":53}},"45":{"start":{"line":216,"column":8},"end":{"line":216,"column":56}},"46":{"start":{"line":218,"column":8},"end":{"line":220,"column":9}},"47":{"start":{"line":219,"column":12},"end":{"line":219,"column":68}},"48":{"start":{"line":222,"column":8},"end":{"line":225,"column":11}},"49":{"start":{"line":227,"column":8},"end":{"line":227,"column":61}},"50":{"start":{"line":228,"column":8},"end":{"line":228,"column":28}},"51":{"start":{"line":247,"column":8},"end":{"line":249,"column":18}},"52":{"start":{"line":251,"column":8},"end":{"line":256,"column":9}},"53":{"start":{"line":252,"column":12},"end":{"line":255,"column":13}},"54":{"start":{"line":253,"column":16},"end":{"line":253,"column":44}},"55":{"start":{"line":254,"column":16},"end":{"line":254,"column":46}},"56":{"start":{"line":270,"column":8},"end":{"line":271,"column":23}},"57":{"start":{"line":274,"column":8},"end":{"line":278,"column":9}},"58":{"start":{"line":275,"column":12},"end":{"line":275,"column":32}},"59":{"start":{"line":276,"column":15},"end":{"line":278,"column":9}},"60":{"start":{"line":277,"column":12},"end":{"line":277,"column":32}},"61":{"start":{"line":281,"column":8},"end":{"line":281,"column":24}},"62":{"start":{"line":282,"column":8},"end":{"line":290,"column":11}},"63":{"start":{"line":284,"column":12},"end":{"line":289,"column":13}},"64":{"start":{"line":285,"column":16},"end":{"line":285,"column":62}},"65":{"start":{"line":287,"column":19},"end":{"line":289,"column":13}},"66":{"start":{"line":288,"column":16},"end":{"line":288,"column":40}},"67":{"start":{"line":291,"column":8},"end":{"line":291,"column":29}},"68":{"start":{"line":294,"column":8},"end":{"line":294,"column":21}},"69":{"start":{"line":295,"column":8},"end":{"line":308,"column":17}},"70":{"start":{"line":297,"column":12},"end":{"line":297,"column":61}},"71":{"start":{"line":299,"column":12},"end":{"line":301,"column":13}},"72":{"start":{"line":300,"column":16},"end":{"line":300,"column":64}},"73":{"start":{"line":303,"column":12},"end":{"line":303,"column":50}},"74":{"start":{"line":304,"column":12},"end":{"line":304,"column":54}},"75":{"start":{"line":306,"column":12},"end":{"line":306,"column":56}},"76":{"start":{"line":311,"column":8},"end":{"line":313,"column":9}},"77":{"start":{"line":312,"column":12},"end":{"line":312,"column":43}},"78":{"start":{"line":315,"column":8},"end":{"line":315,"column":21}},"79":{"start":{"line":328,"column":8},"end":{"line":328,"column":41}},"80":{"start":{"line":341,"column":8},"end":{"line":341,"column":34}},"81":{"start":{"line":343,"column":8},"end":{"line":349,"column":22}},"82":{"start":{"line":344,"column":12},"end":{"line":344,"column":52}},"83":{"start":{"line":345,"column":12},"end":{"line":345,"column":32}},"84":{"start":{"line":347,"column":12},"end":{"line":347,"column":52}},"85":{"start":{"line":348,"column":12},"end":{"line":348,"column":26}},"86":{"start":{"line":360,"column":8},"end":{"line":363,"column":11}},"87":{"start":{"line":365,"column":8},"end":{"line":365,"column":34}},"88":{"start":{"line":367,"column":8},"end":{"line":373,"column":22}},"89":{"start":{"line":368,"column":12},"end":{"line":368,"column":52}},"90":{"start":{"line":369,"column":12},"end":{"line":369,"column":53}},"91":{"start":{"line":371,"column":12},"end":{"line":371,"column":52}},"92":{"start":{"line":372,"column":12},"end":{"line":372,"column":20}},"93":{"start":{"line":376,"column":0},"end":{"line":376,"column":42}},"94":{"start":{"line":380,"column":0},"end":{"line":380,"column":36}},"95":{"start":{"line":381,"column":0},"end":{"line":381,"column":41}},"96":{"start":{"line":385,"column":0},"end":{"line":387,"column":3}},"97":{"start":{"line":386,"column":4},"end":{"line":386,"column":42}},"98":{"start":{"line":389,"column":0},"end":{"line":389,"column":26}}},"branchMap":{"1":{"line":56,"type":"if","locations":[{"start":{"line":56,"column":4},"end":{"line":56,"column":4}},{"start":{"line":56,"column":4},"end":{"line":56,"column":4}}]},"2":{"line":108,"type":"binary-expr","locations":[{"start":{"line":108,"column":9},"end":{"line":108,"column":11}},{"start":{"line":108,"column":15},"end":{"line":108,"column":29}}]},"3":{"line":134,"type":"binary-expr","locations":[{"start":{"line":134,"column":9},"end":{"line":134,"column":11}},{"start":{"line":134,"column":15},"end":{"line":134,"column":29}}]},"4":{"line":218,"type":"if","locations":[{"start":{"line":218,"column":8},"end":{"line":218,"column":8}},{"start":{"line":218,"column":8},"end":{"line":218,"column":8}}]},"5":{"line":218,"type":"binary-expr","locations":[{"start":{"line":218,"column":13},"end":{"line":218,"column":22}},{"start":{"line":218,"column":28},"end":{"line":218,"column":38}}]},"6":{"line":274,"type":"if","locations":[{"start":{"line":274,"column":8},"end":{"line":274,"column":8}},{"start":{"line":274,"column":8},"end":{"line":274,"column":8}}]},"7":{"line":276,"type":"if","locations":[{"start":{"line":276,"column":15},"end":{"line":276,"column":15}},{"start":{"line":276,"column":15},"end":{"line":276,"column":15}}]},"8":{"line":276,"type":"binary-expr","locations":[{"start":{"line":276,"column":19},"end":{"line":276,"column":38}},{"start":{"line":276,"column":42},"end":{"line":276,"column":61}}]},"9":{"line":284,"type":"if","locations":[{"start":{"line":284,"column":12},"end":{"line":284,"column":12}},{"start":{"line":284,"column":12},"end":{"line":284,"column":12}}]},"10":{"line":287,"type":"if","locations":[{"start":{"line":287,"column":19},"end":{"line":287,"column":19}},{"start":{"line":287,"column":19},"end":{"line":287,"column":19}}]},"11":{"line":299,"type":"if","locations":[{"start":{"line":299,"column":12},"end":{"line":299,"column":12}},{"start":{"line":299,"column":12},"end":{"line":299,"column":12}}]},"12":{"line":303,"type":"binary-expr","locations":[{"start":{"line":303,"column":29},"end":{"line":303,"column":43}},{"start":{"line":303,"column":47},"end":{"line":303,"column":49}}]},"13":{"line":311,"type":"if","locations":[{"start":{"line":311,"column":8},"end":{"line":311,"column":8}},{"start":{"line":311,"column":8},"end":{"line":311,"column":8}}]},"14":{"line":341,"type":"binary-expr","locations":[{"start":{"line":341,"column":13},"end":{"line":341,"column":15}},{"start":{"line":341,"column":19},"end":{"line":341,"column":33}}]},"15":{"line":365,"type":"binary-expr","locations":[{"start":{"line":365,"column":13},"end":{"line":365,"column":15}},{"start":{"line":365,"column":19},"end":{"line":365,"column":33}}]}}},"/Users/erz/test/pngjs-image/lib/pixel.js":{"path":"/Users/erz/test/pngjs-image/lib/pixel.js","s":{"1":1,"2":3,"3":2,"4":2,"5":1,"6":37,"7":30,"8":37,"9":30,"10":37,"11":30,"12":37,"13":30,"14":2,"15":2,"16":1,"17":5,"18":1,"19":1,"20":401,"21":401,"22":387,"23":14,"24":14,"25":14,"26":224,"27":98,"28":212,"29":98,"30":212,"31":98,"32":82,"33":98,"34":1127,"35":395,"36":395},"b":{"1":[30,7],"2":[30,7],"3":[30,7],"4":[30,7],"5":[387,14]},"f":{"1":3,"2":2,"3":1,"4":37,"5":2,"6":1,"7":5,"8":1,"9":401,"10":224,"11":98,"12":212,"13":98,"14":212,"15":98,"16":82,"17":98,"18":1127,"19":395},"fnMap":{"1":{"name":"(anonymous_1)","line":19,"loc":{"start":{"line":19,"column":16},"end":{"line":19,"column":31}}},"2":{"name":"(anonymous_2)","line":31,"loc":{"start":{"line":31,"column":11},"end":{"line":31,"column":27}}},"3":{"name":"(anonymous_3)","line":45,"loc":{"start":{"line":45,"column":14},"end":{"line":45,"column":30}}},"4":{"name":"(anonymous_4)","line":62,"loc":{"start":{"line":62,"column":16},"end":{"line":62,"column":38}}},"5":{"name":"(anonymous_5)","line":82,"loc":{"start":{"line":82,"column":11},"end":{"line":82,"column":34}}},"6":{"name":"(anonymous_6)","line":101,"loc":{"start":{"line":101,"column":14},"end":{"line":101,"column":37}}},"7":{"name":"(anonymous_7)","line":113,"loc":{"start":{"line":113,"column":21},"end":{"line":113,"column":36}}},"8":{"name":"(anonymous_8)","line":125,"loc":{"start":{"line":125,"column":14},"end":{"line":125,"column":30}}},"9":{"name":"(anonymous_9)","line":141,"loc":{"start":{"line":141,"column":26},"end":{"line":141,"column":72}}},"10":{"name":"(anonymous_10)","line":163,"loc":{"start":{"line":163,"column":12},"end":{"line":163,"column":27}}},"11":{"name":"(anonymous_11)","line":175,"loc":{"start":{"line":175,"column":12},"end":{"line":175,"column":43}}},"12":{"name":"(anonymous_12)","line":187,"loc":{"start":{"line":187,"column":14},"end":{"line":187,"column":29}}},"13":{"name":"(anonymous_13)","line":199,"loc":{"start":{"line":199,"column":14},"end":{"line":199,"column":45}}},"14":{"name":"(anonymous_14)","line":211,"loc":{"start":{"line":211,"column":13},"end":{"line":211,"column":28}}},"15":{"name":"(anonymous_15)","line":223,"loc":{"start":{"line":223,"column":13},"end":{"line":223,"column":44}}},"16":{"name":"(anonymous_16)","line":235,"loc":{"start":{"line":235,"column":14},"end":{"line":235,"column":29}}},"17":{"name":"(anonymous_17)","line":247,"loc":{"start":{"line":247,"column":14},"end":{"line":247,"column":45}}},"18":{"name":"(anonymous_18)","line":261,"loc":{"start":{"line":261,"column":15},"end":{"line":261,"column":46}}},"19":{"name":"(anonymous_19)","line":275,"loc":{"start":{"line":275,"column":15},"end":{"line":275,"column":62}}}},"statementMap":{"1":{"start":{"line":10,"column":0},"end":{"line":279,"column":2}},"2":{"start":{"line":20,"column":8},"end":{"line":20,"column":70}},"3":{"start":{"line":32,"column":8},"end":{"line":32,"column":38}},"4":{"start":{"line":33,"column":8},"end":{"line":33,"column":36}},"5":{"start":{"line":46,"column":8},"end":{"line":46,"column":32}},"6":{"start":{"line":63,"column":8},"end":{"line":63,"column":80}},"7":{"start":{"line":63,"column":37},"end":{"line":63,"column":80}},"8":{"start":{"line":64,"column":8},"end":{"line":64,"column":86}},"9":{"start":{"line":64,"column":39},"end":{"line":64,"column":86}},"10":{"start":{"line":65,"column":8},"end":{"line":65,"column":83}},"11":{"start":{"line":65,"column":38},"end":{"line":65,"column":83}},"12":{"start":{"line":66,"column":8},"end":{"line":66,"column":86}},"13":{"start":{"line":66,"column":39},"end":{"line":66,"column":86}},"14":{"start":{"line":83,"column":8},"end":{"line":83,"column":38}},"15":{"start":{"line":84,"column":8},"end":{"line":84,"column":36}},"16":{"start":{"line":102,"column":8},"end":{"line":102,"column":32}},"17":{"start":{"line":114,"column":8},"end":{"line":114,"column":88}},"18":{"start":{"line":126,"column":8},"end":{"line":126,"column":38}},"19":{"start":{"line":127,"column":8},"end":{"line":127,"column":41}},"20":{"start":{"line":143,"column":8},"end":{"line":144,"column":22}},"21":{"start":{"line":146,"column":8},"end":{"line":153,"column":9}},"22":{"start":{"line":147,"column":12},"end":{"line":147,"column":30}},"23":{"start":{"line":149,"column":12},"end":{"line":149,"column":57}},"24":{"start":{"line":150,"column":12},"end":{"line":150,"column":47}},"25":{"start":{"line":152,"column":12},"end":{"line":152,"column":56}},"26":{"start":{"line":164,"column":8},"end":{"line":164,"column":43}},"27":{"start":{"line":176,"column":8},"end":{"line":176,"column":52}},"28":{"start":{"line":188,"column":8},"end":{"line":188,"column":43}},"29":{"start":{"line":200,"column":8},"end":{"line":200,"column":52}},"30":{"start":{"line":212,"column":8},"end":{"line":212,"column":43}},"31":{"start":{"line":224,"column":8},"end":{"line":224,"column":52}},"32":{"start":{"line":236,"column":8},"end":{"line":236,"column":43}},"33":{"start":{"line":248,"column":8},"end":{"line":248,"column":52}},"34":{"start":{"line":262,"column":8},"end":{"line":262,"column":54}},"35":{"start":{"line":276,"column":8},"end":{"line":276,"column":64}},"36":{"start":{"line":277,"column":8},"end":{"line":277,"column":106}}},"branchMap":{"1":{"line":63,"type":"if","locations":[{"start":{"line":63,"column":8},"end":{"line":63,"column":8}},{"start":{"line":63,"column":8},"end":{"line":63,"column":8}}]},"2":{"line":64,"type":"if","locations":[{"start":{"line":64,"column":8},"end":{"line":64,"column":8}},{"start":{"line":64,"column":8},"end":{"line":64,"column":8}}]},"3":{"line":65,"type":"if","locations":[{"start":{"line":65,"column":8},"end":{"line":65,"column":8}},{"start":{"line":65,"column":8},"end":{"line":65,"column":8}}]},"4":{"line":66,"type":"if","locations":[{"start":{"line":66,"column":8},"end":{"line":66,"column":8}},{"start":{"line":66,"column":8},"end":{"line":66,"column":8}}]},"5":{"line":146,"type":"if","locations":[{"start":{"line":146,"column":8},"end":{"line":146,"column":8}},{"start":{"line":146,"column":8},"end":{"line":146,"column":8}}]}}},"/Users/erz/test/pngjs-image/lib/conversion.js":{"path":"/Users/erz/test/pngjs-image/lib/conversion.js","s":{"1":1,"2":28,"3":28,"4":28,"5":138,"6":138,"7":28,"8":28,"9":28,"10":28,"11":28,"12":18,"13":9,"14":18,"15":18,"16":9,"17":28,"18":15,"19":28,"20":28,"21":13,"22":28,"23":23,"24":10,"25":23,"26":23,"27":13,"28":28,"29":3,"30":3,"31":2,"32":2,"33":2,"34":2,"35":2,"36":2,"37":2,"38":2,"39":1,"40":1,"41":10,"42":1,"43":1,"44":14,"45":14,"46":14,"47":14,"48":14,"49":14,"50":14,"51":14,"52":1,"53":104,"54":1,"55":1,"56":8,"57":8,"58":1,"59":1,"60":68,"61":1,"62":1},"b":{"1":[28,14],"2":[18,10],"3":[9,9],"4":[9,9],"5":[15,13],"6":[13,15],"7":[23,5],"8":[10,13],"9":[13,10],"10":[0,2],"11":[0,2],"12":[2,0],"13":[0,0],"14":[1,1],"15":[0,1],"16":[0,14],"17":[0,14],"18":[0,14],"19":[0,14],"20":[0,14],"21":[0,14]},"f":{"1":28,"2":138,"3":3,"4":2,"5":1,"6":10,"7":1,"8":14,"9":1,"10":104,"11":1,"12":8,"13":1,"14":68,"15":1},"fnMap":{"1":{"name":"(anonymous_1)","line":20,"loc":{"start":{"line":20,"column":25},"end":{"line":20,"column":50}}},"2":{"name":"(anonymous_2)","line":34,"loc":{"start":{"line":34,"column":13},"end":{"line":34,"column":28}}},"3":{"name":"(anonymous_3)","line":84,"loc":{"start":{"line":84,"column":18},"end":{"line":84,"column":44}}},"4":{"name":"(anonymous_4)","line":98,"loc":{"start":{"line":98,"column":19},"end":{"line":98,"column":34}}},"5":{"name":"(anonymous_5)","line":124,"loc":{"start":{"line":124,"column":12},"end":{"line":124,"column":28}}},"6":{"name":"(anonymous_6)","line":137,"loc":{"start":{"line":137,"column":20},"end":{"line":137,"column":35}}},"7":{"name":"(anonymous_7)","line":149,"loc":{"start":{"line":149,"column":13},"end":{"line":149,"column":29}}},"8":{"name":"(anonymous_8)","line":161,"loc":{"start":{"line":161,"column":21},"end":{"line":161,"column":36}}},"9":{"name":"(anonymous_9)","line":185,"loc":{"start":{"line":185,"column":14},"end":{"line":185,"column":30}}},"10":{"name":"(anonymous_10)","line":197,"loc":{"start":{"line":197,"column":26},"end":{"line":197,"column":41}}},"11":{"name":"(anonymous_11)","line":209,"loc":{"start":{"line":209,"column":19},"end":{"line":209,"column":35}}},"12":{"name":"(anonymous_12)","line":222,"loc":{"start":{"line":222,"column":25},"end":{"line":222,"column":40}}},"13":{"name":"(anonymous_13)","line":238,"loc":{"start":{"line":238,"column":18},"end":{"line":238,"column":34}}},"14":{"name":"(anonymous_14)","line":251,"loc":{"start":{"line":251,"column":25},"end":{"line":251,"column":40}}},"15":{"name":"(anonymous_15)","line":263,"loc":{"start":{"line":263,"column":18},"end":{"line":263,"column":34}}}},"statementMap":{"1":{"start":{"line":10,"column":0},"end":{"line":267,"column":2}},"2":{"start":{"line":21,"column":8},"end":{"line":30,"column":26}},"3":{"start":{"line":32,"column":8},"end":{"line":32,"column":54}},"4":{"start":{"line":34,"column":8},"end":{"line":37,"column":21}},"5":{"start":{"line":35,"column":12},"end":{"line":35,"column":42}},"6":{"start":{"line":36,"column":12},"end":{"line":36,"column":27}},"7":{"start":{"line":39,"column":8},"end":{"line":39,"column":49}},"8":{"start":{"line":40,"column":8},"end":{"line":40,"column":40}},"9":{"start":{"line":41,"column":8},"end":{"line":41,"column":36}},"10":{"start":{"line":42,"column":8},"end":{"line":42,"column":45}},"11":{"start":{"line":44,"column":8},"end":{"line":52,"column":9}},"12":{"start":{"line":45,"column":12},"end":{"line":47,"column":13}},"13":{"start":{"line":46,"column":16},"end":{"line":46,"column":48}},"14":{"start":{"line":48,"column":12},"end":{"line":48,"column":40}},"15":{"start":{"line":49,"column":12},"end":{"line":51,"column":13}},"16":{"start":{"line":50,"column":16},"end":{"line":50,"column":48}},"17":{"start":{"line":54,"column":8},"end":{"line":56,"column":9}},"18":{"start":{"line":55,"column":12},"end":{"line":55,"column":24}},"19":{"start":{"line":57,"column":8},"end":{"line":57,"column":16}},"20":{"start":{"line":58,"column":8},"end":{"line":60,"column":9}},"21":{"start":{"line":59,"column":12},"end":{"line":59,"column":24}},"22":{"start":{"line":62,"column":8},"end":{"line":70,"column":9}},"23":{"start":{"line":63,"column":12},"end":{"line":65,"column":13}},"24":{"start":{"line":64,"column":16},"end":{"line":64,"column":48}},"25":{"start":{"line":66,"column":12},"end":{"line":66,"column":40}},"26":{"start":{"line":67,"column":12},"end":{"line":69,"column":13}},"27":{"start":{"line":68,"column":16},"end":{"line":68,"column":48}},"28":{"start":{"line":72,"column":8},"end":{"line":72,"column":49}},"29":{"start":{"line":85,"column":8},"end":{"line":85,"column":38}},"30":{"start":{"line":86,"column":8},"end":{"line":86,"column":55}},"31":{"start":{"line":99,"column":8},"end":{"line":102,"column":20}},"32":{"start":{"line":104,"column":8},"end":{"line":104,"column":37}},"33":{"start":{"line":105,"column":8},"end":{"line":105,"column":73}},"34":{"start":{"line":106,"column":8},"end":{"line":106,"column":73}},"35":{"start":{"line":108,"column":8},"end":{"line":108,"column":44}},"36":{"start":{"line":109,"column":8},"end":{"line":109,"column":44}},"37":{"start":{"line":110,"column":8},"end":{"line":110,"column":44}},"38":{"start":{"line":112,"column":8},"end":{"line":112,"column":33}},"39":{"start":{"line":125,"column":8},"end":{"line":125,"column":38}},"40":{"start":{"line":126,"column":8},"end":{"line":126,"column":39}},"41":{"start":{"line":138,"column":8},"end":{"line":138,"column":115}},"42":{"start":{"line":150,"column":8},"end":{"line":150,"column":38}},"43":{"start":{"line":151,"column":8},"end":{"line":151,"column":40}},"44":{"start":{"line":162,"column":8},"end":{"line":164,"column":34}},"45":{"start":{"line":166,"column":8},"end":{"line":166,"column":64}},"46":{"start":{"line":167,"column":8},"end":{"line":167,"column":64}},"47":{"start":{"line":168,"column":8},"end":{"line":168,"column":64}},"48":{"start":{"line":170,"column":8},"end":{"line":170,"column":44}},"49":{"start":{"line":171,"column":8},"end":{"line":171,"column":44}},"50":{"start":{"line":172,"column":8},"end":{"line":172,"column":44}},"51":{"start":{"line":174,"column":8},"end":{"line":174,"column":42}},"52":{"start":{"line":186,"column":8},"end":{"line":186,"column":57}},"53":{"start":{"line":198,"column":8},"end":{"line":198,"column":118}},"54":{"start":{"line":210,"column":8},"end":{"line":210,"column":38}},"55":{"start":{"line":211,"column":8},"end":{"line":211,"column":46}},"56":{"start":{"line":223,"column":8},"end":{"line":225,"column":34}},"57":{"start":{"line":227,"column":8},"end":{"line":227,"column":71}},"58":{"start":{"line":239,"column":8},"end":{"line":239,"column":38}},"59":{"start":{"line":240,"column":8},"end":{"line":240,"column":45}},"60":{"start":{"line":252,"column":8},"end":{"line":252,"column":91}},"61":{"start":{"line":264,"column":8},"end":{"line":264,"column":38}},"62":{"start":{"line":265,"column":8},"end":{"line":265,"column":45}}},"branchMap":{"1":{"line":32,"type":"binary-expr","locations":[{"start":{"line":32,"column":19},"end":{"line":32,"column":27}},{"start":{"line":32,"column":31},"end":{"line":32,"column":53}}]},"2":{"line":44,"type":"if","locations":[{"start":{"line":44,"column":8},"end":{"line":44,"column":8}},{"start":{"line":44,"column":8},"end":{"line":44,"column":8}}]},"3":{"line":45,"type":"if","locations":[{"start":{"line":45,"column":12},"end":{"line":45,"column":12}},{"start":{"line":45,"column":12},"end":{"line":45,"column":12}}]},"4":{"line":49,"type":"if","locations":[{"start":{"line":49,"column":12},"end":{"line":49,"column":12}},{"start":{"line":49,"column":12},"end":{"line":49,"column":12}}]},"5":{"line":54,"type":"if","locations":[{"start":{"line":54,"column":8},"end":{"line":54,"column":8}},{"start":{"line":54,"column":8},"end":{"line":54,"column":8}}]},"6":{"line":58,"type":"if","locations":[{"start":{"line":58,"column":8},"end":{"line":58,"column":8}},{"start":{"line":58,"column":8},"end":{"line":58,"column":8}}]},"7":{"line":62,"type":"if","locations":[{"start":{"line":62,"column":8},"end":{"line":62,"column":8}},{"start":{"line":62,"column":8},"end":{"line":62,"column":8}}]},"8":{"line":63,"type":"if","locations":[{"start":{"line":63,"column":12},"end":{"line":63,"column":12}},{"start":{"line":63,"column":12},"end":{"line":63,"column":12}}]},"9":{"line":67,"type":"if","locations":[{"start":{"line":67,"column":12},"end":{"line":67,"column":12}},{"start":{"line":67,"column":12},"end":{"line":67,"column":12}}]},"10":{"line":108,"type":"cond-expr","locations":[{"start":{"line":108,"column":20},"end":{"line":108,"column":21}},{"start":{"line":108,"column":25},"end":{"line":108,"column":42}}]},"11":{"line":108,"type":"cond-expr","locations":[{"start":{"line":108,"column":35},"end":{"line":108,"column":38}},{"start":{"line":108,"column":41},"end":{"line":108,"column":42}}]},"12":{"line":109,"type":"cond-expr","locations":[{"start":{"line":109,"column":20},"end":{"line":109,"column":21}},{"start":{"line":109,"column":25},"end":{"line":109,"column":42}}]},"13":{"line":109,"type":"cond-expr","locations":[{"start":{"line":109,"column":35},"end":{"line":109,"column":38}},{"start":{"line":109,"column":41},"end":{"line":109,"column":42}}]},"14":{"line":110,"type":"cond-expr","locations":[{"start":{"line":110,"column":20},"end":{"line":110,"column":21}},{"start":{"line":110,"column":25},"end":{"line":110,"column":42}}]},"15":{"line":110,"type":"cond-expr","locations":[{"start":{"line":110,"column":35},"end":{"line":110,"column":38}},{"start":{"line":110,"column":41},"end":{"line":110,"column":42}}]},"16":{"line":170,"type":"cond-expr","locations":[{"start":{"line":170,"column":20},"end":{"line":170,"column":21}},{"start":{"line":170,"column":25},"end":{"line":170,"column":42}}]},"17":{"line":170,"type":"cond-expr","locations":[{"start":{"line":170,"column":35},"end":{"line":170,"column":38}},{"start":{"line":170,"column":41},"end":{"line":170,"column":42}}]},"18":{"line":171,"type":"cond-expr","locations":[{"start":{"line":171,"column":20},"end":{"line":171,"column":21}},{"start":{"line":171,"column":25},"end":{"line":171,"column":42}}]},"19":{"line":171,"type":"cond-expr","locations":[{"start":{"line":171,"column":35},"end":{"line":171,"column":38}},{"start":{"line":171,"column":41},"end":{"line":171,"column":42}}]},"20":{"line":172,"type":"cond-expr","locations":[{"start":{"line":172,"column":20},"end":{"line":172,"column":21}},{"start":{"line":172,"column":25},"end":{"line":172,"column":42}}]},"21":{"line":172,"type":"cond-expr","locations":[{"start":{"line":172,"column":35},"end":{"line":172,"column":38}},{"start":{"line":172,"column":41},"end":{"line":172,"column":42}}]}}},"/Users/erz/test/pngjs-image/lib/filters.js":{"path":"/Users/erz/test/pngjs-image/lib/filters.js","s":{"1":1,"2":1,"3":1,"4":1,"5":1,"6":1,"7":1,"8":6,"9":13,"10":1,"11":1,"12":1,"13":12,"14":12,"15":1},"b":{"1":[1,12]},"f":{"1":6,"2":13},"fnMap":{"1":{"name":"generateFilter","line":20,"loc":{"start":{"line":20,"column":0},"end":{"line":20,"column":29}}},"2":{"name":"(anonymous_2)","line":31,"loc":{"start":{"line":31,"column":11},"end":{"line":31,"column":37}}}},"statementMap":{"1":{"start":{"line":4,"column":0},"end":{"line":4,"column":37}},"2":{"start":{"line":5,"column":0},"end":{"line":5,"column":47}},"3":{"start":{"line":6,"column":0},"end":{"line":6,"column":47}},"4":{"start":{"line":7,"column":0},"end":{"line":7,"column":37}},"5":{"start":{"line":8,"column":0},"end":{"line":8,"column":49}},"6":{"start":{"line":9,"column":0},"end":{"line":9,"column":39}},"7":{"start":{"line":20,"column":0},"end":{"line":43,"column":1}},"8":{"start":{"line":31,"column":4},"end":{"line":42,"column":6}},"9":{"start":{"line":33,"column":8},"end":{"line":41,"column":9}},"10":{"start":{"line":34,"column":12},"end":{"line":34,"column":94}},"11":{"start":{"line":35,"column":12},"end":{"line":35,"column":41}},"12":{"start":{"line":36,"column":12},"end":{"line":36,"column":28}},"13":{"start":{"line":39,"column":12},"end":{"line":39,"column":38}},"14":{"start":{"line":40,"column":12},"end":{"line":40,"column":25}},"15":{"start":{"line":45,"column":0},"end":{"line":52,"column":2}}},"branchMap":{"1":{"line":33,"type":"if","locations":[{"start":{"line":33,"column":8},"end":{"line":33,"column":8}},{"start":{"line":33,"column":8},"end":{"line":33,"column":8}}]}}},"/Users/erz/test/pngjs-image/lib/filters/blur.js":{"path":"/Users/erz/test/pngjs-image/lib/filters/blur.js","s":{"1":1,"2":4,"3":4,"4":24,"5":24,"6":24,"7":24,"8":24},"b":{},"f":{"1":4},"fnMap":{"1":{"name":"(anonymous_1)","line":14,"loc":{"start":{"line":14,"column":17},"end":{"line":14,"column":57}}}},"statementMap":{"1":{"start":{"line":14,"column":0},"end":{"line":28,"column":2}},"2":{"start":{"line":16,"column":4},"end":{"line":18,"column":14}},"3":{"start":{"line":20,"column":4},"end":{"line":27,"column":5}},"4":{"start":{"line":21,"column":8},"end":{"line":21,"column":66}},"5":{"start":{"line":23,"column":8},"end":{"line":23,"column":39}},"6":{"start":{"line":24,"column":8},"end":{"line":24,"column":41}},"7":{"start":{"line":25,"column":8},"end":{"line":25,"column":40}},"8":{"start":{"line":26,"column":8},"end":{"line":26,"column":56}}},"branchMap":{}},"/Users/erz/test/pngjs-image/lib/filters/grayScale.js":{"path":"/Users/erz/test/pngjs-image/lib/filters/grayScale.js","s":{"1":1,"2":1,"3":1,"4":6,"5":6,"6":6,"7":6,"8":6},"b":{},"f":{"1":1},"fnMap":{"1":{"name":"(anonymous_1)","line":13,"loc":{"start":{"line":13,"column":17},"end":{"line":13,"column":57}}}},"statementMap":{"1":{"start":{"line":13,"column":0},"end":{"line":27,"column":2}},"2":{"start":{"line":15,"column":4},"end":{"line":17,"column":14}},"3":{"start":{"line":19,"column":4},"end":{"line":26,"column":5}},"4":{"start":{"line":20,"column":8},"end":{"line":20,"column":48}},"5":{"start":{"line":22,"column":8},"end":{"line":22,"column":39}},"6":{"start":{"line":23,"column":8},"end":{"line":23,"column":41}},"7":{"start":{"line":24,"column":8},"end":{"line":24,"column":40}},"8":{"start":{"line":25,"column":8},"end":{"line":25,"column":56}}},"branchMap":{}},"/Users/erz/test/pngjs-image/lib/filters/lightness.js":{"path":"/Users/erz/test/pngjs-image/lib/filters/lightness.js","s":{"1":1,"2":1,"3":1,"4":6,"5":6,"6":6,"7":6,"8":6},"b":{},"f":{"1":1},"fnMap":{"1":{"name":"(anonymous_1)","line":13,"loc":{"start":{"line":13,"column":17},"end":{"line":13,"column":57}}}},"statementMap":{"1":{"start":{"line":13,"column":0},"end":{"line":27,"column":2}},"2":{"start":{"line":15,"column":4},"end":{"line":17,"column":14}},"3":{"start":{"line":19,"column":4},"end":{"line":26,"column":5}},"4":{"start":{"line":20,"column":8},"end":{"line":20,"column":48}},"5":{"start":{"line":22,"column":8},"end":{"line":22,"column":39}},"6":{"start":{"line":23,"column":8},"end":{"line":23,"column":41}},"7":{"start":{"line":24,"column":8},"end":{"line":24,"column":40}},"8":{"start":{"line":25,"column":8},"end":{"line":25,"column":56}}},"branchMap":{}},"/Users/erz/test/pngjs-image/lib/filters/luma.js":{"path":"/Users/erz/test/pngjs-image/lib/filters/luma.js","s":{"1":1,"2":1,"3":1,"4":6,"5":6,"6":6,"7":6,"8":6},"b":{},"f":{"1":1},"fnMap":{"1":{"name":"(anonymous_1)","line":13,"loc":{"start":{"line":13,"column":17},"end":{"line":13,"column":57}}}},"statementMap":{"1":{"start":{"line":13,"column":0},"end":{"line":27,"column":2}},"2":{"start":{"line":15,"column":4},"end":{"line":17,"column":14}},"3":{"start":{"line":19,"column":4},"end":{"line":26,"column":5}},"4":{"start":{"line":20,"column":8},"end":{"line":20,"column":43}},"5":{"start":{"line":22,"column":8},"end":{"line":22,"column":39}},"6":{"start":{"line":23,"column":8},"end":{"line":23,"column":41}},"7":{"start":{"line":24,"column":8},"end":{"line":24,"column":40}},"8":{"start":{"line":25,"column":8},"end":{"line":25,"column":56}}},"branchMap":{}},"/Users/erz/test/pngjs-image/lib/filters/luminosity.js":{"path":"/Users/erz/test/pngjs-image/lib/filters/luminosity.js","s":{"1":1,"2":4,"3":4,"4":24,"5":24,"6":24,"7":24,"8":24},"b":{},"f":{"1":4},"fnMap":{"1":{"name":"(anonymous_1)","line":13,"loc":{"start":{"line":13,"column":17},"end":{"line":13,"column":57}}}},"statementMap":{"1":{"start":{"line":13,"column":0},"end":{"line":27,"column":2}},"2":{"start":{"line":15,"column":4},"end":{"line":17,"column":14}},"3":{"start":{"line":19,"column":4},"end":{"line":26,"column":5}},"4":{"start":{"line":20,"column":8},"end":{"line":20,"column":49}},"5":{"start":{"line":22,"column":8},"end":{"line":22,"column":39}},"6":{"start":{"line":23,"column":8},"end":{"line":23,"column":41}},"7":{"start":{"line":24,"column":8},"end":{"line":24,"column":40}},"8":{"start":{"line":25,"column":8},"end":{"line":25,"column":56}}},"branchMap":{}},"/Users/erz/test/pngjs-image/lib/filters/sepia.js":{"path":"/Users/erz/test/pngjs-image/lib/filters/sepia.js","s":{"1":1,"2":2,"3":2,"4":12,"5":12,"6":12},"b":{},"f":{"1":2},"fnMap":{"1":{"name":"(anonymous_1)","line":13,"loc":{"start":{"line":13,"column":17},"end":{"line":13,"column":57}}}},"statementMap":{"1":{"start":{"line":13,"column":0},"end":{"line":24,"column":2}},"2":{"start":{"line":15,"column":4},"end":{"line":17,"column":14}},"3":{"start":{"line":19,"column":4},"end":{"line":23,"column":5}},"4":{"start":{"line":20,"column":8},"end":{"line":20,"column":44}},"5":{"start":{"line":21,"column":8},"end":{"line":21,"column":43}},"6":{"start":{"line":22,"column":8},"end":{"line":22,"column":43}}},"branchMap":{}}}