{"/Users/erz/code/yahoo/pngjs-image/index.js":{"path":"/Users/erz/code/yahoo/pngjs-image/index.js","s":{"1":1,"2":1,"3":1,"4":1,"5":93,"6":0,"7":93,"8":1,"9":1,"10":1,"11":8,"12":7,"13":1,"14":1,"15":2,"16":2,"17":1,"18":1,"19":1,"20":1,"21":1,"22":2,"23":0,"24":2,"25":1,"26":2,"27":2,"28":2,"29":1,"30":1,"31":1,"32":0,"33":0,"34":2,"35":1,"36":0,"37":0,"38":0,"39":0,"40":0,"41":0,"42":0,"43":0,"44":0,"45":0,"46":0,"47":0,"48":0,"49":1,"50":0,"51":1,"52":1,"53":1,"54":1,"55":0,"56":1,"57":1,"58":1,"59":1,"60":1,"61":0,"62":0,"63":0,"64":0,"65":0,"66":0,"67":0,"68":0,"69":0,"70":1,"71":1,"72":14,"73":29,"74":54,"75":22,"76":5,"77":5,"78":5,"79":5,"80":0,"81":5,"82":5,"83":5,"84":3,"85":3,"86":6,"87":14,"88":14,"89":11,"90":11,"91":7,"92":4,"93":1,"94":11,"95":11,"96":14,"97":11,"98":3,"99":2,"100":11,"101":11,"102":11,"103":13,"104":13,"105":0,"106":13,"107":13,"108":13,"109":11,"110":10,"111":11,"112":32,"113":1,"114":1,"115":1,"116":1,"117":0,"118":0,"119":0,"120":0,"121":0,"122":1,"123":1,"124":1,"125":1,"126":1,"127":0,"128":0,"129":1,"130":1,"131":1,"132":1,"133":1,"134":6,"135":1,"136":0,"137":0,"138":0,"139":1,"140":1,"141":1},"b":{"1":[7,1],"2":[0,2],"3":[2,0],"4":[0,0],"5":[0,0],"6":[1,0],"7":[0,5],"8":[5,5],"9":[7,4],"10":[1,3],"11":[4,1],"12":[11,0],"13":[11,3],"14":[2,1],"15":[11,0],"16":[0,13],"17":[13,0],"18":[10,1],"19":[1,0],"20":[1,0]},"f":{"1":93,"2":0,"3":8,"4":2,"5":1,"6":2,"7":2,"8":0,"9":1,"10":1,"11":0,"12":0,"13":0,"14":0,"15":0,"16":0,"17":1,"18":0,"19":0,"20":1,"21":0,"22":0,"23":14,"24":29,"25":54,"26":22,"27":5,"28":3,"29":11,"30":14,"31":13,"32":32,"33":1,"34":0,"35":1,"36":0,"37":0,"38":0,"39":1,"40":0,"41":1,"42":0,"43":6,"44":0,"45":0},"fnMap":{"1":{"name":"PNGImage","line":26,"loc":{"start":{"line":26,"column":0},"end":{"line":26,"column":26}}},"2":{"name":"(anonymous_2)","line":27,"loc":{"start":{"line":27,"column":19},"end":{"line":27,"column":34}}},"3":{"name":"(anonymous_3)","line":59,"loc":{"start":{"line":59,"column":21},"end":{"line":59,"column":40}}},"4":{"name":"(anonymous_4)","line":77,"loc":{"start":{"line":77,"column":23},"end":{"line":77,"column":48}}},"5":{"name":"(anonymous_5)","line":94,"loc":{"start":{"line":94,"column":21},"end":{"line":94,"column":38}}},"6":{"name":"(anonymous_6)","line":110,"loc":{"start":{"line":110,"column":21},"end":{"line":110,"column":41}}},"7":{"name":"(anonymous_7)","line":117,"loc":{"start":{"line":117,"column":28},"end":{"line":117,"column":52}}},"8":{"name":"(anonymous_8)","line":121,"loc":{"start":{"line":121,"column":12},"end":{"line":121,"column":24}}},"9":{"name":"(anonymous_9)","line":123,"loc":{"start":{"line":123,"column":45},"end":{"line":123,"column":59}}},"10":{"name":"(anonymous_10)","line":125,"loc":{"start":{"line":125,"column":31},"end":{"line":125,"column":43}}},"11":{"name":"(anonymous_11)","line":128,"loc":{"start":{"line":128,"column":18},"end":{"line":128,"column":33}}},"12":{"name":"(anonymous_12)","line":135,"loc":{"start":{"line":135,"column":29},"end":{"line":135,"column":48}}},"13":{"name":"(anonymous_13)","line":139,"loc":{"start":{"line":139,"column":19},"end":{"line":139,"column":39}}},"14":{"name":"(anonymous_14)","line":151,"loc":{"start":{"line":151,"column":19},"end":{"line":151,"column":34}}},"15":{"name":"(anonymous_15)","line":155,"loc":{"start":{"line":155,"column":20},"end":{"line":155,"column":32}}},"16":{"name":"(anonymous_16)","line":174,"loc":{"start":{"line":174,"column":25},"end":{"line":174,"column":45}}},"17":{"name":"(anonymous_17)","line":188,"loc":{"start":{"line":188,"column":21},"end":{"line":188,"column":41}}},"18":{"name":"(anonymous_18)","line":192,"loc":{"start":{"line":192,"column":12},"end":{"line":192,"column":24}}},"19":{"name":"(anonymous_19)","line":194,"loc":{"start":{"line":194,"column":21},"end":{"line":194,"column":36}}},"20":{"name":"(anonymous_20)","line":197,"loc":{"start":{"line":197,"column":19},"end":{"line":197,"column":31}}},"21":{"name":"(anonymous_21)","line":214,"loc":{"start":{"line":214,"column":25},"end":{"line":214,"column":41}}},"22":{"name":"(anonymous_22)","line":242,"loc":{"start":{"line":242,"column":15},"end":{"line":242,"column":31}}},"23":{"name":"(anonymous_23)","line":254,"loc":{"start":{"line":254,"column":11},"end":{"line":254,"column":23}}},"24":{"name":"(anonymous_24)","line":264,"loc":{"start":{"line":264,"column":10},"end":{"line":264,"column":22}}},"25":{"name":"(anonymous_25)","line":275,"loc":{"start":{"line":275,"column":11},"end":{"line":275,"column":23}}},"26":{"name":"(anonymous_26)","line":285,"loc":{"start":{"line":285,"column":12},"end":{"line":285,"column":24}}},"27":{"name":"(anonymous_27)","line":299,"loc":{"start":{"line":299,"column":7},"end":{"line":299,"column":38}}},"28":{"name":"(anonymous_28)","line":333,"loc":{"start":{"line":333,"column":11},"end":{"line":333,"column":49}}},"29":{"name":"(anonymous_29)","line":358,"loc":{"start":{"line":358,"column":15},"end":{"line":358,"column":48}}},"30":{"name":"(anonymous_30)","line":372,"loc":{"start":{"line":372,"column":26},"end":{"line":372,"column":44}}},"31":{"name":"(anonymous_31)","line":385,"loc":{"start":{"line":385,"column":26},"end":{"line":385,"column":44}}},"32":{"name":"(anonymous_32)","line":417,"loc":{"start":{"line":417,"column":11},"end":{"line":417,"column":27}}},"33":{"name":"(anonymous_33)","line":429,"loc":{"start":{"line":429,"column":13},"end":{"line":429,"column":37}}},"34":{"name":"(anonymous_34)","line":431,"loc":{"start":{"line":431,"column":13},"end":{"line":431,"column":25}}},"35":{"name":"(anonymous_35)","line":433,"loc":{"start":{"line":433,"column":72},"end":{"line":433,"column":84}}},"36":{"name":"(anonymous_36)","line":436,"loc":{"start":{"line":436,"column":30},"end":{"line":436,"column":45}}},"37":{"name":"(anonymous_37)","line":442,"loc":{"start":{"line":442,"column":17},"end":{"line":442,"column":37}}},"38":{"name":"(anonymous_38)","line":446,"loc":{"start":{"line":446,"column":13},"end":{"line":446,"column":32}}},"39":{"name":"(anonymous_39)","line":457,"loc":{"start":{"line":457,"column":9},"end":{"line":457,"column":23}}},"40":{"name":"(anonymous_40)","line":463,"loc":{"start":{"line":463,"column":13},"end":{"line":463,"column":25}}},"41":{"name":"(anonymous_41)","line":465,"loc":{"start":{"line":465,"column":53},"end":{"line":465,"column":65}}},"42":{"name":"(anonymous_42)","line":468,"loc":{"start":{"line":468,"column":30},"end":{"line":468,"column":45}}},"43":{"name":"(anonymous_43)","line":484,"loc":{"start":{"line":484,"column":24},"end":{"line":484,"column":39}}},"44":{"name":"(anonymous_44)","line":494,"loc":{"start":{"line":494,"column":22},"end":{"line":494,"column":34}}},"45":{"name":"(anonymous_45)","line":495,"loc":{"start":{"line":495,"column":30},"end":{"line":495,"column":57}}}},"statementMap":{"1":{"start":{"line":4,"column":0},"end":{"line":13,"column":30}},"2":{"start":{"line":15,"column":0},"end":{"line":15,"column":43}},"3":{"start":{"line":16,"column":0},"end":{"line":16,"column":43}},"4":{"start":{"line":26,"column":0},"end":{"line":31,"column":1}},"5":{"start":{"line":27,"column":1},"end":{"line":29,"column":4}},"6":{"start":{"line":28,"column":2},"end":{"line":28,"column":28}},"7":{"start":{"line":30,"column":1},"end":{"line":30,"column":21}},"8":{"start":{"line":40,"column":0},"end":{"line":40,"column":53}},"9":{"start":{"line":50,"column":0},"end":{"line":50,"column":22}},"10":{"start":{"line":59,"column":0},"end":{"line":65,"column":2}},"11":{"start":{"line":60,"column":1},"end":{"line":64,"column":2}},"12":{"start":{"line":61,"column":2},"end":{"line":61,"column":25}},"13":{"start":{"line":63,"column":2},"end":{"line":63,"column":27}},"14":{"start":{"line":77,"column":0},"end":{"line":83,"column":2}},"15":{"start":{"line":78,"column":1},"end":{"line":81,"column":4}},"16":{"start":{"line":82,"column":1},"end":{"line":82,"column":28}},"17":{"start":{"line":94,"column":0},"end":{"line":98,"column":2}},"18":{"start":{"line":95,"column":1},"end":{"line":95,"column":70}},"19":{"start":{"line":96,"column":1},"end":{"line":96,"column":95}},"20":{"start":{"line":97,"column":1},"end":{"line":97,"column":17}},"21":{"start":{"line":110,"column":0},"end":{"line":116,"column":2}},"22":{"start":{"line":111,"column":1},"end":{"line":115,"column":2}},"23":{"start":{"line":112,"column":2},"end":{"line":112,"column":42}},"24":{"start":{"line":114,"column":2},"end":{"line":114,"column":41}},"25":{"start":{"line":117,"column":0},"end":{"line":134,"column":2}},"26":{"start":{"line":118,"column":1},"end":{"line":119,"column":36}},"27":{"start":{"line":121,"column":1},"end":{"line":121,"column":27}},"28":{"start":{"line":123,"column":1},"end":{"line":131,"column":16}},"29":{"start":{"line":124,"column":2},"end":{"line":124,"column":21}},"30":{"start":{"line":126,"column":2},"end":{"line":126,"column":36}},"31":{"start":{"line":127,"column":2},"end":{"line":127,"column":29}},"32":{"start":{"line":129,"column":2},"end":{"line":129,"column":37}},"33":{"start":{"line":130,"column":2},"end":{"line":130,"column":23}},"34":{"start":{"line":133,"column":1},"end":{"line":133,"column":20}},"35":{"start":{"line":135,"column":0},"end":{"line":164,"column":2}},"36":{"start":{"line":137,"column":1},"end":{"line":137,"column":17}},"37":{"start":{"line":139,"column":1},"end":{"line":161,"column":4}},"38":{"start":{"line":141,"column":2},"end":{"line":141,"column":70}},"39":{"start":{"line":143,"column":2},"end":{"line":160,"column":3}},"40":{"start":{"line":144,"column":3},"end":{"line":144,"column":61}},"41":{"start":{"line":148,"column":3},"end":{"line":148,"column":68}},"42":{"start":{"line":149,"column":3},"end":{"line":149,"column":35}},"43":{"start":{"line":151,"column":3},"end":{"line":153,"column":6}},"44":{"start":{"line":152,"column":4},"end":{"line":152,"column":12}},"45":{"start":{"line":155,"column":3},"end":{"line":159,"column":6}},"46":{"start":{"line":156,"column":4},"end":{"line":156,"column":36}},"47":{"start":{"line":158,"column":4},"end":{"line":158,"column":35}},"48":{"start":{"line":163,"column":1},"end":{"line":163,"column":13}},"49":{"start":{"line":174,"column":0},"end":{"line":176,"column":2}},"50":{"start":{"line":175,"column":1},"end":{"line":175,"column":54}},"51":{"start":{"line":188,"column":0},"end":{"line":203,"column":2}},"52":{"start":{"line":189,"column":1},"end":{"line":190,"column":36}},"53":{"start":{"line":192,"column":1},"end":{"line":192,"column":27}},"54":{"start":{"line":194,"column":1},"end":{"line":196,"column":4}},"55":{"start":{"line":195,"column":2},"end":{"line":195,"column":23}},"56":{"start":{"line":197,"column":1},"end":{"line":200,"column":4}},"57":{"start":{"line":198,"column":2},"end":{"line":198,"column":36}},"58":{"start":{"line":199,"column":2},"end":{"line":199,"column":29}},"59":{"start":{"line":202,"column":1},"end":{"line":202,"column":20}},"60":{"start":{"line":214,"column":0},"end":{"line":233,"column":2}},"61":{"start":{"line":215,"column":1},"end":{"line":218,"column":16}},"62":{"start":{"line":220,"column":1},"end":{"line":220,"column":25}},"63":{"start":{"line":221,"column":1},"end":{"line":221,"column":48}},"64":{"start":{"line":223,"column":1},"end":{"line":223,"column":40}},"65":{"start":{"line":224,"column":1},"end":{"line":224,"column":32}},"66":{"start":{"line":225,"column":1},"end":{"line":225,"column":34}},"67":{"start":{"line":227,"column":1},"end":{"line":230,"column":4}},"68":{"start":{"line":231,"column":1},"end":{"line":231,"column":42}},"69":{"start":{"line":232,"column":1},"end":{"line":232,"column":28}},"70":{"start":{"line":242,"column":0},"end":{"line":244,"column":2}},"71":{"start":{"line":246,"column":0},"end":{"line":473,"column":2}},"72":{"start":{"line":255,"column":2},"end":{"line":255,"column":21}},"73":{"start":{"line":265,"column":2},"end":{"line":265,"column":26}},"74":{"start":{"line":276,"column":2},"end":{"line":276,"column":27}},"75":{"start":{"line":286,"column":2},"end":{"line":286,"column":28}},"76":{"start":{"line":301,"column":2},"end":{"line":301,"column":12}},"77":{"start":{"line":303,"column":2},"end":{"line":303,"column":47}},"78":{"start":{"line":304,"column":2},"end":{"line":304,"column":50}},"79":{"start":{"line":306,"column":2},"end":{"line":308,"column":3}},"80":{"start":{"line":307,"column":3},"end":{"line":307,"column":59}},"81":{"start":{"line":310,"column":2},"end":{"line":312,"column":5}},"82":{"start":{"line":314,"column":2},"end":{"line":314,"column":55}},"83":{"start":{"line":315,"column":2},"end":{"line":315,"column":22}},"84":{"start":{"line":335,"column":2},"end":{"line":339,"column":9}},"85":{"start":{"line":341,"column":2},"end":{"line":346,"column":3}},"86":{"start":{"line":342,"column":3},"end":{"line":345,"column":4}},"87":{"start":{"line":343,"column":4},"end":{"line":343,"column":32}},"88":{"start":{"line":344,"column":4},"end":{"line":344,"column":34}},"89":{"start":{"line":360,"column":2},"end":{"line":361,"column":14}},"90":{"start":{"line":364,"column":2},"end":{"line":368,"column":3}},"91":{"start":{"line":365,"column":3},"end":{"line":365,"column":23}},"92":{"start":{"line":366,"column":9},"end":{"line":368,"column":3}},"93":{"start":{"line":367,"column":3},"end":{"line":367,"column":23}},"94":{"start":{"line":371,"column":2},"end":{"line":371,"column":18}},"95":{"start":{"line":372,"column":2},"end":{"line":380,"column":5}},"96":{"start":{"line":374,"column":3},"end":{"line":379,"column":4}},"97":{"start":{"line":375,"column":4},"end":{"line":375,"column":48}},"98":{"start":{"line":377,"column":10},"end":{"line":379,"column":4}},"99":{"start":{"line":378,"column":4},"end":{"line":378,"column":28}},"100":{"start":{"line":381,"column":2},"end":{"line":381,"column":23}},"101":{"start":{"line":384,"column":2},"end":{"line":384,"column":15}},"102":{"start":{"line":385,"column":2},"end":{"line":398,"column":16}},"103":{"start":{"line":387,"column":3},"end":{"line":387,"column":52}},"104":{"start":{"line":389,"column":3},"end":{"line":391,"column":4}},"105":{"start":{"line":390,"column":4},"end":{"line":390,"column":52}},"106":{"start":{"line":393,"column":3},"end":{"line":393,"column":41}},"107":{"start":{"line":394,"column":3},"end":{"line":394,"column":45}},"108":{"start":{"line":396,"column":3},"end":{"line":396,"column":47}},"109":{"start":{"line":401,"column":2},"end":{"line":403,"column":3}},"110":{"start":{"line":402,"column":3},"end":{"line":402,"column":34}},"111":{"start":{"line":405,"column":2},"end":{"line":405,"column":15}},"112":{"start":{"line":418,"column":2},"end":{"line":418,"column":35}},"113":{"start":{"line":431,"column":2},"end":{"line":431,"column":28}},"114":{"start":{"line":433,"column":2},"end":{"line":439,"column":16}},"115":{"start":{"line":434,"column":3},"end":{"line":434,"column":43}},"116":{"start":{"line":435,"column":3},"end":{"line":435,"column":23}},"117":{"start":{"line":437,"column":3},"end":{"line":437,"column":43}},"118":{"start":{"line":438,"column":3},"end":{"line":438,"column":17}},"119":{"start":{"line":443,"column":2},"end":{"line":443,"column":48}},"120":{"start":{"line":447,"column":2},"end":{"line":447,"column":30}},"121":{"start":{"line":448,"column":2},"end":{"line":448,"column":84}},"122":{"start":{"line":459,"column":2},"end":{"line":461,"column":5}},"123":{"start":{"line":463,"column":2},"end":{"line":463,"column":28}},"124":{"start":{"line":465,"column":2},"end":{"line":471,"column":16}},"125":{"start":{"line":466,"column":3},"end":{"line":466,"column":43}},"126":{"start":{"line":467,"column":3},"end":{"line":467,"column":44}},"127":{"start":{"line":469,"column":3},"end":{"line":469,"column":43}},"128":{"start":{"line":470,"column":3},"end":{"line":470,"column":11}},"129":{"start":{"line":474,"column":0},"end":{"line":474,"column":42}},"130":{"start":{"line":478,"column":0},"end":{"line":478,"column":36}},"131":{"start":{"line":479,"column":0},"end":{"line":479,"column":37}},"132":{"start":{"line":480,"column":0},"end":{"line":480,"column":41}},"133":{"start":{"line":484,"column":0},"end":{"line":486,"column":3}},"134":{"start":{"line":485,"column":1},"end":{"line":485,"column":39}},"135":{"start":{"line":494,"column":0},"end":{"line":499,"column":2}},"136":{"start":{"line":495,"column":1},"end":{"line":498,"column":3}},"137":{"start":{"line":496,"column":2},"end":{"line":496,"column":47}},"138":{"start":{"line":497,"column":2},"end":{"line":497,"column":25}},"139":{"start":{"line":501,"column":0},"end":{"line":501,"column":27}},"140":{"start":{"line":502,"column":0},"end":{"line":502,"column":27}},"141":{"start":{"line":504,"column":0},"end":{"line":504,"column":26}}},"branchMap":{"1":{"line":60,"type":"if","locations":[{"start":{"line":60,"column":1},"end":{"line":60,"column":1}},{"start":{"line":60,"column":1},"end":{"line":60,"column":1}}]},"2":{"line":111,"type":"if","locations":[{"start":{"line":111,"column":1},"end":{"line":111,"column":1}},{"start":{"line":111,"column":1},"end":{"line":111,"column":1}}]},"3":{"line":121,"type":"binary-expr","locations":[{"start":{"line":121,"column":6},"end":{"line":121,"column":8}},{"start":{"line":121,"column":12},"end":{"line":121,"column":26}}]},"4":{"line":141,"type":"binary-expr","locations":[{"start":{"line":141,"column":21},"end":{"line":141,"column":48}},{"start":{"line":141,"column":52},"end":{"line":141,"column":54}}]},"5":{"line":143,"type":"if","locations":[{"start":{"line":143,"column":2},"end":{"line":143,"column":2}},{"start":{"line":143,"column":2},"end":{"line":143,"column":2}}]},"6":{"line":192,"type":"binary-expr","locations":[{"start":{"line":192,"column":6},"end":{"line":192,"column":8}},{"start":{"line":192,"column":12},"end":{"line":192,"column":26}}]},"7":{"line":306,"type":"if","locations":[{"start":{"line":306,"column":2},"end":{"line":306,"column":2}},{"start":{"line":306,"column":2},"end":{"line":306,"column":2}}]},"8":{"line":306,"type":"binary-expr","locations":[{"start":{"line":306,"column":7},"end":{"line":306,"column":16}},{"start":{"line":306,"column":22},"end":{"line":306,"column":32}}]},"9":{"line":364,"type":"if","locations":[{"start":{"line":364,"column":2},"end":{"line":364,"column":2}},{"start":{"line":364,"column":2},"end":{"line":364,"column":2}}]},"10":{"line":366,"type":"if","locations":[{"start":{"line":366,"column":9},"end":{"line":366,"column":9}},{"start":{"line":366,"column":9},"end":{"line":366,"column":9}}]},"11":{"line":366,"type":"binary-expr","locations":[{"start":{"line":366,"column":13},"end":{"line":366,"column":32}},{"start":{"line":366,"column":36},"end":{"line":366,"column":55}}]},"12":{"line":372,"type":"binary-expr","locations":[{"start":{"line":372,"column":3},"end":{"line":372,"column":10}},{"start":{"line":372,"column":14},"end":{"line":372,"column":16}}]},"13":{"line":374,"type":"if","locations":[{"start":{"line":374,"column":3},"end":{"line":374,"column":3}},{"start":{"line":374,"column":3},"end":{"line":374,"column":3}}]},"14":{"line":377,"type":"if","locations":[{"start":{"line":377,"column":10},"end":{"line":377,"column":10}},{"start":{"line":377,"column":10},"end":{"line":377,"column":10}}]},"15":{"line":385,"type":"binary-expr","locations":[{"start":{"line":385,"column":3},"end":{"line":385,"column":10}},{"start":{"line":385,"column":14},"end":{"line":385,"column":16}}]},"16":{"line":389,"type":"if","locations":[{"start":{"line":389,"column":3},"end":{"line":389,"column":3}},{"start":{"line":389,"column":3},"end":{"line":389,"column":3}}]},"17":{"line":393,"type":"binary-expr","locations":[{"start":{"line":393,"column":20},"end":{"line":393,"column":34}},{"start":{"line":393,"column":38},"end":{"line":393,"column":40}}]},"18":{"line":401,"type":"if","locations":[{"start":{"line":401,"column":2},"end":{"line":401,"column":2}},{"start":{"line":401,"column":2},"end":{"line":401,"column":2}}]},"19":{"line":431,"type":"binary-expr","locations":[{"start":{"line":431,"column":7},"end":{"line":431,"column":9}},{"start":{"line":431,"column":13},"end":{"line":431,"column":27}}]},"20":{"line":463,"type":"binary-expr","locations":[{"start":{"line":463,"column":7},"end":{"line":463,"column":9}},{"start":{"line":463,"column":13},"end":{"line":463,"column":27}}]}}},"/Users/erz/code/yahoo/pngjs-image/lib/pixel.js":{"path":"/Users/erz/code/yahoo/pngjs-image/lib/pixel.js","s":{"1":1,"2":3,"3":2,"4":2,"5":1,"6":37,"7":37,"8":30,"9":37,"10":30,"11":37,"12":30,"13":37,"14":30,"15":0,"16":0,"17":0,"18":0,"19":2,"20":2,"21":1,"22":5,"23":1,"24":1,"25":401,"26":401,"27":387,"28":14,"29":14,"30":14,"31":224,"32":98,"33":212,"34":98,"35":212,"36":98,"37":82,"38":98,"39":1127,"40":1127,"41":395,"42":395},"b":{"1":[37,0],"2":[30,7],"3":[30,7],"4":[30,7],"5":[30,7],"6":[387,14]},"f":{"1":3,"2":2,"3":1,"4":37,"5":2,"6":1,"7":5,"8":1,"9":401,"10":224,"11":98,"12":212,"13":98,"14":212,"15":98,"16":82,"17":98,"18":1127,"19":395},"fnMap":{"1":{"name":"(anonymous_1)","line":20,"loc":{"start":{"line":20,"column":13},"end":{"line":20,"column":28}}},"2":{"name":"(anonymous_2)","line":32,"loc":{"start":{"line":32,"column":8},"end":{"line":32,"column":24}}},"3":{"name":"(anonymous_3)","line":46,"loc":{"start":{"line":46,"column":11},"end":{"line":46,"column":27}}},"4":{"name":"(anonymous_4)","line":63,"loc":{"start":{"line":63,"column":13},"end":{"line":63,"column":35}}},"5":{"name":"(anonymous_5)","line":90,"loc":{"start":{"line":90,"column":8},"end":{"line":90,"column":31}}},"6":{"name":"(anonymous_6)","line":109,"loc":{"start":{"line":109,"column":11},"end":{"line":109,"column":34}}},"7":{"name":"(anonymous_7)","line":121,"loc":{"start":{"line":121,"column":18},"end":{"line":121,"column":33}}},"8":{"name":"(anonymous_8)","line":133,"loc":{"start":{"line":133,"column":11},"end":{"line":133,"column":27}}},"9":{"name":"(anonymous_9)","line":149,"loc":{"start":{"line":149,"column":23},"end":{"line":149,"column":69}}},"10":{"name":"(anonymous_10)","line":170,"loc":{"start":{"line":170,"column":9},"end":{"line":170,"column":24}}},"11":{"name":"(anonymous_11)","line":182,"loc":{"start":{"line":182,"column":9},"end":{"line":182,"column":40}}},"12":{"name":"(anonymous_12)","line":194,"loc":{"start":{"line":194,"column":11},"end":{"line":194,"column":26}}},"13":{"name":"(anonymous_13)","line":206,"loc":{"start":{"line":206,"column":11},"end":{"line":206,"column":42}}},"14":{"name":"(anonymous_14)","line":218,"loc":{"start":{"line":218,"column":10},"end":{"line":218,"column":25}}},"15":{"name":"(anonymous_15)","line":230,"loc":{"start":{"line":230,"column":10},"end":{"line":230,"column":41}}},"16":{"name":"(anonymous_16)","line":242,"loc":{"start":{"line":242,"column":11},"end":{"line":242,"column":26}}},"17":{"name":"(anonymous_17)","line":254,"loc":{"start":{"line":254,"column":11},"end":{"line":254,"column":42}}},"18":{"name":"(anonymous_18)","line":268,"loc":{"start":{"line":268,"column":12},"end":{"line":268,"column":43}}},"19":{"name":"(anonymous_19)","line":283,"loc":{"start":{"line":283,"column":12},"end":{"line":283,"column":59}}}},"statementMap":{"1":{"start":{"line":11,"column":0},"end":{"line":289,"column":2}},"2":{"start":{"line":21,"column":2},"end":{"line":21,"column":64}},"3":{"start":{"line":33,"column":2},"end":{"line":33,"column":32}},"4":{"start":{"line":34,"column":2},"end":{"line":34,"column":30}},"5":{"start":{"line":47,"column":2},"end":{"line":47,"column":26}},"6":{"start":{"line":64,"column":2},"end":{"line":74,"column":3}},"7":{"start":{"line":65,"column":3},"end":{"line":65,"column":75}},"8":{"start":{"line":65,"column":32},"end":{"line":65,"column":75}},"9":{"start":{"line":66,"column":3},"end":{"line":66,"column":81}},"10":{"start":{"line":66,"column":34},"end":{"line":66,"column":81}},"11":{"start":{"line":67,"column":3},"end":{"line":67,"column":78}},"12":{"start":{"line":67,"column":33},"end":{"line":67,"column":78}},"13":{"start":{"line":68,"column":3},"end":{"line":68,"column":81}},"14":{"start":{"line":68,"column":34},"end":{"line":68,"column":81}},"15":{"start":{"line":70,"column":3},"end":{"line":70,"column":34}},"16":{"start":{"line":71,"column":3},"end":{"line":71,"column":45}},"17":{"start":{"line":72,"column":3},"end":{"line":72,"column":47}},"18":{"start":{"line":73,"column":3},"end":{"line":73,"column":50}},"19":{"start":{"line":91,"column":2},"end":{"line":91,"column":32}},"20":{"start":{"line":92,"column":2},"end":{"line":92,"column":30}},"21":{"start":{"line":110,"column":2},"end":{"line":110,"column":26}},"22":{"start":{"line":122,"column":2},"end":{"line":122,"column":82}},"23":{"start":{"line":134,"column":2},"end":{"line":134,"column":32}},"24":{"start":{"line":135,"column":2},"end":{"line":135,"column":35}},"25":{"start":{"line":151,"column":2},"end":{"line":151,"column":30}},"26":{"start":{"line":153,"column":2},"end":{"line":160,"column":3}},"27":{"start":{"line":154,"column":3},"end":{"line":154,"column":21}},"28":{"start":{"line":156,"column":3},"end":{"line":156,"column":48}},"29":{"start":{"line":157,"column":3},"end":{"line":157,"column":38}},"30":{"start":{"line":159,"column":3},"end":{"line":159,"column":47}},"31":{"start":{"line":171,"column":2},"end":{"line":171,"column":32}},"32":{"start":{"line":183,"column":2},"end":{"line":183,"column":41}},"33":{"start":{"line":195,"column":2},"end":{"line":195,"column":32}},"34":{"start":{"line":207,"column":2},"end":{"line":207,"column":41}},"35":{"start":{"line":219,"column":2},"end":{"line":219,"column":32}},"36":{"start":{"line":231,"column":2},"end":{"line":231,"column":41}},"37":{"start":{"line":243,"column":2},"end":{"line":243,"column":32}},"38":{"start":{"line":255,"column":2},"end":{"line":255,"column":41}},"39":{"start":{"line":269,"column":2},"end":{"line":269,"column":32}},"40":{"start":{"line":270,"column":2},"end":{"line":270,"column":53}},"41":{"start":{"line":284,"column":2},"end":{"line":285,"column":29}},"42":{"start":{"line":287,"column":2},"end":{"line":287,"column":105}}},"branchMap":{"1":{"line":64,"type":"if","locations":[{"start":{"line":64,"column":2},"end":{"line":64,"column":2}},{"start":{"line":64,"column":2},"end":{"line":64,"column":2}}]},"2":{"line":65,"type":"if","locations":[{"start":{"line":65,"column":3},"end":{"line":65,"column":3}},{"start":{"line":65,"column":3},"end":{"line":65,"column":3}}]},"3":{"line":66,"type":"if","locations":[{"start":{"line":66,"column":3},"end":{"line":66,"column":3}},{"start":{"line":66,"column":3},"end":{"line":66,"column":3}}]},"4":{"line":67,"type":"if","locations":[{"start":{"line":67,"column":3},"end":{"line":67,"column":3}},{"start":{"line":67,"column":3},"end":{"line":67,"column":3}}]},"5":{"line":68,"type":"if","locations":[{"start":{"line":68,"column":3},"end":{"line":68,"column":3}},{"start":{"line":68,"column":3},"end":{"line":68,"column":3}}]},"6":{"line":153,"type":"if","locations":[{"start":{"line":153,"column":2},"end":{"line":153,"column":2}},{"start":{"line":153,"column":2},"end":{"line":153,"column":2}}]}}},"/Users/erz/code/yahoo/pngjs-image/lib/modify.js":{"path":"/Users/erz/code/yahoo/pngjs-image/lib/modify.js","s":{"1":1,"2":0,"3":0,"4":0,"5":0,"6":0,"7":0,"8":0,"9":0,"10":0,"11":0},"b":{},"f":{"1":0,"2":0},"fnMap":{"1":{"name":"(anonymous_1)","line":19,"loc":{"start":{"line":19,"column":12},"end":{"line":19,"column":24}}},"2":{"name":"(anonymous_2)","line":41,"loc":{"start":{"line":41,"column":11},"end":{"line":41,"column":23}}}},"statementMap":{"1":{"start":{"line":11,"column":0},"end":{"line":56,"column":2}},"2":{"start":{"line":20,"column":2},"end":{"line":24,"column":44}},"3":{"start":{"line":26,"column":2},"end":{"line":30,"column":3}},"4":{"start":{"line":27,"column":3},"end":{"line":29,"column":4}},"5":{"start":{"line":28,"column":4},"end":{"line":28,"column":58}},"6":{"start":{"line":32,"column":2},"end":{"line":32,"column":15}},"7":{"start":{"line":42,"column":2},"end":{"line":46,"column":44}},"8":{"start":{"line":48,"column":2},"end":{"line":52,"column":3}},"9":{"start":{"line":49,"column":3},"end":{"line":51,"column":4}},"10":{"start":{"line":50,"column":4},"end":{"line":50,"column":59}},"11":{"start":{"line":54,"column":2},"end":{"line":54,"column":15}}},"branchMap":{}},"/Users/erz/code/yahoo/pngjs-image/lib/conversion.js":{"path":"/Users/erz/code/yahoo/pngjs-image/lib/conversion.js","s":{"1":1,"2":28,"3":28,"4":28,"5":138,"6":138,"7":28,"8":28,"9":28,"10":28,"11":28,"12":18,"13":9,"14":18,"15":18,"16":9,"17":28,"18":15,"19":28,"20":28,"21":13,"22":28,"23":23,"24":10,"25":23,"26":23,"27":13,"28":28,"29":3,"30":3,"31":2,"32":2,"33":2,"34":2,"35":2,"36":2,"37":2,"38":2,"39":1,"40":1,"41":10,"42":1,"43":1,"44":14,"45":14,"46":14,"47":14,"48":14,"49":14,"50":14,"51":14,"52":1,"53":104,"54":1,"55":1,"56":8,"57":8,"58":1,"59":1,"60":68,"61":1,"62":1},"b":{"1":[28,14],"2":[18,10],"3":[9,9],"4":[9,9],"5":[15,13],"6":[13,15],"7":[23,5],"8":[10,13],"9":[13,10],"10":[0,2],"11":[0,2],"12":[2,0],"13":[0,0],"14":[1,1],"15":[0,1],"16":[0,14],"17":[0,14],"18":[0,14],"19":[0,14],"20":[0,14],"21":[0,14]},"f":{"1":28,"2":138,"3":3,"4":2,"5":1,"6":10,"7":1,"8":14,"9":1,"10":104,"11":1,"12":8,"13":1,"14":68,"15":1},"fnMap":{"1":{"name":"(anonymous_1)","line":21,"loc":{"start":{"line":21,"column":22},"end":{"line":21,"column":47}}},"2":{"name":"(anonymous_2)","line":36,"loc":{"start":{"line":36,"column":7},"end":{"line":36,"column":22}}},"3":{"name":"(anonymous_3)","line":86,"loc":{"start":{"line":86,"column":15},"end":{"line":86,"column":41}}},"4":{"name":"(anonymous_4)","line":100,"loc":{"start":{"line":100,"column":16},"end":{"line":100,"column":31}}},"5":{"name":"(anonymous_5)","line":129,"loc":{"start":{"line":129,"column":9},"end":{"line":129,"column":25}}},"6":{"name":"(anonymous_6)","line":142,"loc":{"start":{"line":142,"column":17},"end":{"line":142,"column":32}}},"7":{"name":"(anonymous_7)","line":154,"loc":{"start":{"line":154,"column":10},"end":{"line":154,"column":26}}},"8":{"name":"(anonymous_8)","line":166,"loc":{"start":{"line":166,"column":18},"end":{"line":166,"column":33}}},"9":{"name":"(anonymous_9)","line":190,"loc":{"start":{"line":190,"column":11},"end":{"line":190,"column":27}}},"10":{"name":"(anonymous_10)","line":202,"loc":{"start":{"line":202,"column":23},"end":{"line":202,"column":38}}},"11":{"name":"(anonymous_11)","line":214,"loc":{"start":{"line":214,"column":16},"end":{"line":214,"column":32}}},"12":{"name":"(anonymous_12)","line":227,"loc":{"start":{"line":227,"column":22},"end":{"line":227,"column":37}}},"13":{"name":"(anonymous_13)","line":243,"loc":{"start":{"line":243,"column":15},"end":{"line":243,"column":31}}},"14":{"name":"(anonymous_14)","line":256,"loc":{"start":{"line":256,"column":22},"end":{"line":256,"column":37}}},"15":{"name":"(anonymous_15)","line":268,"loc":{"start":{"line":268,"column":15},"end":{"line":268,"column":31}}}},"statementMap":{"1":{"start":{"line":11,"column":0},"end":{"line":272,"column":2}},"2":{"start":{"line":23,"column":2},"end":{"line":32,"column":17}},"3":{"start":{"line":34,"column":2},"end":{"line":34,"column":48}},"4":{"start":{"line":36,"column":2},"end":{"line":39,"column":15}},"5":{"start":{"line":37,"column":3},"end":{"line":37,"column":33}},"6":{"start":{"line":38,"column":3},"end":{"line":38,"column":18}},"7":{"start":{"line":41,"column":2},"end":{"line":41,"column":43}},"8":{"start":{"line":42,"column":2},"end":{"line":42,"column":34}},"9":{"start":{"line":43,"column":2},"end":{"line":43,"column":30}},"10":{"start":{"line":44,"column":2},"end":{"line":44,"column":39}},"11":{"start":{"line":46,"column":2},"end":{"line":54,"column":3}},"12":{"start":{"line":47,"column":3},"end":{"line":49,"column":4}},"13":{"start":{"line":48,"column":4},"end":{"line":48,"column":36}},"14":{"start":{"line":50,"column":3},"end":{"line":50,"column":31}},"15":{"start":{"line":51,"column":3},"end":{"line":53,"column":4}},"16":{"start":{"line":52,"column":4},"end":{"line":52,"column":36}},"17":{"start":{"line":56,"column":2},"end":{"line":58,"column":3}},"18":{"start":{"line":57,"column":3},"end":{"line":57,"column":15}},"19":{"start":{"line":59,"column":2},"end":{"line":59,"column":10}},"20":{"start":{"line":60,"column":2},"end":{"line":62,"column":3}},"21":{"start":{"line":61,"column":3},"end":{"line":61,"column":15}},"22":{"start":{"line":64,"column":2},"end":{"line":72,"column":3}},"23":{"start":{"line":65,"column":3},"end":{"line":67,"column":4}},"24":{"start":{"line":66,"column":4},"end":{"line":66,"column":36}},"25":{"start":{"line":68,"column":3},"end":{"line":68,"column":31}},"26":{"start":{"line":69,"column":3},"end":{"line":71,"column":4}},"27":{"start":{"line":70,"column":4},"end":{"line":70,"column":36}},"28":{"start":{"line":74,"column":2},"end":{"line":74,"column":43}},"29":{"start":{"line":87,"column":2},"end":{"line":87,"column":32}},"30":{"start":{"line":88,"column":2},"end":{"line":88,"column":49}},"31":{"start":{"line":102,"column":2},"end":{"line":107,"column":5}},"32":{"start":{"line":109,"column":2},"end":{"line":109,"column":31}},"33":{"start":{"line":110,"column":2},"end":{"line":110,"column":67}},"34":{"start":{"line":111,"column":2},"end":{"line":111,"column":67}},"35":{"start":{"line":113,"column":2},"end":{"line":113,"column":38}},"36":{"start":{"line":114,"column":2},"end":{"line":114,"column":38}},"37":{"start":{"line":115,"column":2},"end":{"line":115,"column":38}},"38":{"start":{"line":117,"column":2},"end":{"line":117,"column":28}},"39":{"start":{"line":130,"column":2},"end":{"line":130,"column":32}},"40":{"start":{"line":131,"column":2},"end":{"line":131,"column":33}},"41":{"start":{"line":143,"column":2},"end":{"line":143,"column":109}},"42":{"start":{"line":155,"column":2},"end":{"line":155,"column":32}},"43":{"start":{"line":156,"column":2},"end":{"line":156,"column":34}},"44":{"start":{"line":167,"column":2},"end":{"line":169,"column":25}},"45":{"start":{"line":171,"column":2},"end":{"line":171,"column":58}},"46":{"start":{"line":172,"column":2},"end":{"line":172,"column":58}},"47":{"start":{"line":173,"column":2},"end":{"line":173,"column":58}},"48":{"start":{"line":175,"column":2},"end":{"line":175,"column":38}},"49":{"start":{"line":176,"column":2},"end":{"line":176,"column":38}},"50":{"start":{"line":177,"column":2},"end":{"line":177,"column":38}},"51":{"start":{"line":179,"column":2},"end":{"line":179,"column":37}},"52":{"start":{"line":191,"column":2},"end":{"line":191,"column":51}},"53":{"start":{"line":203,"column":2},"end":{"line":203,"column":112}},"54":{"start":{"line":215,"column":2},"end":{"line":215,"column":32}},"55":{"start":{"line":216,"column":2},"end":{"line":216,"column":40}},"56":{"start":{"line":228,"column":2},"end":{"line":230,"column":25}},"57":{"start":{"line":232,"column":2},"end":{"line":232,"column":65}},"58":{"start":{"line":244,"column":2},"end":{"line":244,"column":32}},"59":{"start":{"line":245,"column":2},"end":{"line":245,"column":39}},"60":{"start":{"line":257,"column":2},"end":{"line":257,"column":85}},"61":{"start":{"line":269,"column":2},"end":{"line":269,"column":32}},"62":{"start":{"line":270,"column":2},"end":{"line":270,"column":39}}},"branchMap":{"1":{"line":34,"type":"binary-expr","locations":[{"start":{"line":34,"column":13},"end":{"line":34,"column":21}},{"start":{"line":34,"column":25},"end":{"line":34,"column":47}}]},"2":{"line":46,"type":"if","locations":[{"start":{"line":46,"column":2},"end":{"line":46,"column":2}},{"start":{"line":46,"column":2},"end":{"line":46,"column":2}}]},"3":{"line":47,"type":"if","locations":[{"start":{"line":47,"column":3},"end":{"line":47,"column":3}},{"start":{"line":47,"column":3},"end":{"line":47,"column":3}}]},"4":{"line":51,"type":"if","locations":[{"start":{"line":51,"column":3},"end":{"line":51,"column":3}},{"start":{"line":51,"column":3},"end":{"line":51,"column":3}}]},"5":{"line":56,"type":"if","locations":[{"start":{"line":56,"column":2},"end":{"line":56,"column":2}},{"start":{"line":56,"column":2},"end":{"line":56,"column":2}}]},"6":{"line":60,"type":"if","locations":[{"start":{"line":60,"column":2},"end":{"line":60,"column":2}},{"start":{"line":60,"column":2},"end":{"line":60,"column":2}}]},"7":{"line":64,"type":"if","locations":[{"start":{"line":64,"column":2},"end":{"line":64,"column":2}},{"start":{"line":64,"column":2},"end":{"line":64,"column":2}}]},"8":{"line":65,"type":"if","locations":[{"start":{"line":65,"column":3},"end":{"line":65,"column":3}},{"start":{"line":65,"column":3},"end":{"line":65,"column":3}}]},"9":{"line":69,"type":"if","locations":[{"start":{"line":69,"column":3},"end":{"line":69,"column":3}},{"start":{"line":69,"column":3},"end":{"line":69,"column":3}}]},"10":{"line":113,"type":"cond-expr","locations":[{"start":{"line":113,"column":14},"end":{"line":113,"column":15}},{"start":{"line":113,"column":19},"end":{"line":113,"column":36}}]},"11":{"line":113,"type":"cond-expr","locations":[{"start":{"line":113,"column":29},"end":{"line":113,"column":32}},{"start":{"line":113,"column":35},"end":{"line":113,"column":36}}]},"12":{"line":114,"type":"cond-expr","locations":[{"start":{"line":114,"column":14},"end":{"line":114,"column":15}},{"start":{"line":114,"column":19},"end":{"line":114,"column":36}}]},"13":{"line":114,"type":"cond-expr","locations":[{"start":{"line":114,"column":29},"end":{"line":114,"column":32}},{"start":{"line":114,"column":35},"end":{"line":114,"column":36}}]},"14":{"line":115,"type":"cond-expr","locations":[{"start":{"line":115,"column":14},"end":{"line":115,"column":15}},{"start":{"line":115,"column":19},"end":{"line":115,"column":36}}]},"15":{"line":115,"type":"cond-expr","locations":[{"start":{"line":115,"column":29},"end":{"line":115,"column":32}},{"start":{"line":115,"column":35},"end":{"line":115,"column":36}}]},"16":{"line":175,"type":"cond-expr","locations":[{"start":{"line":175,"column":14},"end":{"line":175,"column":15}},{"start":{"line":175,"column":19},"end":{"line":175,"column":36}}]},"17":{"line":175,"type":"cond-expr","locations":[{"start":{"line":175,"column":29},"end":{"line":175,"column":32}},{"start":{"line":175,"column":35},"end":{"line":175,"column":36}}]},"18":{"line":176,"type":"cond-expr","locations":[{"start":{"line":176,"column":14},"end":{"line":176,"column":15}},{"start":{"line":176,"column":19},"end":{"line":176,"column":36}}]},"19":{"line":176,"type":"cond-expr","locations":[{"start":{"line":176,"column":29},"end":{"line":176,"column":32}},{"start":{"line":176,"column":35},"end":{"line":176,"column":36}}]},"20":{"line":177,"type":"cond-expr","locations":[{"start":{"line":177,"column":14},"end":{"line":177,"column":15}},{"start":{"line":177,"column":19},"end":{"line":177,"column":36}}]},"21":{"line":177,"type":"cond-expr","locations":[{"start":{"line":177,"column":29},"end":{"line":177,"column":32}},{"start":{"line":177,"column":35},"end":{"line":177,"column":36}}]}}},"/Users/erz/code/yahoo/pngjs-image/lib/filters.js":{"path":"/Users/erz/code/yahoo/pngjs-image/lib/filters.js","s":{"1":1,"2":1,"3":1,"4":1,"5":1,"6":1,"7":1,"8":6,"9":13,"10":1,"11":1,"12":1,"13":12,"14":12,"15":1},"b":{"1":[1,12]},"f":{"1":6,"2":13},"fnMap":{"1":{"name":"generateFilter","line":20,"loc":{"start":{"line":20,"column":0},"end":{"line":20,"column":29}}},"2":{"name":"(anonymous_2)","line":31,"loc":{"start":{"line":31,"column":8},"end":{"line":31,"column":34}}}},"statementMap":{"1":{"start":{"line":4,"column":0},"end":{"line":4,"column":37}},"2":{"start":{"line":5,"column":0},"end":{"line":5,"column":47}},"3":{"start":{"line":6,"column":0},"end":{"line":6,"column":47}},"4":{"start":{"line":7,"column":0},"end":{"line":7,"column":37}},"5":{"start":{"line":8,"column":0},"end":{"line":8,"column":49}},"6":{"start":{"line":9,"column":0},"end":{"line":9,"column":39}},"7":{"start":{"line":20,"column":0},"end":{"line":43,"column":1}},"8":{"start":{"line":31,"column":1},"end":{"line":42,"column":3}},"9":{"start":{"line":33,"column":2},"end":{"line":41,"column":3}},"10":{"start":{"line":34,"column":3},"end":{"line":34,"column":85}},"11":{"start":{"line":35,"column":3},"end":{"line":35,"column":32}},"12":{"start":{"line":36,"column":3},"end":{"line":36,"column":19}},"13":{"start":{"line":39,"column":3},"end":{"line":39,"column":29}},"14":{"start":{"line":40,"column":3},"end":{"line":40,"column":16}},"15":{"start":{"line":45,"column":0},"end":{"line":52,"column":2}}},"branchMap":{"1":{"line":33,"type":"if","locations":[{"start":{"line":33,"column":2},"end":{"line":33,"column":2}},{"start":{"line":33,"column":2},"end":{"line":33,"column":2}}]}}},"/Users/erz/code/yahoo/pngjs-image/lib/filters/blur.js":{"path":"/Users/erz/code/yahoo/pngjs-image/lib/filters/blur.js","s":{"1":1,"2":4,"3":4,"4":24,"5":24,"6":24,"7":24,"8":24},"b":{},"f":{"1":4},"fnMap":{"1":{"name":"(anonymous_1)","line":14,"loc":{"start":{"line":14,"column":17},"end":{"line":14,"column":57}}}},"statementMap":{"1":{"start":{"line":14,"column":0},"end":{"line":28,"column":2}},"2":{"start":{"line":16,"column":1},"end":{"line":18,"column":8}},"3":{"start":{"line":20,"column":1},"end":{"line":27,"column":2}},"4":{"start":{"line":21,"column":2},"end":{"line":21,"column":60}},"5":{"start":{"line":23,"column":2},"end":{"line":23,"column":33}},"6":{"start":{"line":24,"column":2},"end":{"line":24,"column":35}},"7":{"start":{"line":25,"column":2},"end":{"line":25,"column":34}},"8":{"start":{"line":26,"column":2},"end":{"line":26,"column":50}}},"branchMap":{}},"/Users/erz/code/yahoo/pngjs-image/lib/filters/grayScale.js":{"path":"/Users/erz/code/yahoo/pngjs-image/lib/filters/grayScale.js","s":{"1":1,"2":1,"3":1,"4":6,"5":6,"6":6,"7":6,"8":6},"b":{},"f":{"1":1},"fnMap":{"1":{"name":"(anonymous_1)","line":13,"loc":{"start":{"line":13,"column":17},"end":{"line":13,"column":57}}}},"statementMap":{"1":{"start":{"line":13,"column":0},"end":{"line":27,"column":2}},"2":{"start":{"line":15,"column":1},"end":{"line":17,"column":8}},"3":{"start":{"line":19,"column":1},"end":{"line":26,"column":2}},"4":{"start":{"line":20,"column":2},"end":{"line":20,"column":42}},"5":{"start":{"line":22,"column":2},"end":{"line":22,"column":33}},"6":{"start":{"line":23,"column":2},"end":{"line":23,"column":35}},"7":{"start":{"line":24,"column":2},"end":{"line":24,"column":34}},"8":{"start":{"line":25,"column":2},"end":{"line":25,"column":50}}},"branchMap":{}},"/Users/erz/code/yahoo/pngjs-image/lib/filters/lightness.js":{"path":"/Users/erz/code/yahoo/pngjs-image/lib/filters/lightness.js","s":{"1":1,"2":1,"3":1,"4":6,"5":6,"6":6,"7":6,"8":6},"b":{},"f":{"1":1},"fnMap":{"1":{"name":"(anonymous_1)","line":13,"loc":{"start":{"line":13,"column":17},"end":{"line":13,"column":57}}}},"statementMap":{"1":{"start":{"line":13,"column":0},"end":{"line":27,"column":2}},"2":{"start":{"line":15,"column":1},"end":{"line":17,"column":8}},"3":{"start":{"line":19,"column":1},"end":{"line":26,"column":2}},"4":{"start":{"line":20,"column":2},"end":{"line":20,"column":42}},"5":{"start":{"line":22,"column":2},"end":{"line":22,"column":33}},"6":{"start":{"line":23,"column":2},"end":{"line":23,"column":35}},"7":{"start":{"line":24,"column":2},"end":{"line":24,"column":34}},"8":{"start":{"line":25,"column":2},"end":{"line":25,"column":50}}},"branchMap":{}},"/Users/erz/code/yahoo/pngjs-image/lib/filters/luma.js":{"path":"/Users/erz/code/yahoo/pngjs-image/lib/filters/luma.js","s":{"1":1,"2":1,"3":1,"4":6,"5":6,"6":6,"7":6,"8":6},"b":{},"f":{"1":1},"fnMap":{"1":{"name":"(anonymous_1)","line":13,"loc":{"start":{"line":13,"column":17},"end":{"line":13,"column":57}}}},"statementMap":{"1":{"start":{"line":13,"column":0},"end":{"line":27,"column":2}},"2":{"start":{"line":15,"column":1},"end":{"line":17,"column":8}},"3":{"start":{"line":19,"column":1},"end":{"line":26,"column":2}},"4":{"start":{"line":20,"column":2},"end":{"line":20,"column":37}},"5":{"start":{"line":22,"column":2},"end":{"line":22,"column":33}},"6":{"start":{"line":23,"column":2},"end":{"line":23,"column":35}},"7":{"start":{"line":24,"column":2},"end":{"line":24,"column":34}},"8":{"start":{"line":25,"column":2},"end":{"line":25,"column":50}}},"branchMap":{}},"/Users/erz/code/yahoo/pngjs-image/lib/filters/luminosity.js":{"path":"/Users/erz/code/yahoo/pngjs-image/lib/filters/luminosity.js","s":{"1":1,"2":4,"3":4,"4":24,"5":24,"6":24,"7":24,"8":24},"b":{},"f":{"1":4},"fnMap":{"1":{"name":"(anonymous_1)","line":13,"loc":{"start":{"line":13,"column":17},"end":{"line":13,"column":57}}}},"statementMap":{"1":{"start":{"line":13,"column":0},"end":{"line":27,"column":2}},"2":{"start":{"line":15,"column":1},"end":{"line":17,"column":8}},"3":{"start":{"line":19,"column":1},"end":{"line":26,"column":2}},"4":{"start":{"line":20,"column":2},"end":{"line":20,"column":43}},"5":{"start":{"line":22,"column":2},"end":{"line":22,"column":33}},"6":{"start":{"line":23,"column":2},"end":{"line":23,"column":35}},"7":{"start":{"line":24,"column":2},"end":{"line":24,"column":34}},"8":{"start":{"line":25,"column":2},"end":{"line":25,"column":50}}},"branchMap":{}},"/Users/erz/code/yahoo/pngjs-image/lib/filters/sepia.js":{"path":"/Users/erz/code/yahoo/pngjs-image/lib/filters/sepia.js","s":{"1":1,"2":2,"3":2,"4":12,"5":12,"6":12},"b":{},"f":{"1":2},"fnMap":{"1":{"name":"(anonymous_1)","line":13,"loc":{"start":{"line":13,"column":17},"end":{"line":13,"column":57}}}},"statementMap":{"1":{"start":{"line":13,"column":0},"end":{"line":24,"column":2}},"2":{"start":{"line":15,"column":1},"end":{"line":17,"column":8}},"3":{"start":{"line":19,"column":1},"end":{"line":23,"column":2}},"4":{"start":{"line":20,"column":2},"end":{"line":20,"column":38}},"5":{"start":{"line":21,"column":2},"end":{"line":21,"column":37}},"6":{"start":{"line":22,"column":2},"end":{"line":22,"column":37}}},"branchMap":{}},"/Users/erz/code/yahoo/pngjs-image/lib/memoryStream.js":{"path":"/Users/erz/code/yahoo/pngjs-image/lib/memoryStream.js","s":{"1":1,"2":1,"3":1,"4":0,"5":0,"6":0,"7":0,"8":1,"9":1,"10":0,"11":0,"12":0,"13":0,"14":0,"15":0,"16":0,"17":0,"18":0,"19":1,"20":0,"21":0,"22":0,"23":1},"b":{"1":[0,0],"2":[0,0],"3":[0,0],"4":[0,0]},"f":{"1":0,"2":0,"3":0,"4":0},"fnMap":{"1":{"name":"(anonymous_1)","line":4,"loc":{"start":{"line":4,"column":19},"end":{"line":4,"column":38}}},"2":{"name":"(anonymous_2)","line":14,"loc":{"start":{"line":14,"column":32},"end":{"line":14,"column":63}}},"3":{"name":"(anonymous_3)","line":16,"loc":{"start":{"line":16,"column":12},"end":{"line":16,"column":24}}},"4":{"name":"(anonymous_4)","line":33,"loc":{"start":{"line":33,"column":35},"end":{"line":33,"column":47}}}},"statementMap":{"1":{"start":{"line":1,"column":0},"end":{"line":1,"column":31}},"2":{"start":{"line":2,"column":0},"end":{"line":2,"column":27}},"3":{"start":{"line":4,"column":0},"end":{"line":11,"column":2}},"4":{"start":{"line":5,"column":1},"end":{"line":5,"column":25}},"5":{"start":{"line":7,"column":1},"end":{"line":7,"column":37}},"6":{"start":{"line":9,"column":1},"end":{"line":9,"column":59}},"7":{"start":{"line":10,"column":1},"end":{"line":10,"column":17}},"8":{"start":{"line":12,"column":0},"end":{"line":12,"column":45}},"9":{"start":{"line":14,"column":0},"end":{"line":31,"column":2}},"10":{"start":{"line":16,"column":1},"end":{"line":16,"column":27}},"11":{"start":{"line":18,"column":1},"end":{"line":18,"column":47}},"12":{"start":{"line":21,"column":1},"end":{"line":25,"column":2}},"13":{"start":{"line":22,"column":2},"end":{"line":22,"column":67}},"14":{"start":{"line":23,"column":2},"end":{"line":23,"column":53}},"15":{"start":{"line":24,"column":2},"end":{"line":24,"column":23}},"16":{"start":{"line":27,"column":1},"end":{"line":27,"column":67}},"17":{"start":{"line":28,"column":1},"end":{"line":28,"column":35}},"18":{"start":{"line":30,"column":1},"end":{"line":30,"column":23}},"19":{"start":{"line":33,"column":0},"end":{"line":37,"column":2}},"20":{"start":{"line":34,"column":1},"end":{"line":34,"column":43}},"21":{"start":{"line":35,"column":1},"end":{"line":35,"column":50}},"22":{"start":{"line":36,"column":1},"end":{"line":36,"column":20}},"23":{"start":{"line":39,"column":0},"end":{"line":39,"column":30}}},"branchMap":{"1":{"line":5,"type":"binary-expr","locations":[{"start":{"line":5,"column":11},"end":{"line":5,"column":18}},{"start":{"line":5,"column":22},"end":{"line":5,"column":24}}]},"2":{"line":9,"type":"binary-expr","locations":[{"start":{"line":9,"column":27},"end":{"line":9,"column":39}},{"start":{"line":9,"column":43},"end":{"line":9,"column":52}}]},"3":{"line":16,"type":"binary-expr","locations":[{"start":{"line":16,"column":6},"end":{"line":16,"column":8}},{"start":{"line":16,"column":12},"end":{"line":16,"column":26}}]},"4":{"line":21,"type":"if","locations":[{"start":{"line":21,"column":1},"end":{"line":21,"column":1}},{"start":{"line":21,"column":1},"end":{"line":21,"column":1}}]}}},"/Users/erz/code/yahoo/pngjs-image/lib/png/decoder.js":{"path":"/Users/erz/code/yahoo/pngjs-image/lib/png/decoder.js","s":{"1":1,"2":1,"3":1,"4":1,"5":1,"6":1,"7":1,"8":162,"9":162,"10":162,"11":1,"12":150,"13":1,"14":162,"15":162,"16":162,"17":162,"18":162,"19":162,"20":1273,"21":6,"22":156,"23":1075,"24":151,"25":1068,"26":1068,"27":1,"28":1,"29":150,"30":1067,"31":1067,"32":0,"33":0,"34":150,"35":1067,"36":1067,"37":0,"38":0,"39":150,"40":2700,"41":150,"42":1,"43":1075,"44":1075,"45":1075,"46":0,"47":1075,"48":1075,"49":1075,"50":1075,"51":1075,"52":1075,"53":1075,"54":1070,"55":1070,"56":1070,"57":1070,"58":5,"59":5,"60":1075,"61":1070,"62":1},"b":{"1":[162,0],"2":[6,1267],"3":[1,0],"4":[1,0],"5":[0,0],"6":[0,0],"7":[0,0],"8":[0,0],"9":[0,1075],"10":[529,541],"11":[1070,1070],"12":[5,0],"13":[5,0]},"f":{"1":162,"2":150,"3":162,"4":1068,"5":1067,"6":1067,"7":2700,"8":1075},"fnMap":{"1":{"name":"(anonymous_1)","line":22,"loc":{"start":{"line":22,"column":14},"end":{"line":22,"column":26}}},"2":{"name":"(anonymous_2)","line":36,"loc":{"start":{"line":36,"column":33},"end":{"line":36,"column":45}}},"3":{"name":"(anonymous_3)","line":48,"loc":{"start":{"line":48,"column":27},"end":{"line":48,"column":52}}},"4":{"name":"(anonymous_4)","line":79,"loc":{"start":{"line":79,"column":28},"end":{"line":79,"column":45}}},"5":{"name":"(anonymous_5)","line":96,"loc":{"start":{"line":96,"column":28},"end":{"line":96,"column":45}}},"6":{"name":"(anonymous_6)","line":113,"loc":{"start":{"line":113,"column":28},"end":{"line":113,"column":45}}},"7":{"name":"(anonymous_7)","line":130,"loc":{"start":{"line":130,"column":28},"end":{"line":130,"column":45}}},"8":{"name":"(anonymous_8)","line":147,"loc":{"start":{"line":147,"column":32},"end":{"line":147,"column":67}}}},"statementMap":{"1":{"start":{"line":4,"column":0},"end":{"line":4,"column":31}},"2":{"start":{"line":6,"column":0},"end":{"line":6,"column":37}},"3":{"start":{"line":8,"column":0},"end":{"line":8,"column":55}},"4":{"start":{"line":9,"column":0},"end":{"line":9,"column":37}},"5":{"start":{"line":10,"column":0},"end":{"line":10,"column":45}},"6":{"start":{"line":12,"column":0},"end":{"line":12,"column":27}},"7":{"start":{"line":22,"column":0},"end":{"line":27,"column":2}},"8":{"start":{"line":23,"column":1},"end":{"line":23,"column":19}},"9":{"start":{"line":24,"column":1},"end":{"line":24,"column":22}},"10":{"start":{"line":26,"column":1},"end":{"line":26,"column":72}},"11":{"start":{"line":36,"column":0},"end":{"line":38,"column":2}},"12":{"start":{"line":37,"column":1},"end":{"line":37,"column":24}},"13":{"start":{"line":48,"column":0},"end":{"line":135,"column":2}},"14":{"start":{"line":50,"column":1},"end":{"line":50,"column":25}},"15":{"start":{"line":52,"column":1},"end":{"line":57,"column":43}},"16":{"start":{"line":59,"column":1},"end":{"line":59,"column":19}},"17":{"start":{"line":60,"column":1},"end":{"line":60,"column":22}},"18":{"start":{"line":63,"column":1},"end":{"line":63,"column":55}},"19":{"start":{"line":64,"column":1},"end":{"line":69,"column":2}},"20":{"start":{"line":65,"column":2},"end":{"line":68,"column":3}},"21":{"start":{"line":67,"column":3},"end":{"line":67,"column":57}},"22":{"start":{"line":73,"column":1},"end":{"line":75,"column":38}},"23":{"start":{"line":74,"column":2},"end":{"line":74,"column":52}},"24":{"start":{"line":79,"column":1},"end":{"line":92,"column":10}},"25":{"start":{"line":81,"column":2},"end":{"line":91,"column":3}},"26":{"start":{"line":82,"column":3},"end":{"line":82,"column":48}},"27":{"start":{"line":88,"column":3},"end":{"line":90,"column":4}},"28":{"start":{"line":89,"column":4},"end":{"line":89,"column":14}},"29":{"start":{"line":96,"column":1},"end":{"line":109,"column":10}},"30":{"start":{"line":98,"column":2},"end":{"line":108,"column":3}},"31":{"start":{"line":99,"column":3},"end":{"line":99,"column":52}},"32":{"start":{"line":105,"column":3},"end":{"line":107,"column":4}},"33":{"start":{"line":106,"column":4},"end":{"line":106,"column":14}},"34":{"start":{"line":113,"column":1},"end":{"line":126,"column":10}},"35":{"start":{"line":115,"column":2},"end":{"line":125,"column":3}},"36":{"start":{"line":116,"column":3},"end":{"line":116,"column":56}},"37":{"start":{"line":122,"column":3},"end":{"line":124,"column":4}},"38":{"start":{"line":123,"column":4},"end":{"line":123,"column":14}},"39":{"start":{"line":130,"column":1},"end":{"line":132,"column":22}},"40":{"start":{"line":131,"column":2},"end":{"line":131,"column":88}},"41":{"start":{"line":134,"column":1},"end":{"line":134,"column":14}},"42":{"start":{"line":147,"column":0},"end":{"line":201,"column":2}},"43":{"start":{"line":149,"column":1},"end":{"line":155,"column":14}},"44":{"start":{"line":158,"column":1},"end":{"line":158,"column":37}},"45":{"start":{"line":159,"column":1},"end":{"line":161,"column":2}},"46":{"start":{"line":160,"column":2},"end":{"line":160,"column":66}},"47":{"start":{"line":162,"column":1},"end":{"line":162,"column":51}},"48":{"start":{"line":165,"column":1},"end":{"line":165,"column":17}},"49":{"start":{"line":166,"column":1},"end":{"line":166,"column":70}},"50":{"start":{"line":169,"column":1},"end":{"line":169,"column":43}},"51":{"start":{"line":170,"column":1},"end":{"line":170,"column":44}},"52":{"start":{"line":172,"column":1},"end":{"line":198,"column":2}},"53":{"start":{"line":175,"column":2},"end":{"line":175,"column":52}},"54":{"start":{"line":178,"column":2},"end":{"line":178,"column":34}},"55":{"start":{"line":179,"column":2},"end":{"line":179,"column":33}},"56":{"start":{"line":180,"column":2},"end":{"line":183,"column":3}},"57":{"start":{"line":186,"column":2},"end":{"line":186,"column":23}},"58":{"start":{"line":192,"column":2},"end":{"line":194,"column":3}},"59":{"start":{"line":193,"column":3},"end":{"line":193,"column":13}},"60":{"start":{"line":197,"column":2},"end":{"line":197,"column":34}},"61":{"start":{"line":200,"column":1},"end":{"line":200,"column":14}},"62":{"start":{"line":203,"column":0},"end":{"line":203,"column":25}}},"branchMap":{"1":{"line":50,"type":"binary-expr","locations":[{"start":{"line":50,"column":11},"end":{"line":50,"column":18}},{"start":{"line":50,"column":22},"end":{"line":50,"column":24}}]},"2":{"line":65,"type":"if","locations":[{"start":{"line":65,"column":2},"end":{"line":65,"column":2}},{"start":{"line":65,"column":2},"end":{"line":65,"column":2}}]},"3":{"line":88,"type":"if","locations":[{"start":{"line":88,"column":3},"end":{"line":88,"column":3}},{"start":{"line":88,"column":3},"end":{"line":88,"column":3}}]},"4":{"line":88,"type":"binary-expr","locations":[{"start":{"line":88,"column":7},"end":{"line":88,"column":13}},{"start":{"line":88,"column":17},"end":{"line":88,"column":35}}]},"5":{"line":105,"type":"if","locations":[{"start":{"line":105,"column":3},"end":{"line":105,"column":3}},{"start":{"line":105,"column":3},"end":{"line":105,"column":3}}]},"6":{"line":105,"type":"binary-expr","locations":[{"start":{"line":105,"column":7},"end":{"line":105,"column":13}},{"start":{"line":105,"column":17},"end":{"line":105,"column":35}}]},"7":{"line":122,"type":"if","locations":[{"start":{"line":122,"column":3},"end":{"line":122,"column":3}},{"start":{"line":122,"column":3},"end":{"line":122,"column":3}}]},"8":{"line":122,"type":"binary-expr","locations":[{"start":{"line":122,"column":7},"end":{"line":122,"column":13}},{"start":{"line":122,"column":17},"end":{"line":122,"column":35}}]},"9":{"line":159,"type":"if","locations":[{"start":{"line":159,"column":1},"end":{"line":159,"column":1}},{"start":{"line":159,"column":1},"end":{"line":159,"column":1}}]},"10":{"line":180,"type":"if","locations":[{"start":{"line":180,"column":2},"end":{"line":180,"column":2}},{"start":{"line":180,"column":2},"end":{"line":180,"column":2}}]},"11":{"line":180,"type":"binary-expr","locations":[{"start":{"line":180,"column":6},"end":{"line":180,"column":12}},{"start":{"line":180,"column":17},"end":{"line":180,"column":43}}]},"12":{"line":192,"type":"if","locations":[{"start":{"line":192,"column":2},"end":{"line":192,"column":2}},{"start":{"line":192,"column":2},"end":{"line":192,"column":2}}]},"13":{"line":192,"type":"binary-expr","locations":[{"start":{"line":192,"column":6},"end":{"line":192,"column":12}},{"start":{"line":192,"column":16},"end":{"line":192,"column":34}}]}}},"/Users/erz/code/yahoo/pngjs-image/lib/png/chunk.js":{"path":"/Users/erz/code/yahoo/pngjs-image/lib/png/chunk.js","s":{"1":1,"2":1,"3":1,"4":1164,"5":1164,"6":1,"7":0,"8":1,"9":0,"10":1,"11":46,"12":1,"13":0,"14":1,"15":0,"16":1,"17":0,"18":1,"19":0,"20":1,"21":46,"22":1,"23":46,"24":1,"25":0,"26":1,"27":906,"28":1,"29":842,"30":1,"31":938,"32":1,"33":1,"34":0,"35":1,"36":41,"37":1,"38":41,"39":1,"40":0,"41":1,"42":1,"43":2700,"44":2700,"45":0,"46":2700,"47":2400,"48":2400,"49":1,"50":374,"51":374,"52":0,"53":374,"54":354,"55":354,"56":20,"57":1,"58":18,"59":18,"60":5541,"61":18,"62":1,"63":7416,"64":1,"65":174,"66":174,"67":3132,"68":3132,"69":174,"70":1,"71":1164,"72":1164,"73":46,"74":46,"75":46,"76":1164,"77":1164,"78":1164,"79":46,"80":1164,"81":2887,"82":0,"83":1,"84":1,"85":1,"86":15,"87":15,"88":1,"89":1,"90":1,"91":3,"92":3,"93":1,"94":1,"95":1},"b":{"1":[0,2700],"2":[2400,300],"3":[0,374],"4":[354,20],"5":[3132,0],"6":[46,1118],"7":[1164,0],"8":[46,1118]},"f":{"1":1164,"2":0,"3":0,"4":46,"5":0,"6":0,"7":0,"8":0,"9":46,"10":46,"11":0,"12":906,"13":842,"14":938,"15":0,"16":0,"17":41,"18":41,"19":0,"20":2700,"21":374,"22":18,"23":5541,"24":7416,"25":174,"26":1164,"27":2887,"28":1,"29":15,"30":1,"31":3},"fnMap":{"1":{"name":"(anonymous_1)","line":16,"loc":{"start":{"line":16,"column":12},"end":{"line":16,"column":36}}},"2":{"name":"(anonymous_2)","line":33,"loc":{"start":{"line":33,"column":26},"end":{"line":33,"column":38}}},"3":{"name":"(anonymous_3)","line":52,"loc":{"start":{"line":52,"column":30},"end":{"line":52,"column":42}}},"4":{"name":"(anonymous_4)","line":65,"loc":{"start":{"line":65,"column":31},"end":{"line":65,"column":48}}},"5":{"name":"(anonymous_5)","line":76,"loc":{"start":{"line":76,"column":29},"end":{"line":76,"column":41}}},"6":{"name":"(anonymous_6)","line":86,"loc":{"start":{"line":86,"column":30},"end":{"line":86,"column":42}}},"7":{"name":"(anonymous_7)","line":97,"loc":{"start":{"line":97,"column":27},"end":{"line":97,"column":39}}},"8":{"name":"(anonymous_8)","line":107,"loc":{"start":{"line":107,"column":28},"end":{"line":107,"column":40}}},"9":{"name":"(anonymous_9)","line":118,"loc":{"start":{"line":118,"column":25},"end":{"line":118,"column":37}}},"10":{"name":"(anonymous_10)","line":128,"loc":{"start":{"line":128,"column":27},"end":{"line":128,"column":39}}},"11":{"name":"(anonymous_11)","line":147,"loc":{"start":{"line":147,"column":24},"end":{"line":147,"column":67}}},"12":{"name":"(anonymous_12)","line":167,"loc":{"start":{"line":167,"column":25},"end":{"line":167,"column":60}}},"13":{"name":"(anonymous_13)","line":186,"loc":{"start":{"line":186,"column":29},"end":{"line":186,"column":63}}},"14":{"name":"(anonymous_14)","line":202,"loc":{"start":{"line":202,"column":33},"end":{"line":202,"column":67}}},"15":{"name":"(anonymous_15)","line":221,"loc":{"start":{"line":221,"column":29},"end":{"line":221,"column":62}}},"16":{"name":"(anonymous_16)","line":239,"loc":{"start":{"line":239,"column":29},"end":{"line":239,"column":45}}},"17":{"name":"(anonymous_17)","line":256,"loc":{"start":{"line":256,"column":28},"end":{"line":256,"column":45}}},"18":{"name":"(anonymous_18)","line":273,"loc":{"start":{"line":273,"column":25},"end":{"line":273,"column":42}}},"19":{"name":"(anonymous_19)","line":289,"loc":{"start":{"line":289,"column":26},"end":{"line":289,"column":44}}},"20":{"name":"(anonymous_20)","line":313,"loc":{"start":{"line":313,"column":23},"end":{"line":313,"column":61}}},"21":{"name":"(anonymous_21)","line":337,"loc":{"start":{"line":337,"column":23},"end":{"line":337,"column":60}}},"22":{"name":"(anonymous_22)","line":360,"loc":{"start":{"line":360,"column":21},"end":{"line":360,"column":45}}},"23":{"name":"(anonymous_23)","line":366,"loc":{"start":{"line":366,"column":18},"end":{"line":366,"column":30}}},"24":{"name":"(anonymous_24)","line":381,"loc":{"start":{"line":381,"column":21},"end":{"line":381,"column":37}}},"25":{"name":"(anonymous_25)","line":392,"loc":{"start":{"line":392,"column":22},"end":{"line":392,"column":34}}},"26":{"name":"(anonymous_26)","line":414,"loc":{"start":{"line":414,"column":23},"end":{"line":414,"column":44}}},"27":{"name":"(anonymous_27)","line":434,"loc":{"start":{"line":434,"column":16},"end":{"line":434,"column":28}}},"28":{"name":"(anonymous_28)","line":449,"loc":{"start":{"line":449,"column":30},"end":{"line":449,"column":42}}},"29":{"name":"(anonymous_29)","line":456,"loc":{"start":{"line":456,"column":16},"end":{"line":456,"column":37}}},"30":{"name":"(anonymous_30)","line":468,"loc":{"start":{"line":468,"column":29},"end":{"line":468,"column":41}}},"31":{"name":"(anonymous_31)","line":472,"loc":{"start":{"line":472,"column":16},"end":{"line":472,"column":37}}}},"statementMap":{"1":{"start":{"line":4,"column":0},"end":{"line":4,"column":37}},"2":{"start":{"line":5,"column":0},"end":{"line":5,"column":27}},"3":{"start":{"line":16,"column":0},"end":{"line":21,"column":2}},"4":{"start":{"line":17,"column":1},"end":{"line":17,"column":23}},"5":{"start":{"line":20,"column":1},"end":{"line":20,"column":34}},"6":{"start":{"line":33,"column":0},"end":{"line":35,"column":2}},"7":{"start":{"line":34,"column":1},"end":{"line":34,"column":13}},"8":{"start":{"line":52,"column":0},"end":{"line":54,"column":2}},"9":{"start":{"line":53,"column":1},"end":{"line":53,"column":12}},"10":{"start":{"line":65,"column":0},"end":{"line":67,"column":2}},"11":{"start":{"line":66,"column":1},"end":{"line":66,"column":24}},"12":{"start":{"line":76,"column":0},"end":{"line":78,"column":2}},"13":{"start":{"line":77,"column":1},"end":{"line":77,"column":56}},"14":{"start":{"line":86,"column":0},"end":{"line":88,"column":2}},"15":{"start":{"line":87,"column":1},"end":{"line":87,"column":27}},"16":{"start":{"line":97,"column":0},"end":{"line":99,"column":2}},"17":{"start":{"line":98,"column":1},"end":{"line":98,"column":56}},"18":{"start":{"line":107,"column":0},"end":{"line":109,"column":2}},"19":{"start":{"line":108,"column":1},"end":{"line":108,"column":25}},"20":{"start":{"line":118,"column":0},"end":{"line":120,"column":2}},"21":{"start":{"line":119,"column":1},"end":{"line":119,"column":25}},"22":{"start":{"line":128,"column":0},"end":{"line":130,"column":2}},"23":{"start":{"line":129,"column":1},"end":{"line":129,"column":56}},"24":{"start":{"line":147,"column":0},"end":{"line":149,"column":2}},"25":{"start":{"line":148,"column":1},"end":{"line":148,"column":50}},"26":{"start":{"line":167,"column":0},"end":{"line":170,"column":2}},"27":{"start":{"line":169,"column":1},"end":{"line":169,"column":15}},"28":{"start":{"line":186,"column":0},"end":{"line":189,"column":2}},"29":{"start":{"line":188,"column":1},"end":{"line":188,"column":14}},"30":{"start":{"line":202,"column":0},"end":{"line":205,"column":2}},"31":{"start":{"line":204,"column":1},"end":{"line":204,"column":14}},"32":{"start":{"line":221,"column":0},"end":{"line":223,"column":2}},"33":{"start":{"line":239,"column":0},"end":{"line":242,"column":2}},"34":{"start":{"line":241,"column":1},"end":{"line":241,"column":11}},"35":{"start":{"line":256,"column":0},"end":{"line":259,"column":2}},"36":{"start":{"line":258,"column":1},"end":{"line":258,"column":14}},"37":{"start":{"line":273,"column":0},"end":{"line":276,"column":2}},"38":{"start":{"line":275,"column":1},"end":{"line":275,"column":14}},"39":{"start":{"line":289,"column":0},"end":{"line":291,"column":2}},"40":{"start":{"line":290,"column":1},"end":{"line":290,"column":52}},"41":{"start":{"line":301,"column":0},"end":{"line":301,"column":21}},"42":{"start":{"line":313,"column":0},"end":{"line":324,"column":2}},"43":{"start":{"line":314,"column":1},"end":{"line":314,"column":39}},"44":{"start":{"line":316,"column":1},"end":{"line":318,"column":2}},"45":{"start":{"line":317,"column":2},"end":{"line":317,"column":48}},"46":{"start":{"line":320,"column":1},"end":{"line":323,"column":2}},"47":{"start":{"line":321,"column":2},"end":{"line":321,"column":33}},"48":{"start":{"line":322,"column":2},"end":{"line":322,"column":35}},"49":{"start":{"line":337,"column":0},"end":{"line":350,"column":2}},"50":{"start":{"line":338,"column":1},"end":{"line":338,"column":39}},"51":{"start":{"line":340,"column":1},"end":{"line":342,"column":2}},"52":{"start":{"line":341,"column":2},"end":{"line":341,"column":48}},"53":{"start":{"line":344,"column":1},"end":{"line":349,"column":2}},"54":{"start":{"line":345,"column":2},"end":{"line":345,"column":33}},"55":{"start":{"line":346,"column":2},"end":{"line":346,"column":41}},"56":{"start":{"line":348,"column":2},"end":{"line":348,"column":12}},"57":{"start":{"line":360,"column":0},"end":{"line":371,"column":2}},"58":{"start":{"line":363,"column":1},"end":{"line":363,"column":74}},"59":{"start":{"line":366,"column":1},"end":{"line":368,"column":3}},"60":{"start":{"line":367,"column":2},"end":{"line":367,"column":14}},"61":{"start":{"line":370,"column":1},"end":{"line":370,"column":31}},"62":{"start":{"line":381,"column":0},"end":{"line":383,"column":2}},"63":{"start":{"line":382,"column":1},"end":{"line":382,"column":29}},"64":{"start":{"line":392,"column":0},"end":{"line":404,"column":2}},"65":{"start":{"line":394,"column":1},"end":{"line":395,"column":4}},"66":{"start":{"line":397,"column":1},"end":{"line":401,"column":2}},"67":{"start":{"line":398,"column":2},"end":{"line":400,"column":3}},"68":{"start":{"line":399,"column":3},"end":{"line":399,"column":18}},"69":{"start":{"line":403,"column":1},"end":{"line":403,"column":15}},"70":{"start":{"line":414,"column":0},"end":{"line":441,"column":2}},"71":{"start":{"line":415,"column":1},"end":{"line":416,"column":22}},"72":{"start":{"line":419,"column":1},"end":{"line":423,"column":2}},"73":{"start":{"line":420,"column":2},"end":{"line":420,"column":38}},"74":{"start":{"line":421,"column":2},"end":{"line":421,"column":21}},"75":{"start":{"line":422,"column":2},"end":{"line":422,"column":16}},"76":{"start":{"line":425,"column":1},"end":{"line":440,"column":2}},"77":{"start":{"line":426,"column":2},"end":{"line":426,"column":33}},"78":{"start":{"line":429,"column":2},"end":{"line":431,"column":3}},"79":{"start":{"line":430,"column":3},"end":{"line":430,"column":36}},"80":{"start":{"line":434,"column":2},"end":{"line":436,"column":4}},"81":{"start":{"line":435,"column":3},"end":{"line":435,"column":15}},"82":{"start":{"line":439,"column":2},"end":{"line":439,"column":48}},"83":{"start":{"line":449,"column":0},"end":{"line":460,"column":2}},"84":{"start":{"line":450,"column":1},"end":{"line":454,"column":9}},"85":{"start":{"line":456,"column":1},"end":{"line":459,"column":15}},"86":{"start":{"line":457,"column":2},"end":{"line":457,"column":62}},"87":{"start":{"line":458,"column":2},"end":{"line":458,"column":39}},"88":{"start":{"line":468,"column":0},"end":{"line":476,"column":2}},"89":{"start":{"line":469,"column":1},"end":{"line":470,"column":9}},"90":{"start":{"line":472,"column":1},"end":{"line":475,"column":15}},"91":{"start":{"line":473,"column":2},"end":{"line":473,"column":62}},"92":{"start":{"line":474,"column":2},"end":{"line":474,"column":39}},"93":{"start":{"line":479,"column":0},"end":{"line":479,"column":30}},"94":{"start":{"line":480,"column":0},"end":{"line":480,"column":29}},"95":{"start":{"line":482,"column":0},"end":{"line":482,"column":23}}},"branchMap":{"1":{"line":316,"type":"if","locations":[{"start":{"line":316,"column":1},"end":{"line":316,"column":1}},{"start":{"line":316,"column":1},"end":{"line":316,"column":1}}]},"2":{"line":320,"type":"if","locations":[{"start":{"line":320,"column":1},"end":{"line":320,"column":1}},{"start":{"line":320,"column":1},"end":{"line":320,"column":1}}]},"3":{"line":340,"type":"if","locations":[{"start":{"line":340,"column":1},"end":{"line":340,"column":1}},{"start":{"line":340,"column":1},"end":{"line":340,"column":1}}]},"4":{"line":344,"type":"if","locations":[{"start":{"line":344,"column":1},"end":{"line":344,"column":1}},{"start":{"line":344,"column":1},"end":{"line":344,"column":1}}]},"5":{"line":398,"type":"if","locations":[{"start":{"line":398,"column":2},"end":{"line":398,"column":2}},{"start":{"line":398,"column":2},"end":{"line":398,"column":2}}]},"6":{"line":419,"type":"if","locations":[{"start":{"line":419,"column":1},"end":{"line":419,"column":1}},{"start":{"line":419,"column":1},"end":{"line":419,"column":1}}]},"7":{"line":425,"type":"if","locations":[{"start":{"line":425,"column":1},"end":{"line":425,"column":1}},{"start":{"line":425,"column":1},"end":{"line":425,"column":1}}]},"8":{"line":429,"type":"if","locations":[{"start":{"line":429,"column":2},"end":{"line":429,"column":2}},{"start":{"line":429,"column":2},"end":{"line":429,"column":2}}]}}},"/Users/erz/code/yahoo/pngjs-image/lib/png/utils/utils.js":{"path":"/Users/erz/code/yahoo/pngjs-image/lib/png/utils/utils.js","s":{"1":1,"2":1,"3":204,"4":204,"5":1368,"6":31039,"7":31039},"b":{"1":[204,0],"2":[31039,0]},"f":{"1":204,"2":1368},"fnMap":{"1":{"name":"(anonymous_1)","line":20,"loc":{"start":{"line":20,"column":13},"end":{"line":20,"column":34}}},"2":{"name":"(anonymous_2)","line":33,"loc":{"start":{"line":33,"column":13},"end":{"line":33,"column":37}}}},"statementMap":{"1":{"start":{"line":4,"column":0},"end":{"line":4,"column":23}},"2":{"start":{"line":11,"column":0},"end":{"line":40,"column":2}},"3":{"start":{"line":21,"column":2},"end":{"line":23,"column":3}},"4":{"start":{"line":22,"column":3},"end":{"line":22,"column":39}},"5":{"start":{"line":34,"column":2},"end":{"line":38,"column":3}},"6":{"start":{"line":35,"column":3},"end":{"line":37,"column":4}},"7":{"start":{"line":36,"column":4},"end":{"line":36,"column":42}}},"branchMap":{"1":{"line":21,"type":"if","locations":[{"start":{"line":21,"column":2},"end":{"line":21,"column":2}},{"start":{"line":21,"column":2},"end":{"line":21,"column":2}}]},"2":{"line":35,"type":"if","locations":[{"start":{"line":35,"column":3},"end":{"line":35,"column":3}},{"start":{"line":35,"column":3},"end":{"line":35,"column":3}}]}}},"/Users/erz/code/yahoo/pngjs-image/lib/png/chunks/bKGD.js":{"path":"/Users/erz/code/yahoo/pngjs-image/lib/png/chunks/bKGD.js","s":{"1":1,"2":1,"3":1,"4":3036,"5":19,"6":13,"7":0,"8":13,"9":13,"10":13,"11":0,"12":13,"13":0,"14":13,"15":13,"16":13,"17":4,"18":0,"19":4,"20":4,"21":4,"22":9,"23":4,"24":0,"25":4,"26":4,"27":4,"28":5,"29":0,"30":5,"31":13,"32":13,"33":6,"34":6,"35":6,"36":6,"37":6,"38":6144,"39":6144,"40":6144,"41":6144,"42":6144,"43":1517,"44":1517,"45":1517,"46":1517,"47":4627,"48":1860,"49":1860,"50":1860,"51":1860,"52":1860,"53":6144,"54":6144,"55":6144,"56":6144,"57":13,"58":150,"59":150,"60":137,"61":13,"62":0,"63":13,"64":13,"65":20,"66":0,"67":0,"68":0,"69":20,"70":0,"71":0,"72":0,"73":0,"74":0,"75":0,"76":0,"77":0,"78":0,"79":0,"80":0,"81":0,"82":0,"83":0,"84":0},"b":{"1":[19,0],"2":[0,13],"3":[0,13],"4":[0,13],"5":[13,13],"6":[4,9],"7":[0,4],"8":[4,4,4],"9":[4,5],"10":[0,4],"11":[4,4,4],"12":[0,5],"13":[5,5,5],"14":[6,7],"15":[1517,4627],"16":[2767,1860],"17":[137,13],"18":[0,13],"19":[13,13],"20":[13,0],"21":[0,20],"22":[0,0],"23":[0,0]},"f":{"1":3036,"2":19,"3":13,"4":13,"5":13,"6":150,"7":20,"8":0},"fnMap":{"1":{"name":"(anonymous_1)","line":23,"loc":{"start":{"line":23,"column":14},"end":{"line":23,"column":26}}},"2":{"name":"(anonymous_2)","line":34,"loc":{"start":{"line":34,"column":11},"end":{"line":34,"column":23}}},"3":{"name":"(anonymous_3)","line":48,"loc":{"start":{"line":48,"column":11},"end":{"line":48,"column":28}}},"4":{"name":"(anonymous_4)","line":67,"loc":{"start":{"line":67,"column":8},"end":{"line":67,"column":51}}},"5":{"name":"(anonymous_5)","line":136,"loc":{"start":{"line":136,"column":13},"end":{"line":136,"column":47}}},"6":{"name":"(anonymous_6)","line":204,"loc":{"start":{"line":204,"column":13},"end":{"line":204,"column":46}}},"7":{"name":"(anonymous_7)","line":232,"loc":{"start":{"line":232,"column":13},"end":{"line":232,"column":36}}},"8":{"name":"(anonymous_8)","line":254,"loc":{"start":{"line":254,"column":10},"end":{"line":254,"column":28}}}},"statementMap":{"1":{"start":{"line":4,"column":0},"end":{"line":4,"column":44}},"2":{"start":{"line":5,"column":0},"end":{"line":5,"column":56}},"3":{"start":{"line":15,"column":0},"end":{"line":285,"column":2}},"4":{"start":{"line":24,"column":2},"end":{"line":24,"column":13}},"5":{"start":{"line":35,"column":2},"end":{"line":39,"column":5}},"6":{"start":{"line":49,"column":2},"end":{"line":51,"column":3}},"7":{"start":{"line":50,"column":3},"end":{"line":50,"column":86}},"8":{"start":{"line":52,"column":2},"end":{"line":52,"column":22}},"9":{"start":{"line":69,"column":2},"end":{"line":72,"column":9}},"10":{"start":{"line":75,"column":2},"end":{"line":77,"column":3}},"11":{"start":{"line":76,"column":3},"end":{"line":76,"column":76}},"12":{"start":{"line":79,"column":2},"end":{"line":81,"column":3}},"13":{"start":{"line":80,"column":3},"end":{"line":80,"column":78}},"14":{"start":{"line":83,"column":2},"end":{"line":83,"column":38}},"15":{"start":{"line":84,"column":2},"end":{"line":84,"column":34}},"16":{"start":{"line":86,"column":2},"end":{"line":121,"column":3}},"17":{"start":{"line":88,"column":3},"end":{"line":90,"column":4}},"18":{"start":{"line":89,"column":4},"end":{"line":89,"column":115}},"19":{"start":{"line":92,"column":3},"end":{"line":92,"column":33}},"20":{"start":{"line":93,"column":3},"end":{"line":93,"column":36}},"21":{"start":{"line":94,"column":3},"end":{"line":98,"column":6}},"22":{"start":{"line":100,"column":9},"end":{"line":121,"column":3}},"23":{"start":{"line":102,"column":3},"end":{"line":104,"column":4}},"24":{"start":{"line":103,"column":4},"end":{"line":103,"column":125}},"25":{"start":{"line":106,"column":3},"end":{"line":106,"column":51}},"26":{"start":{"line":107,"column":3},"end":{"line":107,"column":30}},"27":{"start":{"line":108,"column":3},"end":{"line":108,"column":50}},"28":{"start":{"line":112,"column":3},"end":{"line":114,"column":4}},"29":{"start":{"line":113,"column":4},"end":{"line":113,"column":111}},"30":{"start":{"line":116,"column":3},"end":{"line":120,"column":6}},"31":{"start":{"line":138,"column":2},"end":{"line":142,"column":9}},"32":{"start":{"line":144,"column":2},"end":{"line":188,"column":3}},"33":{"start":{"line":146,"column":3},"end":{"line":146,"column":37}},"34":{"start":{"line":148,"column":3},"end":{"line":148,"column":50}},"35":{"start":{"line":150,"column":3},"end":{"line":150,"column":51}},"36":{"start":{"line":151,"column":3},"end":{"line":151,"column":32}},"37":{"start":{"line":154,"column":3},"end":{"line":187,"column":4}},"38":{"start":{"line":156,"column":4},"end":{"line":156,"column":32}},"39":{"start":{"line":157,"column":4},"end":{"line":157,"column":32}},"40":{"start":{"line":158,"column":4},"end":{"line":158,"column":32}},"41":{"start":{"line":159,"column":4},"end":{"line":159,"column":32}},"42":{"start":{"line":163,"column":4},"end":{"line":179,"column":5}},"43":{"start":{"line":164,"column":5},"end":{"line":164,"column":29}},"44":{"start":{"line":165,"column":5},"end":{"line":165,"column":31}},"45":{"start":{"line":166,"column":5},"end":{"line":166,"column":30}},"46":{"start":{"line":167,"column":5},"end":{"line":167,"column":13}},"47":{"start":{"line":169,"column":11},"end":{"line":179,"column":5}},"48":{"start":{"line":174,"column":5},"end":{"line":174,"column":23}},"49":{"start":{"line":175,"column":5},"end":{"line":175,"column":55}},"50":{"start":{"line":176,"column":5},"end":{"line":176,"column":57}},"51":{"start":{"line":177,"column":5},"end":{"line":177,"column":56}},"52":{"start":{"line":178,"column":5},"end":{"line":178,"column":13}},"53":{"start":{"line":183,"column":4},"end":{"line":183,"column":31}},"54":{"start":{"line":184,"column":4},"end":{"line":184,"column":31}},"55":{"start":{"line":185,"column":4},"end":{"line":185,"column":31}},"56":{"start":{"line":186,"column":4},"end":{"line":186,"column":31}},"57":{"start":{"line":190,"column":2},"end":{"line":190,"column":15}},"58":{"start":{"line":206,"column":2},"end":{"line":206,"column":52}},"59":{"start":{"line":208,"column":2},"end":{"line":210,"column":3}},"60":{"start":{"line":209,"column":3},"end":{"line":209,"column":11}},"61":{"start":{"line":212,"column":2},"end":{"line":214,"column":3}},"62":{"start":{"line":213,"column":3},"end":{"line":213,"column":82}},"63":{"start":{"line":216,"column":2},"end":{"line":216,"column":38}},"64":{"start":{"line":217,"column":2},"end":{"line":217,"column":55}},"65":{"start":{"line":234,"column":2},"end":{"line":243,"column":3}},"66":{"start":{"line":236,"column":3},"end":{"line":236,"column":66}},"67":{"start":{"line":238,"column":3},"end":{"line":238,"column":40}},"68":{"start":{"line":240,"column":3},"end":{"line":240,"column":18}},"69":{"start":{"line":242,"column":3},"end":{"line":242,"column":13}},"70":{"start":{"line":256,"column":2},"end":{"line":259,"column":9}},"71":{"start":{"line":261,"column":2},"end":{"line":261,"column":34}},"72":{"start":{"line":263,"column":2},"end":{"line":283,"column":3}},"73":{"start":{"line":266,"column":3},"end":{"line":266,"column":27}},"74":{"start":{"line":267,"column":3},"end":{"line":267,"column":66}},"75":{"start":{"line":268,"column":3},"end":{"line":268,"column":36}},"76":{"start":{"line":269,"column":3},"end":{"line":269,"column":31}},"77":{"start":{"line":271,"column":9},"end":{"line":283,"column":3}},"78":{"start":{"line":273,"column":3},"end":{"line":273,"column":51}},"79":{"start":{"line":274,"column":3},"end":{"line":274,"column":51}},"80":{"start":{"line":275,"column":3},"end":{"line":275,"column":35}},"81":{"start":{"line":279,"column":3},"end":{"line":279,"column":27}},"82":{"start":{"line":280,"column":3},"end":{"line":280,"column":54}},"83":{"start":{"line":281,"column":3},"end":{"line":281,"column":56}},"84":{"start":{"line":282,"column":3},"end":{"line":282,"column":55}}},"branchMap":{"1":{"line":35,"type":"binary-expr","locations":[{"start":{"line":35,"column":9},"end":{"line":35,"column":20}},{"start":{"line":35,"column":24},"end":{"line":39,"column":4}}]},"2":{"line":49,"type":"if","locations":[{"start":{"line":49,"column":2},"end":{"line":49,"column":2}},{"start":{"line":49,"column":2},"end":{"line":49,"column":2}}]},"3":{"line":75,"type":"if","locations":[{"start":{"line":75,"column":2},"end":{"line":75,"column":2}},{"start":{"line":75,"column":2},"end":{"line":75,"column":2}}]},"4":{"line":79,"type":"if","locations":[{"start":{"line":79,"column":2},"end":{"line":79,"column":2}},{"start":{"line":79,"column":2},"end":{"line":79,"column":2}}]},"5":{"line":79,"type":"binary-expr","locations":[{"start":{"line":79,"column":6},"end":{"line":79,"column":12}},{"start":{"line":79,"column":17},"end":{"line":79,"column":67}}]},"6":{"line":86,"type":"if","locations":[{"start":{"line":86,"column":2},"end":{"line":86,"column":2}},{"start":{"line":86,"column":2},"end":{"line":86,"column":2}}]},"7":{"line":88,"type":"if","locations":[{"start":{"line":88,"column":3},"end":{"line":88,"column":3}},{"start":{"line
[...]
rt":{"line":22,"column":14},"end":{"line":22,"column":26}}},"2":{"name":"(anonymous_2)","line":33,"loc":{"start":{"line":33,"column":13},"end":{"line":33,"column":25}}},"3":{"name":"(anonymous_3)","line":43,"loc":{"start":{"line":43,"column":13},"end":{"line":43,"column":29}}},"4":{"name":"(anonymous_4)","line":53,"loc":{"start":{"line":53,"column":13},"end":{"line":53,"column":25}}},"5":{"name":"(anonymous_5)","line":63,"loc":{"start":{"line":63,"column":13},"end":{"line":63,"column":29}}},"6":{"name":"(anonymous_6)","line":79,"loc":{"start":{"line":79,"column":8},"end":{"line":79,"column":51}}},"7":{"name":"(anonymous_7)","line":136,"loc":{"start":{"line":136,"column":13},"end":{"line":136,"column":46}}},"8":{"name":"(anonymous_8)","line":145,"loc":{"start":{"line":145,"column":17},"end":{"line":145,"column":34}}},"9":{"name":"(anonymous_9)","line":166,"loc":{"start":{"line":166,"column":13},"end":{"line":166,"column":36}}},"10":{"name":"(anonymous_10)","line":174,"loc":{"start":{"line":174,"column":21},"end":{"line":174,"column":38}}},"11":{"name":"(anonymous_11)","line":199,"loc":{"start":{"line":199,"column":10},"end":{"line":199,"column":28}}}},"statementMap":{"1":{"start":{"line":6,"column":0},"end":{"line":6,"column":52}},"2":{"start":{"line":7,"column":0},"end":{"line":7,"column":56}},"3":{"start":{"line":14,"column":0},"end":{"line":227,"column":2}},"4":{"start":{"line":23,"column":2},"end":{"line":23,"column":13}},"5":{"start":{"line":34,"column":2},"end":{"line":34,"column":29}},"6":{"start":{"line":44,"column":2},"end":{"line":44,"column":23}},"7":{"start":{"line":54,"column":2},"end":{"line":54,"column":29}},"8":{"start":{"line":64,"column":2},"end":{"line":64,"column":23}},"9":{"start":{"line":81,"column":2},"end":{"line":84,"column":21}},"10":{"start":{"line":87,"column":2},"end":{"line":87,"column":37}},"11":{"start":{"line":88,"column":2},"end":{"line":93,"column":3}},"12":{"start":{"line":89,"column":3},"end":{"line":92,"column":4}},"13":{"start":{"line":90,"column":4},"end":{"line":90,"column":19}},"14":{"start":{"line":91,"column":4},"end":{"line":91,"column":10}},"15":{"start":{"line":96,"column":2},"end":{"line":98,"column":3}},"16":{"start":{"line":97,"column":3},"end":{"line":97,"column":77}},"17":{"start":{"line":101,"column":2},"end":{"line":101,"column":41}},"18":{"start":{"line":102,"column":2},"end":{"line":102,"column":35}},"19":{"start":{"line":103,"column":2},"end":{"line":103,"column":26}},"20":{"start":{"line":106,"column":2},"end":{"line":106,"column":17}},"21":{"start":{"line":109,"column":2},"end":{"line":109,"column":41}},"22":{"start":{"line":110,"column":2},"end":{"line":112,"column":3}},"23":{"start":{"line":111,"column":3},"end":{"line":111,"column":83}},"24":{"start":{"line":115,"column":2},"end":{"line":115,"column":52}},"25":{"start":{"line":118,"column":2},"end":{"line":118,"column":32}},"26":{"start":{"line":119,"column":2},"end":{"line":119,"column":37}},"27":{"start":{"line":122,"column":2},"end":{"line":122,"column":53}},"28":{"start":{"line":138,"column":2},"end":{"line":138,"column":52}},"29":{"start":{"line":140,"column":2},"end":{"line":142,"column":3}},"30":{"start":{"line":141,"column":3},"end":{"line":141,"column":11}},"31":{"start":{"line":144,"column":2},"end":{"line":144,"column":17}},"32":{"start":{"line":145,"column":2},"end":{"line":151,"column":5}},"33":{"start":{"line":147,"column":3},"end":{"line":150,"column":6}},"34":{"start":{"line":168,"column":2},"end":{"line":188,"column":3}},"35":{"start":{"line":170,"column":3},"end":{"line":172,"column":30}},"36":{"start":{"line":174,"column":3},"end":{"line":183,"column":17}},"37":{"start":{"line":176,"column":4},"end":{"line":176,"column":47}},"38":{"start":{"line":178,"column":4},"end":{"line":178,"column":36}},"39":{"start":{"line":179,"column":4},"end":{"line":179,"column":36}},"40":{"start":{"line":181,"column":4},"end":{"line":181,"column":23}},"41":{"start":{"line":185,"column":3},"end":{"line":185,"column":17}},"42":{"start":{"line":187,"column":3},"end":{"line":187,"column":13}},"43":{"start":{"line":201,"column":2},"end":{"line":205,"column":10}},"44":{"start":{"line":207,"column":2},"end":{"line":207,"column":52}},"45":{"start":{"line":210,"column":2},"end":{"line":210,"column":32}},"46":{"start":{"line":211,"column":2},"end":{"line":211,"column":58}},"47":{"start":{"line":214,"column":2},"end":{"line":214,"column":29}},"48":{"start":{"line":215,"column":2},"end":{"line":215,"column":38}},"49":{"start":{"line":216,"column":2},"end":{"line":216,"column":29}},"50":{"start":{"line":219,"column":2},"end":{"line":219,"column":23}},"51":{"start":{"line":222,"column":2},"end":{"line":222,"column":23}},"52":{"start":{"line":225,"column":2},"end":{"line":225,"column":27}}},"branchMap":{"1":{"line":34,"type":"binary-expr","locations":[{"start":{"line":34,"column":9},"end":{"line":34,"column":22}},{"start":{"line":34,"column":26},"end":{"line":34,"column":28}}]},"2":{"line":54,"type":"binary-expr","locations":[{"start":{"line":54,"column":9},"end":{"line":54,"column":22}},{"start":{"line":54,"column":26},"end":{"line":54,"column":28}}]},"3":{"line":89,"type":"if","locations":[{"start":{"line":89,"column":3},"end":{"line":89,"column":3}},{"start":{"line":89,"column":3},"end":{"line":89,"column":3}}]},"4":{"line":96,"type":"if","locations":[{"start":{"line":96,"column":2},"end":{"line":96,"column":2}},{"start":{"line":96,"column":2},"end":{"line":96,"column":2}}]},"5":{"line":110,"type":"if","locations":[{"start":{"line":110,"column":2},"end":{"line":110,"column":2}},{"start":{"line":110,"column":2},"end":{"line":110,"column":2}}]},"6":{"line":140,"type":"if","locations":[{"start":{"line":140,"column":2},"end":{"line":140,"column":2}},{"start":{"line":140,"column":2},"end":{"line":140,"column":2}}]},"7":{"line":168,"type":"if","locations":[{"start":{"line":168,"column":2},"end":{"line":168,"column":2}},{"start":{"line":168,"column":2},"end":{"line":168,"column":2}}]},"8":{"line":207,"type":"binary-expr","locations":[{"start":{"line":207,"column":27},"end":{"line":207,"column":44}},{"start":{"line":207,"column":48},"end":{"line":207,"column":50}}]}}},"/Users/erz/code/yahoo/pngjs-image/lib/png/custom/zzZz.js":{"path":"/Users/erz/code/yahoo/pngjs-image/lib/png/custom/zzZz.js","s":{"1":1,"2":1,"3":1078,"4":47,"5":47,"6":47,"7":0,"8":47,"9":47,"10":46,"11":150,"12":150,"13":104,"14":46,"15":46,"16":46,"17":46,"18":0,"19":46,"20":46,"21":46,"22":20,"23":1,"24":1,"25":1,"26":1,"27":0,"28":1,"29":1,"30":1,"31":1,"32":19,"33":1},"b":{"1":[47,0],"2":[0,47],"3":[104,46],"4":[46,0],"5":[46,0],"6":[1,19],"7":[0,1]},"f":{"1":1078,"2":47,"3":47,"4":47,"5":47,"6":46,"7":150,"8":46,"9":20,"10":1,"11":1},"fnMap":{"1":{"name":"(anonymous_1)","line":21,"loc":{"start":{"line":21,"column":14},"end":{"line":21,"column":26}}},"2":{"name":"(anonymous_2)","line":32,"loc":{"start":{"line":32,"column":18},"end":{"line":32,"column":30}}},"3":{"name":"(anonymous_3)","line":42,"loc":{"start":{"line":42,"column":18},"end":{"line":42,"column":34}}},"4":{"name":"(anonymous_4)","line":53,"loc":{"start":{"line":53,"column":12},"end":{"line":53,"column":24}}},"5":{"name":"(anonymous_5)","line":66,"loc":{"start":{"line":66,"column":12},"end":{"line":66,"column":30}}},"6":{"name":"(anonymous_6)","line":82,"loc":{"start":{"line":82,"column":8},"end":{"line":82,"column":51}}},"7":{"name":"(anonymous_7)","line":97,"loc":{"start":{"line":97,"column":13},"end":{"line":97,"column":46}}},"8":{"name":"(anonymous_8)","line":106,"loc":{"start":{"line":106,"column":17},"end":{"line":106,"column":34}}},"9":{"name":"(anonymous_9)","line":141,"loc":{"start":{"line":141,"column":13},"end":{"line":141,"column":36}}},"10":{"name":"(anonymous_10)","line":149,"loc":{"start":{"line":149,"column":30},"end":{"line":149,"column":46}}},"11":{"name":"(anonymous_11)","line":178,"loc":{"start":{"line":178,"column":10},"end":{"line":178,"column":28}}}},"statementMap":{"1":{"start":{"line":6,"column":0},"end":{"line":6,"column":56}},"2":{"start":{"line":13,"column":0},"end":{"line":181,"column":2}},"3":{"start":{"line":22,"column":2},"end":{"line":22,"column":13}},"4":{"start":{"line":33,"column":2},"end":{"line":33,"column":38}},"5":{"start":{"line":43,"column":2},"end":{"line":43,"column":28}},"6":{"start":{"line":54,"column":2},"end":{"line":56,"column":3}},"7":{"start":{"line":55,"column":3},"end":{"line":55,"column":31}},"8":{"start":{"line":57,"column":2},"end":{"line":57,"column":22}},"9":{"start":{"line":67,"column":2},"end":{"line":67,"column":24}},"10":{"start":{"line":83,"column":2},"end":{"line":83,"column":53}},"11":{"start":{"line":99,"column":2},"end":{"line":100,"column":31}},"12":{"start":{"line":102,"column":2},"end":{"line":104,"column":3}},"13":{"start":{"line":103,"column":3},"end":{"line":103,"column":11}},"14":{"start":{"line":106,"column":2},"end":{"line":122,"column":5}},"15":{"start":{"line":108,"column":3},"end":{"line":111,"column":5}},"16":{"start":{"line":114,"column":3},"end":{"line":121,"column":4}},"17":{"start":{"line":116,"column":4},"end":{"line":116,"column":23}},"18":{"start":{"line":120,"column":4},"end":{"line":120,"column":24}},"19":{"start":{"line":124,"column":2},"end":{"line":124,"column":31}},"20":{"start":{"line":125,"column":2},"end":{"line":125,"column":38}},"21":{"start":{"line":126,"column":2},"end":{"line":126,"column":41}},"22":{"start":{"line":143,"column":2},"end":{"line":167,"column":3}},"23":{"start":{"line":145,"column":3},"end":{"line":147,"column":30}},"24":{"start":{"line":149,"column":3},"end":{"line":162,"column":17}},"25":{"start":{"line":151,"column":4},"end":{"line":151,"column":47}},"26":{"start":{"line":153,"column":4},"end":{"line":155,"column":5}},"27":{"start":{"line":154,"column":5},"end":{"line":154,"column":58}},"28":{"start":{"line":157,"column":4},"end":{"line":157,"column":37}},"29":{"start":{"line":158,"column":4},"end":{"line":158,"column":31}},"30":{"start":{"line":160,"column":4},"end":{"line":160,"column":23}},"31":{"start":{"line":164,"column":3},"end":{"line":164,"column":17}},"32":{"start":{"line":166,"column":3},"end":{"line":166,"column":13}},"33":{"start":{"line":179,"column":2},"end":{"line":179,"column":39}}},"branchMap":{"1":{"line":33,"type":"binary-expr","locations":[{"start":{"line":33,"column":9},"end":{"line":33,"column":27}},{"start":{"line":33,"column":31},"end":{"line":33,"column":37}}]},"2":{"line":54,"type":"if","locations":[{"start":{"line":54,"column":2},"end":{"line":54,"column":2}},{"start":{"line":54,"column":2},"end":{"line":54,"column":2}}]},"3":{"line":102,"type":"if","locations":[{"start":{"line":102,"column":2},"end":{"line":102,"column":2}},{"start":{"line":102,"column":2},"end":{"line":102,"column":2}}]},"4":{"line":114,"type":"if","locations":[{"start":{"line":114,"column":3},"end":{"line":114,"column":3}},{"start":{"line":114,"column":3},"end":{"line":114,"column":3}}]},"5":{"line":125,"type":"binary-expr","locations":[{"start":{"line":125,"column":18},"end":{"line":125,"column":31}},{"start":{"line":125,"column":35},"end":{"line":125,"column":37}}]},"6":{"line":143,"type":"if","locations":[{"start":{"line":143,"column":2},"end":{"line":143,"column":2}},{"start":{"line":143,"column":2},"end":{"line":143,"column":2}}]},"7":{"line":153,"type":"if","locations":[{"start":{"line":153,"column":4},"end":{"line":153,"column":4}},{"start":{"line":153,"column":4},"end":{"line":153,"column":4}}]}}},"/Users/erz/code/yahoo/pngjs-image/lib/png/processor/crc.js":{"path":"/Users/erz/code/yahoo/pngjs-image/lib/png/processor/crc.js","s":{"1":1,"2":1,"3":1,"4":256,"5":256,"6":2048,"7":256,"8":1,"9":1,"10":1156,"11":1,"12":1,"13":1156,"14":1156,"15":92863,"16":1156,"17":1,"18":1151,"19":1},"b":{"1":[1024,1024]},"f":{"1":1,"2":1156,"3":1156,"4":1151},"fnMap":{"1":{"name":"createCRCTable","line":14,"loc":{"start":{"line":14,"column":0},"end":{"line":14,"column":27}}},"2":{"name":"(anonymous_2)","line":35,"loc":{"start":{"line":35,"column":10},"end":{"line":35,"column":22}}},"3":{"name":"(anonymous_3)","line":56,"loc":{"start":{"line":56,"column":22},"end":{"line":56,"column":54}}},"4":{"name":"(anonymous_4)","line":76,"loc":{"start":{"line":76,"column":25},"end":{"line":76,"column":37}}}},"statementMap":{"1":{"start":{"line":14,"column":0},"end":{"line":27,"column":1}},"2":{"start":{"line":15,"column":1},"end":{"line":16,"column":10}},"3":{"start":{"line":18,"column":1},"end":{"line":24,"column":2}},"4":{"start":{"line":19,"column":2},"end":{"line":19,"column":8}},"5":{"start":{"line":20,"column":2},"end":{"line":22,"column":3}},"6":{"start":{"line":21,"column":3},"end":{"line":21,"column":50}},"7":{"start":{"line":23,"column":2},"end":{"line":23,"column":18}},"8":{"start":{"line":26,"column":1},"end":{"line":26,"column":17}},"9":{"start":{"line":35,"column":0},"end":{"line":37,"column":2}},"10":{"start":{"line":36,"column":1},"end":{"line":36,"column":18}},"11":{"start":{"line":45,"column":0},"end":{"line":45,"column":29}},"12":{"start":{"line":56,"column":0},"end":{"line":68,"column":2}},"13":{"start":{"line":58,"column":1},"end":{"line":61,"column":18}},"14":{"start":{"line":63,"column":1},"end":{"line":65,"column":2}},"15":{"start":{"line":64,"column":2},"end":{"line":64,"column":46}},"16":{"start":{"line":67,"column":1},"end":{"line":67,"column":17}},"17":{"start":{"line":76,"column":0},"end":{"line":78,"column":2}},"18":{"start":{"line":77,"column":1},"end":{"line":77,"column":25}},"19":{"start":{"line":80,"column":0},"end":{"line":80,"column":21}}},"branchMap":{"1":{"line":21,"type":"cond-expr","locations":[{"start":{"line":21,"column":17},"end":{"line":21,"column":39}},{"start":{"line":21,"column":42},"end":{"line":21,"column":49}}]}}},"/Users/erz/code/yahoo/pngjs-image/lib/png/encoder.js":{"path":"/Users/erz/code/yahoo/pngjs-image/lib/png/encoder.js","s":{"1":1,"2":1,"3":1,"4":1,"5":1,"6":1,"7":1,"8":24,"9":24,"10":24,"11":1,"12":0,"13":1,"14":24,"15":24,"16":24,"17":24,"18":24,"19":374,"20":370,"21":65,"22":20,"23":61,"24":20,"25":61,"26":20,"27":20,"28":160,"29":20,"30":81,"31":20,"32":1,"33":81,"34":81,"35":81,"36":81,"37":81,"38":1,"39":80,"40":81,"41":81,"42":81,"43":81,"44":81,"45":81,"46":81,"47":81,"48":1,"49":24,"50":24,"51":24,"52":24,"53":24,"54":24,"55":24,"56":24,"57":1},"b":{"1":[24,1],"2":[1,80],"3":[24,24]},"f":{"1":24,"2":0,"3":24,"4":374,"5":65,"6":61,"7":61,"8":81,"9":81,"10":24},"fnMap":{"1":{"name":"(anonymous_1)","line":22,"loc":{"start":{"line":22,"column":14},"end":{"line":22,"column":26}}},"2":{"name":"(anonymous_2)","line":36,"loc":{"start":{"line":36,"column":33},"end":{"line":36,"column":45}}},"3":{"name":"(anonymous_3)","line":50,"loc":{"start":{"line":50,"column":27},"end":{"line":50,"column":68}}},"4":{"name":"(anonymous_4)","line":65,"loc":{"start":{"line":65,"column":28},"end":{"line":65,"column":45}}},"5":{"name":"(anonymous_5)","line":71,"loc":{"start":{"line":71,"column":17},"end":{"line":71,"column":34}}},"6":{"name":"(anonymous_6)","line":79,"loc":{"start":{"line":79,"column":28},"end":{"line":79,"column":45}}},"7":{"name":"(anonymous_7)","line":86,"loc":{"start":{"line":86,"column":28},"end":{"line":86,"column":45}}},"8":{"name":"(anonymous_8)","line":99,"loc":{"start":{"line":99,"column":28},"end":{"line":99,"column":45}}},"9":{"name":"(anonymous_9)","line":114,"loc":{"start":{"line":114,"column":33},"end":{"line":114,"column":58}}},"10":{"name":"(anonymous_10)","line":157,"loc":{"start":{"line":157,"column":30},"end":{"line":157,"column":68}}}},"statementMap":{"1":{"start":{"line":4,"column":0},"end":{"line":4,"column":31}},"2":{"start":{"line":6,"column":0},"end":{"line":6,"column":37}},"3":{"start":{"line":8,"column":0},"end":{"line":8,"column":55}},"4":{"start":{"line":9,"column":0},"end":{"line":9,"column":37}},"5":{"start":{"line":10,"column":0},"end":{"line":10,"column":45}},"6":{"start":{"line":12,"column":0},"end":{"line":12,"column":27}},"7":{"start":{"line":22,"column":0},"end":{"line":27,"column":2}},"8":{"start":{"line":23,"column":1},"end":{"line":23,"column":19}},"9":{"start":{"line":24,"column":1},"end":{"line":24,"column":22}},"10":{"start":{"line":26,"column":1},"end":{"line":26,"column":72}},"11":{"start":{"line":36,"column":0},"end":{"line":38,"column":2}},"12":{"start":{"line":37,"column":1},"end":{"line":37,"column":24}},"13":{"start":{"line":50,"column":0},"end":{"line":104,"column":2}},"14":{"start":{"line":52,"column":1},"end":{"line":55,"column":34}},"15":{"start":{"line":57,"column":1},"end":{"line":57,"column":19}},"16":{"start":{"line":58,"column":1},"end":{"line":58,"column":33}},"17":{"start":{"line":61,"column":1},"end":{"line":61,"column":56}},"18":{"start":{"line":65,"column":1},"end":{"line":75,"column":22}},"19":{"start":{"line":68,"column":2},"end":{"line":68,"column":91}},"20":{"start":{"line":71,"column":2},"end":{"line":73,"column":16}},"21":{"start":{"line":72,"column":3},"end":{"line":72,"column":24}},"22":{"start":{"line":79,"column":1},"end":{"line":81,"column":16}},"23":{"start":{"line":80,"column":2},"end":{"line":80,"column":35}},"24":{"start":{"line":86,"column":1},"end":{"line":88,"column":16}},"25":{"start":{"line":87,"column":2},"end":{"line":87,"column":32}},"26":{"start":{"line":92,"column":1},"end":{"line":92,"column":31}},"27":{"start":{"line":93,"column":1},"end":{"line":95,"column":2}},"28":{"start":{"line":94,"column":2},"end":{"line":94,"column":37}},"29":{"start":{"line":99,"column":1},"end":{"line":101,"column":28}},"30":{"start":{"line":100,"column":2},"end":{"line":100,"column":35}},"31":{"start":{"line":103,"column":1},"end":{"line":103,"column":31}},"32":{"start":{"line":114,"column":0},"end":{"line":146,"column":2}},"33":{"start":{"line":116,"column":1},"end":{"line":119,"column":14}},"34":{"start":{"line":122,"column":1},"end":{"line":122,"column":35}},"35":{"start":{"line":123,"column":1},"end":{"line":123,"column":25}},"36":{"start":{"line":126,"column":1},"end":{"line":126,"column":37}},"37":{"start":{"line":127,"column":1},"end":{"line":131,"column":2}},"38":{"start":{"line":128,"column":2},"end":{"line":128,"column":51}},"39":{"start":{"line":130,"column":2},"end":{"line":130,"column":43}},"40":{"start":{"line":134,"column":1},"end":{"line":134,"column":25}},"41":{"start":{"line":135,"column":1},"end":{"line":135,"column":23}},"42":{"start":{"line":136,"column":1},"end":{"line":136,"column":35}},"43":{"start":{"line":139,"column":1},"end":{"line":139,"column":32}},"44":{"start":{"line":140,"column":1},"end":{"line":140,"column":17}},"45":{"start":{"line":141,"column":1},"end":{"line":141,"column":52}},"46":{"start":{"line":142,"column":1},"end":{"line":142,"column":37}},"47":{"start":{"line":145,"column":1},"end":{"line":145,"column":49}},"48":{"start":{"line":157,"column":0},"end":{"line":170,"column":2}},"49":{"start":{"line":160,"column":1},"end":{"line":160,"column":33}},"50":{"start":{"line":161,"column":1},"end":{"line":161,"column":27}},"51":{"start":{"line":162,"column":1},"end":{"line":162,"column":29}},"52":{"start":{"line":165,"column":1},"end":{"line":165,"column":26}},"53":{"start":{"line":166,"column":1},"end":{"line":166,"column":27}},"54":{"start":{"line":167,"column":1},"end":{"line":167,"column":29}},"55":{"start":{"line":168,"column":1},"end":{"line":168,"column":24}},"56":{"start":{"line":169,"column":1},"end":{"line":169,"column":27}},"57":{"start":{"line":172,"column":0},"end":{"line":172,"column":25}}},"branchMap":{"1":{"line":58,"type":"binary-expr","locations":[{"start":{"line":58,"column":19},"end":{"line":58,"column":26}},{"start":{"line":58,"column":30},"end":{"line":58,"column":32}}]},"2":{"line":127,"type":"if","locations":[{"start":{"line":127,"column":1},"end":{"line":127,"column":1}},{"start":{"line":127,"column":1},"end":{"line":127,"column":1}}]},"3":{"line":160,"type":"binary-expr","locations":[{"start":{"line":160,"column":15},"end":{"line":160,"column":26}},{"start":{"line":160,"column":30},"end":{"line":160,"column":32}}]}}}}