TN:
SF:/Users/erz/code/yahoo/pngjs-image/index.js
FN:23,PNGImage
FN:24,(anonymous_2)
FN:56,(anonymous_3)
FN:74,(anonymous_4)
FN:91,(anonymous_5)
FN:107,(anonymous_6)
FN:111,(anonymous_7)
FN:113,(anonymous_8)
FN:115,(anonymous_9)
FN:118,(anonymous_10)
FN:134,(anonymous_11)
FN:148,(anonymous_12)
FN:152,(anonymous_13)
FN:154,(anonymous_14)
FN:157,(anonymous_15)
FN:174,(anonymous_16)
FN:196,(anonymous_17)
FN:208,(anonymous_18)
FN:218,(anonymous_19)
FN:229,(anonymous_20)
FN:239,(anonymous_21)
FN:253,(anonymous_22)
FN:287,(anonymous_23)
FN:312,(anonymous_24)
FN:326,(anonymous_25)
FN:339,(anonymous_26)
FN:371,(anonymous_27)
FN:383,(anonymous_28)
FN:385,(anonymous_29)
FN:387,(anonymous_30)
FN:390,(anonymous_31)
FN:396,(anonymous_32)
FN:400,(anonymous_33)
FN:412,(anonymous_34)
FN:418,(anonymous_35)
FN:420,(anonymous_36)
FN:423,(anonymous_37)
FN:439,(anonymous_38)
FNF:38
FNH:24
FNDA:93,PNGImage
FNDA:0,(anonymous_2)
FNDA:8,(anonymous_3)
FNDA:2,(anonymous_4)
FNDA:1,(anonymous_5)
FNDA:2,(anonymous_6)
FNDA:0,(anonymous_7)
FNDA:1,(anonymous_8)
FNDA:1,(anonymous_9)
FNDA:0,(anonymous_10)
FNDA:0,(anonymous_11)
FNDA:1,(anonymous_12)
FNDA:0,(anonymous_13)
FNDA:0,(anonymous_14)
FNDA:1,(anonymous_15)
FNDA:0,(anonymous_16)
FNDA:0,(anonymous_17)
FNDA:14,(anonymous_18)
FNDA:29,(anonymous_19)
FNDA:54,(anonymous_20)
FNDA:22,(anonymous_21)
FNDA:5,(anonymous_22)
FNDA:3,(anonymous_23)
FNDA:11,(anonymous_24)
FNDA:14,(anonymous_25)
FNDA:13,(anonymous_26)
FNDA:32,(anonymous_27)
FNDA:1,(anonymous_28)
FNDA:0,(anonymous_29)
FNDA:1,(anonymous_30)
FNDA:0,(anonymous_31)
FNDA:0,(anonymous_32)
FNDA:0,(anonymous_33)
FNDA:1,(anonymous_34)
FNDA:0,(anonymous_35)
FNDA:1,(anonymous_36)
FNDA:0,(anonymous_37)
FNDA:6,(anonymous_38)
DA:4,1
DA:13,1
DA:14,1
DA:23,1
DA:24,93
DA:25,0
DA:27,93
DA:37,1
DA:47,1
DA:56,1
DA:57,8
DA:58,7
DA:60,1
DA:74,1
DA:75,2
DA:79,2
DA:91,1
DA:92,1
DA:93,1
DA:94,1
DA:107,1
DA:108,2
DA:111,2
DA:113,2
DA:114,1
DA:116,1
DA:117,1
DA:119,0
DA:120,0
DA:123,2
DA:134,1
DA:135,0
DA:148,1
DA:149,1
DA:152,1
DA:154,1
DA:155,0
DA:157,1
DA:158,1
DA:159,1
DA:162,1
DA:174,1
DA:175,0
DA:176,0
DA:177,0
DA:178,0
DA:179,0
DA:181,0
DA:185,0
DA:186,0
DA:196,1
DA:200,1
DA:209,14
DA:219,29
DA:230,54
DA:240,22
DA:255,5
DA:257,5
DA:258,5
DA:260,5
DA:261,0
DA:264,5
DA:268,5
DA:269,5
DA:289,3
DA:295,3
DA:296,6
DA:297,14
DA:298,14
DA:314,11
DA:318,11
DA:319,7
DA:320,4
DA:321,1
DA:325,11
DA:326,11
DA:328,14
DA:329,11
DA:331,3
DA:332,2
DA:335,11
DA:338,11
DA:339,11
DA:341,13
DA:343,13
DA:344,0
DA:347,13
DA:348,13
DA:350,13
DA:355,11
DA:356,10
DA:359,11
DA:372,32
DA:385,1
DA:387,1
DA:388,1
DA:389,1
DA:391,0
DA:392,0
DA:397,0
DA:401,0
DA:403,0
DA:414,1
DA:418,1
DA:420,1
DA:421,1
DA:422,1
DA:424,0
DA:425,0
DA:429,1
DA:433,1
DA:434,1
DA:435,1
DA:439,1
DA:440,6
DA:443,1
LF:116
LH:94
BRDA:57,1,0,7
BRDA:57,1,1,1
BRDA:111,2,0,2
BRDA:111,2,1,0
BRDA:152,3,0,1
BRDA:152,3,1,0
BRDA:260,4,0,0
BRDA:260,4,1,5
BRDA:260,5,0,5
BRDA:260,5,1,5
BRDA:318,6,0,7
BRDA:318,6,1,4
BRDA:320,7,0,1
BRDA:320,7,1,3
BRDA:320,8,0,4
BRDA:320,8,1,1
BRDA:326,9,0,11
BRDA:326,9,1,0
BRDA:328,10,0,11
BRDA:328,10,1,3
BRDA:331,11,0,2
BRDA:331,11,1,1
BRDA:339,12,0,11
BRDA:339,12,1,0
BRDA:343,13,0,0
BRDA:343,13,1,13
BRDA:347,14,0,13
BRDA:347,14,1,0
BRDA:355,15,0,10
BRDA:355,15,1,1
BRDA:385,16,0,1
BRDA:385,16,1,0
BRDA:418,17,0,1
BRDA:418,17,1,0
BRF:34
BRH:25
end_of_record
TN:
SF:/Users/erz/code/yahoo/pngjs-image/lib/pixel.js
FN:19,(anonymous_1)
FN:31,(anonymous_2)
FN:45,(anonymous_3)
FN:62,(anonymous_4)
FN:89,(anonymous_5)
FN:108,(anonymous_6)
FN:120,(anonymous_7)
FN:132,(anonymous_8)
FN:148,(anonymous_9)
FN:169,(anonymous_10)
FN:181,(anonymous_11)
FN:193,(anonymous_12)
FN:205,(anonymous_13)
FN:217,(anonymous_14)
FN:229,(anonymous_15)
FN:241,(anonymous_16)
FN:253,(anonymous_17)
FN:267,(anonymous_18)
FN:282,(anonymous_19)
FNF:19
FNH:19
FNDA:3,(anonymous_1)
FNDA:2,(anonymous_2)
FNDA:1,(anonymous_3)
FNDA:37,(anonymous_4)
FNDA:2,(anonymous_5)
FNDA:1,(anonymous_6)
FNDA:5,(anonymous_7)
FNDA:1,(anonymous_8)
FNDA:401,(anonymous_9)
FNDA:224,(anonymous_10)
FNDA:98,(anonymous_11)
FNDA:212,(anonymous_12)
FNDA:98,(anonymous_13)
FNDA:212,(anonymous_14)
FNDA:98,(anonymous_15)
FNDA:82,(anonymous_16)
FNDA:98,(anonymous_17)
FNDA:1127,(anonymous_18)
FNDA:395,(anonymous_19)
DA:10,1
DA:20,3
DA:32,2
DA:33,2
DA:46,1
DA:63,37
DA:64,37
DA:65,37
DA:66,37
DA:67,37
DA:69,0
DA:70,0
DA:71,0
DA:72,0
DA:90,2
DA:91,2
DA:109,1
DA:121,5
DA:133,1
DA:134,1
DA:150,401
DA:152,401
DA:153,387
DA:155,14
DA:156,14
DA:158,14
DA:170,224
DA:182,98
DA:194,212
DA:206,98
DA:218,212
DA:230,98
DA:242,82
DA:254,98
DA:268,1127
DA:269,1127
DA:283,395
DA:286,395
LF:38
LH:34
BRDA:63,1,0,37
BRDA:63,1,1,0
BRDA:64,2,0,30
BRDA:64,2,1,7
BRDA:65,3,0,30
BRDA:65,3,1,7
BRDA:66,4,0,30
BRDA:66,4,1,7
BRDA:67,5,0,30
BRDA:67,5,1,7
BRDA:152,6,0,387
BRDA:152,6,1,14
BRF:12
BRH:11
end_of_record
TN:
SF:/Users/erz/code/yahoo/pngjs-image/lib/modify.js
FN:18,(anonymous_1)
FN:40,(anonymous_2)
FNF:2
FNH:0
FNDA:0,(anonymous_1)
FNDA:0,(anonymous_2)
DA:10,1
DA:19,0
DA:25,0
DA:26,0
DA:27,0
DA:31,0
DA:41,0
DA:47,0
DA:48,0
DA:49,0
DA:53,0
LF:11
LH:1
BRF:0
BRH:0
end_of_record
TN:
SF:/Users/erz/code/yahoo/pngjs-image/lib/conversion.js
FN:20,(anonymous_1)
FN:35,(anonymous_2)
FN:85,(anonymous_3)
FN:99,(anonymous_4)
FN:128,(anonymous_5)
FN:141,(anonymous_6)
FN:153,(anonymous_7)
FN:165,(anonymous_8)
FN:189,(anonymous_9)
FN:201,(anonymous_10)
FN:213,(anonymous_11)
FN:226,(anonymous_12)
FN:242,(anonymous_13)
FN:255,(anonymous_14)
FN:267,(anonymous_15)
FNF:15
FNH:15
FNDA:28,(anonymous_1)
FNDA:138,(anonymous_2)
FNDA:3,(anonymous_3)
FNDA:2,(anonymous_4)
FNDA:1,(anonymous_5)
FNDA:10,(anonymous_6)
FNDA:1,(anonymous_7)
FNDA:14,(anonymous_8)
FNDA:1,(anonymous_9)
FNDA:104,(anonymous_10)
FNDA:1,(anonymous_11)
FNDA:8,(anonymous_12)
FNDA:1,(anonymous_13)
FNDA:68,(anonymous_14)
FNDA:1,(anonymous_15)
DA:10,1
DA:22,28
DA:33,28
DA:35,28
DA:36,138
DA:37,138
DA:40,28
DA:41,28
DA:42,28
DA:43,28
DA:45,28
DA:46,18
DA:47,9
DA:49,18
DA:50,18
DA:51,9
DA:55,28
DA:56,15
DA:58,28
DA:59,28
DA:60,13
DA:63,28
DA:64,23
DA:65,10
DA:67,23
DA:68,23
DA:69,13
DA:73,28
DA:86,3
DA:87,3
DA:101,2
DA:108,2
DA:109,2
DA:110,2
DA:112,2
DA:113,2
DA:114,2
DA:116,2
DA:129,1
DA:130,1
DA:142,10
DA:154,1
DA:155,1
DA:166,14
DA:170,14
DA:171,14
DA:172,14
DA:174,14
DA:175,14
DA:176,14
DA:178,14
DA:190,1
DA:202,104
DA:214,1
DA:215,1
DA:227,8
DA:231,8
DA:243,1
DA:244,1
DA:256,68
DA:268,1
DA:269,1
LF:62
LH:62
BRDA:33,1,0,28
BRDA:33,1,1,14
BRDA:45,2,0,18
BRDA:45,2,1,10
BRDA:46,3,0,9
BRDA:46,3,1,9
BRDA:50,4,0,9
BRDA:50,4,1,9
BRDA:55,5,0,15
BRDA:55,5,1,13
BRDA:59,6,0,13
BRDA:59,6,1,15
BRDA:63,7,0,23
BRDA:63,7,1,5
BRDA:64,8,0,10
BRDA:64,8,1,13
BRDA:68,9,0,13
BRDA:68,9,1,10
BRDA:112,10,0,0
BRDA:112,10,1,2
BRDA:112,11,0,0
BRDA:112,11,1,2
BRDA:113,12,0,2
BRDA:113,12,1,0
BRDA:113,13,0,0
BRDA:113,13,1,0
BRDA:114,14,0,1
BRDA:114,14,1,1
BRDA:114,15,0,0
BRDA:114,15,1,1
BRDA:174,16,0,0
BRDA:174,16,1,14
BRDA:174,17,0,0
BRDA:174,17,1,14
BRDA:175,18,0,0
BRDA:175,18,1,14
BRDA:175,19,0,0
BRDA:175,19,1,14
BRDA:176,20,0,0
BRDA:176,20,1,14
BRDA:176,21,0,0
BRDA:176,21,1,14
BRF:42
BRH:30
end_of_record
TN:
SF:/Users/erz/code/yahoo/pngjs-image/lib/filters.js
FN:20,generateFilter
FN:31,(anonymous_2)
FNF:2
FNH:2
FNDA:6,generateFilter
FNDA:13,(anonymous_2)
DA:4,1
DA:5,1
DA:6,1
DA:7,1
DA:8,1
DA:9,1
DA:20,1
DA:31,6
DA:33,13
DA:34,1
DA:35,1
DA:36,1
DA:39,12
DA:40,12
DA:45,1
LF:15
LH:15
BRDA:33,1,0,1
BRDA:33,1,1,12
BRF:2
BRH:2
end_of_record
TN:
SF:/Users/erz/code/yahoo/pngjs-image/lib/filters/blur.js
FN:14,(anonymous_1)
FNF:1
FNH:1
FNDA:4,(anonymous_1)
DA:14,1
DA:16,4
DA:20,4
DA:21,24
DA:23,24
DA:24,24
DA:25,24
DA:26,24
LF:8
LH:8
BRF:0
BRH:0
end_of_record
TN:
SF:/Users/erz/code/yahoo/pngjs-image/lib/filters/grayScale.js
FN:13,(anonymous_1)
FNF:1
FNH:1
FNDA:1,(anonymous_1)
DA:13,1
DA:15,1
DA:19,1
DA:20,6
DA:22,6
DA:23,6
DA:24,6
DA:25,6
LF:8
LH:8
BRF:0
BRH:0
end_of_record
TN:
SF:/Users/erz/code/yahoo/pngjs-image/lib/filters/lightness.js
FN:13,(anonymous_1)
FNF:1
FNH:1
FNDA:1,(anonymous_1)
DA:13,1
DA:15,1
DA:19,1
DA:20,6
DA:22,6
DA:23,6
DA:24,6
DA:25,6
LF:8
LH:8
BRF:0
BRH:0
end_of_record
TN:
SF:/Users/erz/code/yahoo/pngjs-image/lib/filters/luma.js
FN:13,(anonymous_1)
FNF:1
FNH:1
FNDA:1,(anonymous_1)
DA:13,1
DA:15,1
DA:19,1
DA:20,6
DA:22,6
DA:23,6
DA:24,6
DA:25,6
LF:8
LH:8
BRF:0
BRH:0
end_of_record
TN:
SF:/Users/erz/code/yahoo/pngjs-image/lib/filters/luminosity.js
FN:13,(anonymous_1)
FNF:1
FNH:1
FNDA:4,(anonymous_1)
DA:13,1
DA:15,4
DA:19,4
DA:20,24
DA:22,24
DA:23,24
DA:24,24
DA:25,24
LF:8
LH:8
BRF:0
BRH:0
end_of_record
TN:
SF:/Users/erz/code/yahoo/pngjs-image/lib/filters/sepia.js
FN:13,(anonymous_1)
FNF:1
FNH:1
FNDA:2,(anonymous_1)
DA:13,1
DA:15,2
DA:19,2
DA:20,12
DA:21,12
DA:22,12
LF:6
LH:6
BRF:0
BRH:0
end_of_record
TN:
SF:/Users/erz/code/yahoo/pngjs-image/lib/png/decoder.js
FN:12,(anonymous_1)
FN:27,(anonymous_2)
FN:122,(anonymous_3)
FN:176,(anonymous_4)
FN:186,(anonymous_5)
FN:192,(anonymous_6)
FN:198,(anonymous_7)
FN:215,(anonymous_8)
FNF:8
FNH:0
FNDA:0,(anonymous_1)
FNDA:0,(anonymous_2)
FNDA:0,(anonymous_3)
FNDA:0,(anonymous_4)
FNDA:0,(anonymous_5)
FNDA:0,(anonymous_6)
FNDA:0,(anonymous_7)
FNDA:0,(anonymous_8)
DA:1,1
DA:2,1
DA:3,1
DA:4,1
DA:5,1
DA:7,1
DA:8,1
DA:10,1
DA:12,1
DA:13,0
DA:14,0
DA:16,0
DA:18,0
DA:27,1
DA:29,0
DA:33,0
DA:35,0
DA:41,0
DA:42,0
DA:43,0
DA:46,0
DA:49,0
DA:50,0
DA:54,0
DA:57,0
DA:60,0
DA:63,0
DA:66,0
DA:67,0
DA:70,0
DA:71,0
DA:74,0
DA:75,0
DA:78,0
DA:79,0
DA:84,0
DA:87,0
DA:89,0
DA:90,0
DA:92,0
DA:93,0
DA:94,0
DA:95,0
DA:100,0
DA:103,0
DA:104,0
DA:107,0
DA:110,0
DA:122,1
DA:124,0
DA:134,0
DA:137,0
DA:140,0
DA:141,0
DA:142,0
DA:145,0
DA:148,0
DA:151,0
DA:152,0
DA:156,0
DA:157,0
DA:158,0
DA:161,0
DA:163,0
DA:165,0
DA:176,1
DA:178,0
DA:179,0
DA:182,0
DA:186,1
DA:187,0
DA:192,0
DA:193,0
DA:197,0
DA:198,0
DA:199,0
DA:200,0
DA:201,0
DA:204,0
DA:215,1
DA:217,0
DA:219,0
DA:220,0
DA:224,1
LF:84
LH:15
BRDA:14,1,0,0
BRDA:14,1,1,0
BRDA:42,2,0,0
BRDA:42,2,1,0
BRDA:78,3,0,0
BRDA:78,3,1,0
BRDA:84,4,0,0
BRDA:84,4,1,0
BRDA:89,5,0,0
BRDA:89,5,1,0
BRDA:92,6,0,0
BRDA:92,6,1,0
BRDA:103,7,0,0
BRDA:103,7,1,0
BRDA:103,8,0,0
BRDA:103,8,1,0
BRDA:151,9,0,0
BRDA:151,9,1,0
BRDA:151,10,0,0
BRDA:151,10,1,0
BRDA:178,11,0,0
BRDA:178,11,1,0
BRDA:219,12,0,0
BRDA:219,12,1,0
BRDA:219,13,0,0
BRDA:219,13,1,0
BRF:26
BRH:0
end_of_record
TN:
SF:/Users/erz/code/yahoo/pngjs-image/lib/png/crc.js
FN:4,createCRCTable
FN:20,(anonymous_2)
FN:26,(anonymous_3)
FN:39,(anonymous_4)
FNF:4
FNH:1
FNDA:1,createCRCTable
FNDA:0,(anonymous_2)
FNDA:0,(anonymous_3)
FNDA:0,(anonymous_4)
DA:4,1
DA:5,1
DA:8,1
DA:9,256
DA:10,256
DA:11,2048
DA:13,256
DA:16,1
DA:20,1
DA:21,0
DA:24,1
DA:26,1
DA:27,0
DA:32,0
DA:33,0
DA:36,0
DA:39,1
DA:40,0
DA:43,1
LF:19
LH:13
BRDA:11,1,0,1024
BRDA:11,1,1,1024
BRF:2
BRH:2
end_of_record
TN:
SF:/Users/erz/code/yahoo/pngjs-image/lib/png/chunk.js
FN:4,(anonymous_1)
FN:18,(anonymous_2)
FN:22,(anonymous_3)
FN:26,(anonymous_4)
FN:31,(anonymous_5)
FN:38,(anonymous_6)
FN:42,(anonymous_7)
FN:48,(anonymous_8)
FN:52,(anonymous_9)
FN:58,(anonymous_10)
FN:62,(anonymous_11)
FN:76,(anonymous_12)
FN:89,(anonymous_13)
FN:102,(anonymous_14)
FN:108,(anonymous_15)
FN:111,(anonymous_16)
FN:114,(anonymous_17)
FN:123,(anonymous_18)
FN:126,(anonymous_19)
FNF:19
FNH:3
FNDA:0,(anonymous_1)
FNDA:0,(anonymous_2)
FNDA:0,(anonymous_3)
FNDA:0,(anonymous_4)
FNDA:0,(anonymous_5)
FNDA:0,(anonymous_6)
FNDA:0,(anonymous_7)
FNDA:0,(anonymous_8)
FNDA:0,(anonymous_9)
FNDA:0,(anonymous_10)
FNDA:0,(anonymous_11)
FNDA:0,(anonymous_12)
FNDA:0,(anonymous_13)
FNDA:0,(anonymous_14)
FNDA:18,(anonymous_15)
FNDA:0,(anonymous_16)
FNDA:0,(anonymous_17)
FNDA:1,(anonymous_18)
FNDA:18,(anonymous_19)
DA:1,1
DA:2,1
DA:4,1
DA:5,0
DA:6,0
DA:8,0
DA:9,0
DA:18,1
DA:19,0
DA:22,1
DA:23,0
DA:26,1
DA:27,0
DA:31,1
DA:32,0
DA:38,1
DA:39,0
DA:42,1
DA:43,0
DA:48,1
DA:49,0
DA:52,1
DA:53,0
DA:58,1
DA:59,0
DA:62,1
DA:63,0
DA:76,1
DA:89,1
DA:102,1
DA:107,1
DA:108,1
DA:109,18
DA:111,1
DA:112,0
DA:114,1
DA:115,0
DA:117,0
DA:118,0
DA:120,0
DA:123,1
DA:124,1
DA:126,1
DA:127,18
DA:132,1
DA:134,1
LF:46
LH:27
BRDA:117,1,0,0
BRDA:117,1,1,0
BRF:2
BRH:0
end_of_record
TN:
SF:/Users/erz/code/yahoo/pngjs-image/lib/png/utils.js
FN:5,(anonymous_1)
FN:11,(anonymous_2)
FN:19,(anonymous_3)
FNF:3
FNH:0
FNDA:0,(anonymous_1)
FNDA:0,(anonymous_2)
FNDA:0,(anonymous_3)
DA:1,1
DA:3,1
DA:6,0
DA:7,0
DA:12,0
DA:13,0
DA:14,0
DA:20,0
DA:22,0
DA:23,0
DA:24,0
DA:25,0
DA:27,0
LF:13
LH:2
BRDA:6,1,0,0
BRDA:6,1,1,0
BRDA:13,2,0,0
BRDA:13,2,1,0
BRF:4
BRH:0
end_of_record
TN:
SF:/Users/erz/code/yahoo/pngjs-image/lib/png/chunks/bKGD.js
FN:12,(anonymous_1)
FNF:1
FNH:0
FNDA:0,(anonymous_1)
DA:1,1
DA:14,0
DA:15,0
DA:18,0
DA:19,0
LF:5
LH:1
BRDA:14,1,0,0
BRDA:14,1,1,0
BRDA:18,2,0,0
BRDA:18,2,1,0
BRF:4
BRH:0
end_of_record
TN:
SF:/Users/erz/code/yahoo/pngjs-image/lib/png/chunks/cHRM.js
FN:12,(anonymous_1)
FNF:1
FNH:0
FNDA:0,(anonymous_1)
DA:1,1
DA:14,0
DA:15,0
DA:18,0
DA:19,0
LF:5
LH:1
BRDA:14,1,0,0
BRDA:14,1,1,0
BRDA:18,2,0,0
BRDA:18,2,1,0
BRF:4
BRH:0
end_of_record
TN:
SF:/Users/erz/code/yahoo/pngjs-image/lib/png/chunks/gAMA.js
FN:12,(anonymous_1)
FNF:1
FNH:0
FNDA:0,(anonymous_1)
DA:1,1
DA:14,0
DA:15,0
DA:18,0
DA:19,0
LF:5
LH:1
BRDA:14,1,0,0
BRDA:14,1,1,0
BRDA:18,2,0,0
BRDA:18,2,1,0
BRF:4
BRH:0
end_of_record
TN:
SF:/Users/erz/code/yahoo/pngjs-image/lib/png/chunks/hIST.js
FN:12,(anonymous_1)
FNF:1
FNH:0
FNDA:0,(anonymous_1)
DA:1,1
DA:14,0
DA:15,0
DA:18,0
DA:19,0
LF:5
LH:1
BRDA:14,1,0,0
BRDA:14,1,1,0
BRDA:18,2,0,0
BRDA:18,2,1,0
BRF:4
BRH:0
end_of_record
TN:
SF:/Users/erz/code/yahoo/pngjs-image/lib/png/chunks/iCCP.js
FN:12,(anonymous_1)
FNF:1
FNH:0
FNDA:0,(anonymous_1)
DA:1,1
DA:14,0
DA:15,0
DA:18,0
DA:19,0
LF:5
LH:1
BRDA:14,1,0,0
BRDA:14,1,1,0
BRDA:18,2,0,0
BRDA:18,2,1,0
BRF:4
BRH:0
end_of_record
TN:
SF:/Users/erz/code/yahoo/pngjs-image/lib/png/chunks/IDAT.js
FN:14,(anonymous_1)
FN:30,(anonymous_2)
FN:35,(anonymous_3)
FNF:3
FNH:0
FNDA:0,(anonymous_1)
FNDA:0,(anonymous_2)
FNDA:0,(anonymous_3)
DA:3,1
DA:16,0
DA:17,0
DA:31,0
DA:32,0
DA:36,0
LF:6
LH:1
BRDA:16,1,0,0
BRDA:16,1,1,0
BRF:2
BRH:0
end_of_record
TN:
SF:/Users/erz/code/yahoo/pngjs-image/lib/png/chunks/IEND.js
FN:12,(anonymous_1)
FNF:1
FNH:0
FNDA:0,(anonymous_1)
DA:1,1
DA:14,0
DA:15,0
DA:18,0
DA:19,0
DA:22,0
DA:23,0
LF:7
LH:1
BRDA:14,1,0,0
BRDA:14,1,1,0
BRDA:18,2,0,0
BRDA:18,2,1,0
BRDA:22,3,0,0
BRDA:22,3,1,0
BRDA:22,4,0,0
BRDA:22,4,1,0
BRF:8
BRH:0
end_of_record
TN:
SF:/Users/erz/code/yahoo/pngjs-image/lib/png/chunks/IHDR.js
FN:16,(anonymous_1)
FN:36,(anonymous_2)
FN:57,(anonymous_3)
FN:123,(anonymous_4)
FN:133,(anonymous_5)
FN:144,(anonymous_6)
FN:154,(anonymous_7)
FN:164,(anonymous_8)
FN:174,(anonymous_9)
FN:184,(anonymous_10)
FN:195,(anonymous_11)
FN:205,(anonymous_12)
FN:215,(anonymous_13)
FN:226,(anonymous_14)
FN:237,(anonymous_15)
FN:247,(anonymous_16)
FN:257,(anonymous_17)
FN:267,(anonymous_18)
FN:277,(anonymous_19)
FN:288,(anonymous_20)
FN:298,(anonymous_21)
FN:308,(anonymous_22)
FN:318,(anonymous_23)
FN:328,(anonymous_24)
FNF:24
FNH:0
FNDA:0,(anonymous_1)
FNDA:0,(anonymous_2)
FNDA:0,(anonymous_3)
FNDA:0,(anonymous_4)
FNDA:0,(anonymous_5)
FNDA:0,(anonymous_6)
FNDA:0,(anonymous_7)
FNDA:0,(anonymous_8)
FNDA:0,(anonymous_9)
FNDA:0,(anonymous_10)
FNDA:0,(anonymous_11)
FNDA:0,(anonymous_12)
FNDA:0,(anonymous_13)
FNDA:0,(anonymous_14)
FNDA:0,(anonymous_15)
FNDA:0,(anonymous_16)
FNDA:0,(anonymous_17)
FNDA:0,(anonymous_18)
FNDA:0,(anonymous_19)
FNDA:0,(anonymous_20)
FNDA:0,(anonymous_21)
FNDA:0,(anonymous_22)
FNDA:0,(anonymous_23)
FNDA:0,(anonymous_24)
DA:3,1
DA:5,1
DA:18,0
DA:19,0
DA:22,0
DA:23,0
DA:37,0
DA:39,0
DA:40,0
DA:41,0
DA:42,0
DA:43,0
DA:44,0
DA:45,0
DA:60,0
DA:61,0
DA:63,0
DA:64,0
DA:68,0
DA:69,0
DA:73,0
DA:80,0
DA:84,0
DA:85,0
DA:87,0
DA:88,0
DA:90,0
DA:91,0
DA:93,0
DA:94,0
DA:96,0
DA:97,0
DA:101,0
DA:102,0
DA:106,0
DA:107,0
DA:111,0
DA:112,0
DA:124,0
DA:134,0
DA:145,0
DA:155,0
DA:165,0
DA:175,0
DA:185,0
DA:196,0
DA:206,0
DA:216,0
DA:227,0
DA:228,0
DA:238,0
DA:248,0
DA:258,0
DA:268,0
DA:278,0
DA:289,0
DA:299,0
DA:309,0
DA:319,0
DA:329,0
LF:60
LH:2
BRDA:18,1,0,0
BRDA:18,1,1,0
BRDA:22,2,0,0
BRDA:22,2,1,0
BRDA:60,3,0,0
BRDA:60,3,1,0
BRDA:63,4,0,0
BRDA:63,4,1,0
BRDA:68,5,0,0
BRDA:68,5,1,0
BRDA:73,6,0,0
BRDA:73,6,1,0
BRDA:84,7,0,0
BRDA:84,7,1,0
BRDA:84,8,0,0
BRDA:84,8,1,0
BRDA:87,9,0,0
BRDA:87,9,1,0
BRDA:87,10,0,0
BRDA:87,10,1,0
BRDA:90,11,0,0
BRDA:90,11,1,0
BRDA:90,12,0,0
BRDA:90,12,1,0
BRDA:93,13,0,0
BRDA:93,13,1,0
BRDA:93,14,0,0
BRDA:93,14,1,0
BRDA:96,15,0,0
BRDA:96,15,1,0
BRDA:96,16,0,0
BRDA:96,16,1,0
BRDA:101,17,0,0
BRDA:101,17,1,0
BRDA:106,18,0,0
BRDA:106,18,1,0
BRDA:111,19,0,0
BRDA:111,19,1,0
BRDA:238,20,0,0
BRDA:238,20,1,0
BRDA:238,21,0,0
BRDA:238,21,1,0
BRDA:238,22,0,0
BRDA:238,22,1,0
BRDA:248,23,0,0
BRDA:248,23,1,0
BRF:46
BRH:0
end_of_record
TN:
SF:/Users/erz/code/yahoo/pngjs-image/lib/png/constants.js
FNF:0
FNH:0
DA:1,1
DA:3,1
DA:24,1
DA:32,1
LF:4
LH:4
BRF:0
BRH:0
end_of_record
TN:
SF:/Users/erz/code/yahoo/pngjs-image/lib/png/chunks/iTXt.js
FN:12,(anonymous_1)
FNF:1
FNH:0
FNDA:0,(anonymous_1)
DA:1,1
DA:14,0
DA:15,0
LF:3
LH:1
BRDA:14,1,0,0
BRDA:14,1,1,0
BRF:2
BRH:0
end_of_record
TN:
SF:/Users/erz/code/yahoo/pngjs-image/lib/png/chunks/pHYs.js
FN:12,(anonymous_1)
FNF:1
FNH:0
FNDA:0,(anonymous_1)
DA:1,1
DA:14,0
DA:15,0
DA:18,0
DA:19,0
LF:5
LH:1
BRDA:14,1,0,0
BRDA:14,1,1,0
BRDA:18,2,0,0
BRDA:18,2,1,0
BRF:4
BRH:0
end_of_record
TN:
SF:/Users/erz/code/yahoo/pngjs-image/lib/png/chunks/PLTE.js
FN:14,(anonymous_1)
FN:53,(anonymous_2)
FN:64,(anonymous_3)
FN:88,(anonymous_4)
FNF:4
FNH:0
FNDA:0,(anonymous_1)
FNDA:0,(anonymous_2)
FNDA:0,(anonymous_3)
FNDA:0,(anonymous_4)
DA:3,1
DA:16,0
DA:18,0
DA:19,0
DA:22,0
DA:23,0
DA:27,0
DA:28,0
DA:31,0
DA:34,0
DA:35,0
DA:39,0
DA:40,0
DA:54,0
DA:55,0
DA:65,0
DA:68,0
DA:69,0
DA:72,0
DA:90,0
DA:96,0
DA:99,0
DA:102,0
DA:103,0
DA:104,0
DA:106,0
DA:107,0
DA:108,0
DA:111,0
DA:112,0
DA:113,0
DA:114,0
LF:32
LH:1
BRDA:18,1,0,0
BRDA:18,1,1,0
BRDA:22,2,0,0
BRDA:22,2,1,0
BRDA:27,3,0,0
BRDA:27,3,1,0
BRDA:34,4,0,0
BRDA:34,4,1,0
BRDA:39,5,0,0
BRDA:39,5,1,0
BRDA:68,6,0,0
BRDA:68,6,1,0
BRDA:103,7,0,0
BRDA:103,7,1,0
BRF:14
BRH:0
end_of_record
TN:
SF:/Users/erz/code/yahoo/pngjs-image/lib/png/chunks/sBIT.js
FN:12,(anonymous_1)
FNF:1
FNH:0
FNDA:0,(anonymous_1)
DA:1,1
DA:14,0
DA:15,0
DA:18,0
DA:19,0
LF:5
LH:1
BRDA:14,1,0,0
BRDA:14,1,1,0
BRDA:18,2,0,0
BRDA:18,2,1,0
BRF:4
BRH:0
end_of_record
TN:
SF:/Users/erz/code/yahoo/pngjs-image/lib/png/chunks/sPLT.js
FN:12,(anonymous_1)
FNF:1
FNH:0
FNDA:0,(anonymous_1)
DA:1,1
DA:14,0
DA:15,0
LF:3
LH:1
BRDA:14,1,0,0
BRDA:14,1,1,0
BRF:2
BRH:0
end_of_record
TN:
SF:/Users/erz/code/yahoo/pngjs-image/lib/png/chunks/sRGB.js
FN:12,(anonymous_1)
FNF:1
FNH:0
FNDA:0,(anonymous_1)
DA:1,1
DA:14,0
DA:15,0
DA:18,0
DA:19,0
LF:5
LH:1
BRDA:14,1,0,0
BRDA:14,1,1,0
BRDA:18,2,0,0
BRDA:18,2,1,0
BRF:4
BRH:0
end_of_record
TN:
SF:/Users/erz/code/yahoo/pngjs-image/lib/png/chunks/tEXt.js
FN:12,(anonymous_1)
FNF:1
FNH:0
FNDA:0,(anonymous_1)
DA:1,1
DA:14,0
DA:15,0
LF:3
LH:1
BRDA:14,1,0,0
BRDA:14,1,1,0
BRF:2
BRH:0
end_of_record
TN:
SF:/Users/erz/code/yahoo/pngjs-image/lib/png/chunks/tIME.js
FN:12,(anonymous_1)
FNF:1
FNH:0
FNDA:0,(anonymous_1)
DA:1,1
DA:14,0
DA:15,0
DA:18,0
DA:19,0
LF:5
LH:1
BRDA:14,1,0,0
BRDA:14,1,1,0
BRDA:18,2,0,0
BRDA:18,2,1,0
BRF:4
BRH:0
end_of_record
TN:
SF:/Users/erz/code/yahoo/pngjs-image/lib/png/chunks/tRNS.js
FN:16,(anonymous_1)
FN:45,(anonymous_2)
FN:83,(anonymous_3)
FN:95,(anonymous_4)
FNF:4
FNH:0
FNDA:0,(anonymous_1)
FNDA:0,(anonymous_2)
FNDA:0,(anonymous_3)
FNDA:0,(anonymous_4)
DA:3,1
DA:5,1
DA:18,0
DA:20,0
DA:21,0
DA:24,0
DA:25,0
DA:28,0
DA:31,0
DA:32,0
DA:46,0
DA:50,0
DA:53,0
DA:54,0
DA:56,0
DA:59,0
DA:60,0
DA:66,0
DA:70,0
DA:71,0
DA:73,0
DA:76,0
DA:84,0
DA:97,0
DA:104,0
DA:108,0
DA:110,0
DA:112,0
DA:113,0
DA:114,0
DA:118,0
DA:122,0
DA:124,0
DA:125,0
DA:126,0
DA:128,0
DA:129,0
DA:130,0
DA:134,0
DA:140,0
DA:144,0
DA:146,0
DA:149,0
DA:152,0
LF:44
LH:2
BRDA:20,1,0,0
BRDA:20,1,1,0
BRDA:24,2,0,0
BRDA:24,2,1,0
BRDA:31,3,0,0
BRDA:31,3,1,0
BRDA:50,4,0,0
BRDA:50,4,1,0
BRDA:50,4,2,0
BRDA:104,5,0,0
BRDA:104,5,1,0
BRDA:104,5,2,0
BRDA:113,6,0,0
BRDA:113,6,1,0
BRDA:129,7,0,0
BRDA:129,7,1,0
BRDA:129,8,0,0
BRDA:129,8,1,0
BRDA:129,8,2,0
BRF:19
BRH:0
end_of_record
TN:
SF:/Users/erz/code/yahoo/pngjs-image/lib/png/chunks/zTXt.js
FN:12,(anonymous_1)
FNF:1
FNH:0
FNDA:0,(anonymous_1)
DA:1,1
DA:14,0
DA:15,0
LF:3
LH:1
BRDA:14,1,0,0
BRDA:14,1,1,0
BRF:2
BRH:0
end_of_record
TN:
SF:/Users/erz/code/yahoo/pngjs-image/lib/png/compressor.js
FN:3,(anonymous_1)
FN:7,(anonymous_2)
FN:11,(anonymous_3)
FN:19,(anonymous_4)
FNF:4
FNH:0
FNDA:0,(anonymous_1)
FNDA:0,(anonymous_2)
FNDA:0,(anonymous_3)
FNDA:0,(anonymous_4)
DA:1,1
DA:3,1
DA:4,0
DA:7,1
DA:8,0
DA:11,1
DA:12,0
DA:13,0
DA:15,0
DA:19,1
DA:20,0
DA:21,0
DA:23,0
DA:27,1
LF:14
LH:6
BRDA:12,1,0,0
BRDA:12,1,1,0
BRDA:20,2,0,0
BRDA:20,2,1,0
BRF:4
BRH:0
end_of_record
TN:
SF:/Users/erz/code/yahoo/pngjs-image/lib/png/filter.js
FN:1,(anonymous_1)
FN:7,(anonymous_2)
FN:11,(anonymous_3)
FN:15,(anonymous_4)
FN:20,(anonymous_5)
FN:48,(anonymous_6)
FN:53,(anonymous_7)
FN:63,(anonymous_8)
FN:73,(anonymous_9)
FN:83,(anonymous_10)
FN:100,(anonymous_11)
FN:148,(anonymous_12)
FN:152,(anonymous_13)
FN:161,(anonymous_14)
FN:170,(anonymous_15)
FN:179,(anonymous_16)
FN:193,(anonymous_17)
FN:212,(anonymous_18)
FN:216,(anonymous_19)
FN:224,(anonymous_20)
FN:232,(anonymous_21)
FNF:21
FNH:0
FNDA:0,(anonymous_1)
FNDA:0,(anonymous_2)
FNDA:0,(anonymous_3)
FNDA:0,(anonymous_4)
FNDA:0,(anonymous_5)
FNDA:0,(anonymous_6)
FNDA:0,(anonymous_7)
FNDA:0,(anonymous_8)
FNDA:0,(anonymous_9)
FNDA:0,(anonymous_10)
FNDA:0,(anonymous_11)
FNDA:0,(anonymous_12)
FNDA:0,(anonymous_13)
FNDA:0,(anonymous_14)
FNDA:0,(anonymous_15)
FNDA:0,(anonymous_16)
FNDA:0,(anonymous_17)
FNDA:0,(anonymous_18)
FNDA:0,(anonymous_19)
FNDA:0,(anonymous_20)
FNDA:0,(anonymous_21)
DA:1,1
DA:2,0
DA:3,0
DA:4,0
DA:7,1
DA:8,0
DA:11,1
DA:12,0
DA:15,1
DA:16,0
DA:20,1
DA:21,0
DA:24,0
DA:33,0
DA:38,0
DA:39,0
DA:40,0
DA:41,0
DA:42,0
DA:45,0
DA:48,1
DA:49,0
DA:50,0
DA:53,1
DA:54,0
DA:55,0
DA:56,0
DA:63,1
DA:64,0
DA:65,0
DA:66,0
DA:73,1
DA:74,0
DA:75,0
DA:76,0
DA:83,1
DA:84,0
DA:85,0
DA:86,0
DA:100,1
DA:101,0
DA:109,0
DA:118,0
DA:123,0
DA:131,0
DA:133,0
DA:134,0
DA:135,0
DA:138,0
DA:139,0
DA:140,0
DA:141,0
DA:144,0
DA:148,1
DA:149,0
DA:152,1
DA:153,0
DA:154,0
DA:161,1
DA:162,0
DA:163,0
DA:170,1
DA:171,0
DA:172,0
DA:179,1
DA:180,0
DA:181,0
DA:193,1
DA:195,0
DA:200,0
DA:201,0
DA:203,0
DA:204,0
DA:207,0
DA:212,1
DA:213,0
DA:216,1
DA:217,0
DA:218,0
DA:220,0
DA:224,1
DA:225,0
DA:226,0
DA:228,0
DA:232,1
DA:233,0
DA:234,0
DA:236,0
DA:240,1
LF:89
LH:22
BRDA:4,1,0,0
BRDA:4,1,1,0
BRDA:134,2,0,0
BRDA:134,2,1,0
BRDA:134,3,0,0
BRDA:134,3,1,0
BRDA:200,4,0,0
BRDA:200,4,1,0
BRDA:200,5,0,0
BRDA:200,5,1,0
BRDA:203,6,0,0
BRDA:203,6,1,0
BRDA:217,7,0,0
BRDA:217,7,1,0
BRDA:225,8,0,0
BRDA:225,8,1,0
BRDA:233,9,0,0
BRDA:233,9,1,0
BRDA:233,10,0,0
BRDA:233,10,1,0
BRF:20
BRH:0
end_of_record
TN:
SF:/Users/erz/code/yahoo/pngjs-image/lib/png/interlace.js
FN:1,(anonymous_1)
FN:8,(anonymous_2)
FN:12,(anonymous_3)
FN:16,(anonymous_4)
FN:21,(anonymous_5)
FN:32,(anonymous_6)
FNF:6
FNH:0
FNDA:0,(anonymous_1)
FNDA:0,(anonymous_2)
FNDA:0,(anonymous_3)
FNDA:0,(anonymous_4)
FNDA:0,(anonymous_5)
FNDA:0,(anonymous_6)
DA:1,1
DA:2,0
DA:3,0
DA:4,0
DA:8,1
DA:9,0
DA:12,1
DA:13,0
DA:16,1
DA:17,0
DA:21,1
DA:22,0
DA:26,0
DA:27,0
DA:29,0
DA:32,1
DA:33,0
DA:37,0
DA:38,0
DA:40,0
DA:43,1
LF:21
LH:7
BRDA:4,1,0,0
BRDA:4,1,1,0
BRF:2
BRH:0
end_of_record
TN:
SF:/Users/erz/code/yahoo/pngjs-image/lib/png/encoder.js
FN:12,(anonymous_1)
FN:29,(anonymous_2)
FN:110,(anonymous_3)
FNF:3
FNH:0
FNDA:0,(anonymous_1)
FNDA:0,(anonymous_2)
FNDA:0,(anonymous_3)
DA:1,1
DA:2,1
DA:3,1
DA:4,1
DA:5,1
DA:7,1
DA:8,1
DA:10,1
DA:12,1
DA:13,0
DA:14,0
DA:15,0
DA:16,0
DA:18,0
DA:20,0
DA:29,1
DA:31,0
DA:39,0
DA:40,0
DA:43,0
DA:44,0
DA:47,0
DA:48,0
DA:50,0
DA:53,0
DA:54,0
DA:58,0
DA:59,0
DA:60,0
DA:61,0
DA:62,0
DA:63,0
DA:64,0
DA:65,0
DA:66,0
DA:67,0
DA:68,0
DA:69,0
DA:70,0
DA:72,0
DA:73,0
DA:74,0
DA:75,0
DA:77,0
DA:78,0
DA:79,0
DA:81,0
DA:83,0
DA:84,0
DA:85,0
DA:87,0
DA:88,0
DA:92,0
DA:93,0
DA:94,0
DA:95,0
DA:96,0
DA:97,0
DA:99,0
DA:110,1
DA:112,0
DA:113,0
DA:116,0
DA:119,1
LF:64
LH:12
BRDA:16,1,0,0
BRDA:16,1,1,0
BRDA:112,2,0,0
BRDA:112,2,1,0
BRF:4
BRH:0
end_of_record
