TN:
SF:/Users/erz/test/pngjs-image/index.js
FN:22,PNGImage
FN:23,(anonymous_2)
FN:55,(anonymous_3)
FN:73,(anonymous_4)
FN:89,(anonymous_5)
FN:104,(anonymous_6)
FN:108,(anonymous_7)
FN:110,(anonymous_8)
FN:113,(anonymous_9)
FN:130,(anonymous_10)
FN:134,(anonymous_11)
FN:136,(anonymous_12)
FN:139,(anonymous_13)
FN:154,(anonymous_14)
FN:166,(anonymous_15)
FN:176,(anonymous_16)
FN:187,(anonymous_17)
FN:197,(anonymous_18)
FN:211,(anonymous_19)
FN:246,(anonymous_20)
FN:268,(anonymous_21)
FN:282,(anonymous_22)
FN:295,(anonymous_23)
FN:327,(anonymous_24)
FN:339,(anonymous_25)
FN:341,(anonymous_26)
FN:343,(anonymous_27)
FN:346,(anonymous_28)
FN:358,(anonymous_29)
FN:365,(anonymous_30)
FN:367,(anonymous_31)
FN:370,(anonymous_32)
FN:385,(anonymous_33)
FNF:33
FNH:23
FNDA:91,PNGImage
FNDA:0,(anonymous_2)
FNDA:8,(anonymous_3)
FNDA:2,(anonymous_4)
FNDA:1,(anonymous_5)
FNDA:1,(anonymous_6)
FNDA:0,(anonymous_7)
FNDA:1,(anonymous_8)
FNDA:0,(anonymous_9)
FNDA:1,(anonymous_10)
FNDA:0,(anonymous_11)
FNDA:0,(anonymous_12)
FNDA:1,(anonymous_13)
FNDA:0,(anonymous_14)
FNDA:14,(anonymous_15)
FNDA:29,(anonymous_16)
FNDA:54,(anonymous_17)
FNDA:22,(anonymous_18)
FNDA:5,(anonymous_19)
FNDA:3,(anonymous_20)
FNDA:11,(anonymous_21)
FNDA:14,(anonymous_22)
FNDA:13,(anonymous_23)
FNDA:32,(anonymous_24)
FNDA:1,(anonymous_25)
FNDA:0,(anonymous_26)
FNDA:1,(anonymous_27)
FNDA:0,(anonymous_28)
FNDA:1,(anonymous_29)
FNDA:0,(anonymous_30)
FNDA:1,(anonymous_31)
FNDA:0,(anonymous_32)
FNDA:6,(anonymous_33)
DA:4,1
DA:22,1
DA:23,91
DA:24,0
DA:26,91
DA:36,1
DA:46,1
DA:55,1
DA:56,8
DA:57,7
DA:59,1
DA:73,1
DA:74,2
DA:78,2
DA:89,1
DA:90,1
DA:91,1
DA:92,1
DA:104,1
DA:105,1
DA:108,1
DA:110,1
DA:111,1
DA:112,1
DA:114,0
DA:115,0
DA:118,1
DA:130,1
DA:131,1
DA:134,1
DA:136,1
DA:137,0
DA:139,1
DA:140,1
DA:141,1
DA:144,1
DA:154,1
DA:158,1
DA:167,14
DA:177,29
DA:188,54
DA:198,22
DA:213,5
DA:215,5
DA:216,5
DA:218,5
DA:219,0
DA:222,5
DA:227,5
DA:228,5
DA:247,3
DA:251,3
DA:252,6
DA:253,14
DA:254,14
DA:270,11
DA:274,11
DA:275,7
DA:276,4
DA:277,1
DA:281,11
DA:282,11
DA:284,14
DA:285,11
DA:287,3
DA:288,2
DA:291,11
DA:294,11
DA:295,11
DA:297,13
DA:299,13
DA:300,0
DA:303,13
DA:304,13
DA:306,13
DA:311,11
DA:312,10
DA:315,11
DA:328,32
DA:341,1
DA:343,1
DA:344,1
DA:345,1
DA:347,0
DA:348,0
DA:360,1
DA:365,1
DA:367,1
DA:368,1
DA:369,1
DA:371,0
DA:372,0
DA:376,1
DA:380,1
DA:381,1
DA:385,1
DA:386,6
DA:389,1
LF:98
LH:88
BRDA:56,1,0,7
BRDA:56,1,1,1
BRDA:108,2,0,1
BRDA:108,2,1,0
BRDA:134,3,0,1
BRDA:134,3,1,0
BRDA:218,4,0,0
BRDA:218,4,1,5
BRDA:218,5,0,5
BRDA:218,5,1,5
BRDA:274,6,0,7
BRDA:274,6,1,4
BRDA:276,7,0,1
BRDA:276,7,1,3
BRDA:276,8,0,4
BRDA:276,8,1,1
BRDA:284,9,0,11
BRDA:284,9,1,3
BRDA:287,10,0,2
BRDA:287,10,1,1
BRDA:299,11,0,0
BRDA:299,11,1,13
BRDA:303,12,0,13
BRDA:303,12,1,0
BRDA:311,13,0,10
BRDA:311,13,1,1
BRDA:341,14,0,1
BRDA:341,14,1,0
BRDA:365,15,0,1
BRDA:365,15,1,0
BRF:30
BRH:23
end_of_record
TN:
SF:/Users/erz/test/pngjs-image/lib/pixel.js
FN:19,(anonymous_1)
FN:31,(anonymous_2)
FN:45,(anonymous_3)
FN:62,(anonymous_4)
FN:82,(anonymous_5)
FN:101,(anonymous_6)
FN:113,(anonymous_7)
FN:125,(anonymous_8)
FN:141,(anonymous_9)
FN:163,(anonymous_10)
FN:175,(anonymous_11)
FN:187,(anonymous_12)
FN:199,(anonymous_13)
FN:211,(anonymous_14)
FN:223,(anonymous_15)
FN:235,(anonymous_16)
FN:247,(anonymous_17)
FN:261,(anonymous_18)
FN:275,(anonymous_19)
FNF:19
FNH:19
FNDA:3,(anonymous_1)
FNDA:2,(anonymous_2)
FNDA:1,(anonymous_3)
FNDA:37,(anonymous_4)
FNDA:2,(anonymous_5)
FNDA:1,(anonymous_6)
FNDA:5,(anonymous_7)
FNDA:1,(anonymous_8)
FNDA:401,(anonymous_9)
FNDA:224,(anonymous_10)
FNDA:98,(anonymous_11)
FNDA:212,(anonymous_12)
FNDA:98,(anonymous_13)
FNDA:212,(anonymous_14)
FNDA:98,(anonymous_15)
FNDA:82,(anonymous_16)
FNDA:98,(anonymous_17)
FNDA:1127,(anonymous_18)
FNDA:395,(anonymous_19)
DA:10,1
DA:20,3
DA:32,2
DA:33,2
DA:46,1
DA:63,37
DA:64,37
DA:65,37
DA:66,37
DA:83,2
DA:84,2
DA:102,1
DA:114,5
DA:126,1
DA:127,1
DA:143,401
DA:146,401
DA:147,387
DA:149,14
DA:150,14
DA:152,14
DA:164,224
DA:176,98
DA:188,212
DA:200,98
DA:212,212
DA:224,98
DA:236,82
DA:248,98
DA:262,1127
DA:276,395
DA:277,395
LF:32
LH:32
BRDA:63,1,0,30
BRDA:63,1,1,7
BRDA:64,2,0,30
BRDA:64,2,1,7
BRDA:65,3,0,30
BRDA:65,3,1,7
BRDA:66,4,0,30
BRDA:66,4,1,7
BRDA:146,5,0,387
BRDA:146,5,1,14
BRF:10
BRH:10
end_of_record
TN:
SF:/Users/erz/test/pngjs-image/lib/conversion.js
FN:20,(anonymous_1)
FN:34,(anonymous_2)
FN:84,(anonymous_3)
FN:98,(anonymous_4)
FN:124,(anonymous_5)
FN:137,(anonymous_6)
FN:149,(anonymous_7)
FN:161,(anonymous_8)
FN:185,(anonymous_9)
FN:197,(anonymous_10)
FN:209,(anonymous_11)
FN:222,(anonymous_12)
FN:238,(anonymous_13)
FN:251,(anonymous_14)
FN:263,(anonymous_15)
FNF:15
FNH:15
FNDA:28,(anonymous_1)
FNDA:138,(anonymous_2)
FNDA:3,(anonymous_3)
FNDA:2,(anonymous_4)
FNDA:1,(anonymous_5)
FNDA:10,(anonymous_6)
FNDA:1,(anonymous_7)
FNDA:14,(anonymous_8)
FNDA:1,(anonymous_9)
FNDA:104,(anonymous_10)
FNDA:1,(anonymous_11)
FNDA:8,(anonymous_12)
FNDA:1,(anonymous_13)
FNDA:68,(anonymous_14)
FNDA:1,(anonymous_15)
DA:10,1
DA:21,28
DA:32,28
DA:34,28
DA:35,138
DA:36,138
DA:39,28
DA:40,28
DA:41,28
DA:42,28
DA:44,28
DA:45,18
DA:46,9
DA:48,18
DA:49,18
DA:50,9
DA:54,28
DA:55,15
DA:57,28
DA:58,28
DA:59,13
DA:62,28
DA:63,23
DA:64,10
DA:66,23
DA:67,23
DA:68,13
DA:72,28
DA:85,3
DA:86,3
DA:99,2
DA:104,2
DA:105,2
DA:106,2
DA:108,2
DA:109,2
DA:110,2
DA:112,2
DA:125,1
DA:126,1
DA:138,10
DA:150,1
DA:151,1
DA:162,14
DA:166,14
DA:167,14
DA:168,14
DA:170,14
DA:171,14
DA:172,14
DA:174,14
DA:186,1
DA:198,104
DA:210,1
DA:211,1
DA:223,8
DA:227,8
DA:239,1
DA:240,1
DA:252,68
DA:264,1
DA:265,1
LF:62
LH:62
BRDA:32,1,0,28
BRDA:32,1,1,14
BRDA:44,2,0,18
BRDA:44,2,1,10
BRDA:45,3,0,9
BRDA:45,3,1,9
BRDA:49,4,0,9
BRDA:49,4,1,9
BRDA:54,5,0,15
BRDA:54,5,1,13
BRDA:58,6,0,13
BRDA:58,6,1,15
BRDA:62,7,0,23
BRDA:62,7,1,5
BRDA:63,8,0,10
BRDA:63,8,1,13
BRDA:67,9,0,13
BRDA:67,9,1,10
BRDA:108,10,0,0
BRDA:108,10,1,2
BRDA:108,11,0,0
BRDA:108,11,1,2
BRDA:109,12,0,2
BRDA:109,12,1,0
BRDA:109,13,0,0
BRDA:109,13,1,0
BRDA:110,14,0,1
BRDA:110,14,1,1
BRDA:110,15,0,0
BRDA:110,15,1,1
BRDA:170,16,0,0
BRDA:170,16,1,14
BRDA:170,17,0,0
BRDA:170,17,1,14
BRDA:171,18,0,0
BRDA:171,18,1,14
BRDA:171,19,0,0
BRDA:171,19,1,14
BRDA:172,20,0,0
BRDA:172,20,1,14
BRDA:172,21,0,0
BRDA:172,21,1,14
BRF:42
BRH:30
end_of_record
TN:
SF:/Users/erz/test/pngjs-image/lib/filters.js
FN:20,generateFilter
FN:31,(anonymous_2)
FNF:2
FNH:2
FNDA:6,generateFilter
FNDA:13,(anonymous_2)
DA:4,1
DA:5,1
DA:6,1
DA:7,1
DA:8,1
DA:9,1
DA:20,1
DA:31,6
DA:33,13
DA:34,1
DA:35,1
DA:36,1
DA:39,12
DA:40,12
DA:45,1
LF:15
LH:15
BRDA:33,1,0,1
BRDA:33,1,1,12
BRF:2
BRH:2
end_of_record
TN:
SF:/Users/erz/test/pngjs-image/lib/filters/blur.js
FN:14,(anonymous_1)
FNF:1
FNH:1
FNDA:4,(anonymous_1)
DA:14,1
DA:16,4
DA:20,4
DA:21,24
DA:23,24
DA:24,24
DA:25,24
DA:26,24
LF:8
LH:8
BRF:0
BRH:0
end_of_record
TN:
SF:/Users/erz/test/pngjs-image/lib/filters/grayScale.js
FN:13,(anonymous_1)
FNF:1
FNH:1
FNDA:1,(anonymous_1)
DA:13,1
DA:15,1
DA:19,1
DA:20,6
DA:22,6
DA:23,6
DA:24,6
DA:25,6
LF:8
LH:8
BRF:0
BRH:0
end_of_record
TN:
SF:/Users/erz/test/pngjs-image/lib/filters/lightness.js
FN:13,(anonymous_1)
FNF:1
FNH:1
FNDA:1,(anonymous_1)
DA:13,1
DA:15,1
DA:19,1
DA:20,6
DA:22,6
DA:23,6
DA:24,6
DA:25,6
LF:8
LH:8
BRF:0
BRH:0
end_of_record
TN:
SF:/Users/erz/test/pngjs-image/lib/filters/luma.js
FN:13,(anonymous_1)
FNF:1
FNH:1
FNDA:1,(anonymous_1)
DA:13,1
DA:15,1
DA:19,1
DA:20,6
DA:22,6
DA:23,6
DA:24,6
DA:25,6
LF:8
LH:8
BRF:0
BRH:0
end_of_record
TN:
SF:/Users/erz/test/pngjs-image/lib/filters/luminosity.js
FN:13,(anonymous_1)
FNF:1
FNH:1
FNDA:4,(anonymous_1)
DA:13,1
DA:15,4
DA:19,4
DA:20,24
DA:22,24
DA:23,24
DA:24,24
DA:25,24
LF:8
LH:8
BRF:0
BRH:0
end_of_record
TN:
SF:/Users/erz/test/pngjs-image/lib/filters/sepia.js
FN:13,(anonymous_1)
FNF:1
FNH:1
FNDA:2,(anonymous_1)
DA:13,1
DA:15,2
DA:19,2
DA:20,12
DA:21,12
DA:22,12
LF:6
LH:6
BRF:0
BRH:0
end_of_record
